<?xml version="1.0" encoding="UTF-8"?>
<coverage generated="1742515952011" clover="3.2.0">
  <project timestamp="1742515952011" name="All files">
    <metrics statements="211" coveredstatements="170" conditionals="143" coveredconditionals="104" methods="48" coveredmethods="36" elements="402" coveredelements="310" complexity="0" loc="211" ncloc="211" packages="1" files="2" classes="2"/>
    <file name="db.js" path="C:\Users\myann\Desktop\cosc4353project\Event_Managment_System\backend\db.js">
      <metrics statements="8" coveredstatements="7" conditionals="2" coveredconditionals="1" methods="1" coveredmethods="1"/>
      <line num="1" count="5" type="stmt"/>
      <line num="3" count="5" type="stmt"/>
      <line num="12" count="5" type="stmt"/>
      <line num="13" count="5" type="cond" truecount="1" falsecount="1"/>
      <line num="14" count="0" type="stmt"/>
      <line num="18" count="5" type="stmt"/>
      <line num="19" count="5" type="stmt"/>
      <line num="24" count="5" type="stmt"/>
    </file>
    <file name="server.js" path="C:\Users\myann\Desktop\cosc4353project\Event_Managment_System\backend\server.js">
      <metrics statements="203" coveredstatements="163" conditionals="141" coveredconditionals="103" methods="47" coveredmethods="35"/>
      <line num="1" count="5" type="stmt"/>
      <line num="2" count="5" type="stmt"/>
      <line num="3" count="5" type="stmt"/>
      <line num="4" count="5" type="stmt"/>
      <line num="5" count="5" type="stmt"/>
      <line num="6" count="5" type="stmt"/>
      <line num="7" count="5" type="stmt"/>
      <line num="8" count="5" type="stmt"/>
      <line num="10" count="5" type="stmt"/>
      <line num="14" count="5" type="stmt"/>
      <line num="15" count="5" type="stmt"/>
      <line num="25" count="5" type="stmt"/>
      <line num="81" count="5" type="stmt"/>
      <line num="82" count="5" type="stmt"/>
      <line num="83" count="12" type="cond" truecount="1" falsecount="1"/>
      <line num="84" count="12" type="stmt"/>
      <line num="85" count="8" type="stmt"/>
      <line num="91" count="5" type="stmt"/>
      <line num="95" count="5" type="stmt"/>
      <line num="96" count="5" type="cond" truecount="4" falsecount="0"/>
      <line num="97" count="1" type="stmt"/>
      <line num="99" count="4" type="stmt"/>
      <line num="104" count="5" type="stmt"/>
      <line num="105" count="4" type="cond" truecount="1" falsecount="0"/>
      <line num="108" count="4" type="stmt"/>
      <line num="109" count="4" type="cond" truecount="1" falsecount="1"/>
      <line num="110" count="0" type="stmt"/>
      <line num="111" count="0" type="stmt"/>
      <line num="115" count="4" type="stmt"/>
      <line num="119" count="4" type="cond" truecount="2" falsecount="0"/>
      <line num="120" count="2" type="cond" truecount="1" falsecount="1"/>
      <line num="121" count="2" type="stmt"/>
      <line num="123" count="0" type="stmt"/>
      <line num="124" count="0" type="stmt"/>
      <line num="127" count="2" type="stmt"/>
      <line num="130" count="2" type="stmt"/>
      <line num="134" count="2" type="cond" truecount="1" falsecount="1"/>
      <line num="135" count="0" type="stmt"/>
      <line num="137" count="0" type="stmt"/>
      <line num="138" count="0" type="stmt"/>
      <line num="140" count="2" type="stmt"/>
      <line num="149" count="5" type="stmt"/>
      <line num="150" count="17" type="stmt"/>
      <line num="152" count="17" type="cond" truecount="2" falsecount="0"/>
      <line num="153" count="1" type="stmt"/>
      <line num="155" count="16" type="cond" truecount="2" falsecount="0"/>
      <line num="156" count="1" type="stmt"/>
      <line num="159" count="15" type="stmt"/>
      <line num="168" count="15" type="cond" truecount="1" falsecount="1"/>
      <line num="169" count="0" type="stmt"/>
      <line num="170" count="0" type="stmt"/>
      <line num="173" count="15" type="cond" truecount="3" falsecount="1"/>
      <line num="174" count="0" type="stmt"/>
      <line num="177" count="15" type="stmt"/>
      <line num="179" count="15" type="stmt"/>
      <line num="180" count="15" type="cond" truecount="1" falsecount="1"/>
      <line num="181" count="0" type="stmt"/>
      <line num="182" count="0" type="stmt"/>
      <line num="185" count="15" type="cond" truecount="2" falsecount="0"/>
      <line num="186" count="1" type="stmt"/>
      <line num="190" count="14" type="stmt"/>
      <line num="205" count="14" type="stmt"/>
      <line num="221" count="5" type="stmt"/>
      <line num="223" count="16" type="stmt"/>
      <line num="224" count="16" type="stmt"/>
      <line num="228" count="5" type="stmt"/>
      <line num="229" count="2" type="stmt"/>
      <line num="231" count="2" type="cond" truecount="2" falsecount="0"/>
      <line num="232" count="1" type="stmt"/>
      <line num="235" count="1" type="stmt"/>
      <line num="237" count="1" type="stmt"/>
      <line num="246" count="1" type="cond" truecount="1" falsecount="1"/>
      <line num="247" count="0" type="stmt"/>
      <line num="248" count="0" type="stmt"/>
      <line num="251" count="1" type="cond" truecount="3" falsecount="1"/>
      <line num="252" count="0" type="stmt"/>
      <line num="255" count="1" type="stmt"/>
      <line num="257" count="1" type="stmt"/>
      <line num="259" count="1" type="stmt"/>
      <line num="269" count="5" type="stmt"/>
      <line num="270" count="3" type="cond" truecount="2" falsecount="0"/>
      <line num="271" count="2" type="stmt"/>
      <line num="273" count="1" type="stmt"/>
      <line num="283" count="5" type="stmt"/>
      <line num="284" count="1" type="stmt"/>
      <line num="288" count="5" type="stmt"/>
      <line num="289" count="0" type="stmt"/>
      <line num="294" count="5" type="stmt"/>
      <line num="295" count="0" type="stmt"/>
      <line num="296" count="0" type="stmt"/>
      <line num="297" count="0" type="stmt"/>
      <line num="300" count="0" type="cond" truecount="0" falsecount="2"/>
      <line num="301" count="0" type="stmt"/>
      <line num="305" count="0" type="stmt"/>
      <line num="310" count="0" type="stmt"/>
      <line num="311" count="0" type="stmt"/>
      <line num="315" count="5" type="stmt"/>
      <line num="316" count="14" type="stmt"/>
      <line num="317" count="4" type="cond" truecount="2" falsecount="0"/>
      <line num="318" count="2" type="stmt"/>
      <line num="321" count="2" type="stmt"/>
      <line num="326" count="5" type="stmt"/>
      <line num="327" count="2" type="stmt"/>
      <line num="328" count="2" type="stmt"/>
      <line num="329" count="5" type="stmt"/>
      <line num="332" count="2" type="cond" truecount="2" falsecount="0"/>
      <line num="333" count="1" type="stmt"/>
      <line num="337" count="1" type="stmt"/>
      <line num="342" count="1" type="stmt"/>
      <line num="343" count="1" type="stmt"/>
      <line num="346" count="5" type="stmt"/>
      <line num="349" count="5" type="stmt"/>
      <line num="350" count="0" type="stmt"/>
      <line num="351" count="0" type="stmt"/>
      <line num="352" count="0" type="stmt"/>
      <line num="356" count="5" type="stmt"/>
      <line num="357" count="5" type="stmt"/>
      <line num="359" count="5" type="stmt"/>
      <line num="360" count="5" type="cond" truecount="9" falsecount="0"/>
      <line num="361" count="1" type="stmt"/>
      <line num="363" count="4" type="stmt"/>
      <line num="375" count="4" type="stmt"/>
      <line num="376" count="4" type="stmt"/>
      <line num="379" count="5" type="stmt"/>
      <line num="380" count="0" type="stmt"/>
      <line num="381" count="0" type="stmt"/>
      <line num="382" count="0" type="stmt"/>
      <line num="385" count="0" type="cond" truecount="0" falsecount="2"/>
      <line num="386" count="0" type="stmt"/>
      <line num="390" count="0" type="stmt"/>
      <line num="395" count="0" type="stmt"/>
      <line num="396" count="0" type="stmt"/>
      <line num="400" count="5" type="stmt"/>
      <line num="402" count="2" type="stmt"/>
      <line num="405" count="5" type="stmt"/>
      <line num="406" count="3" type="stmt"/>
      <line num="410" count="3" type="stmt"/>
      <line num="412" count="3" type="cond" truecount="2" falsecount="0"/>
      <line num="413" count="1" type="stmt"/>
      <line num="416" count="3" type="stmt"/>
      <line num="418" count="2" type="stmt"/>
      <line num="422" count="5" type="stmt"/>
      <line num="423" count="2" type="stmt"/>
      <line num="424" count="2" type="stmt"/>
      <line num="428" count="5" type="stmt"/>
      <line num="429" count="1" type="stmt"/>
      <line num="430" count="1" type="stmt"/>
      <line num="431" count="1" type="stmt"/>
      <line num="433" count="1" type="stmt"/>
      <line num="435" count="1" type="cond" truecount="1" falsecount="1"/>
      <line num="436" count="1" type="stmt"/>
      <line num="439" count="0" type="stmt"/>
      <line num="440" count="0" type="stmt"/>
      <line num="441" count="0" type="cond" truecount="0" falsecount="2"/>
      <line num="442" count="0" type="stmt"/>
      <line num="445" count="0" type="stmt"/>
      <line num="450" count="5" type="stmt"/>
      <line num="451" count="2" type="stmt"/>
      <line num="452" count="2" type="cond" truecount="2" falsecount="0"/>
      <line num="453" count="1" type="stmt"/>
      <line num="461" count="5" type="stmt"/>
      <line num="474" count="2" type="stmt"/>
      <line num="476" count="7" type="stmt"/>
      <line num="484" count="2" type="cond" truecount="1" falsecount="1"/>
      <line num="485" count="2" type="cond" truecount="1" falsecount="1"/>
      <line num="486" count="2" type="cond" truecount="3" falsecount="1"/>
      <line num="487" count="2" type="cond" truecount="1" falsecount="3"/>
      <line num="488" count="2" type="cond" truecount="1" falsecount="3"/>
      <line num="489" count="2" type="cond" truecount="1" falsecount="3"/>
      <line num="490" count="2" type="cond" truecount="1" falsecount="3"/>
      <line num="491" count="2" type="cond" truecount="3" falsecount="1"/>
      <line num="492" count="2" type="cond" truecount="3" falsecount="1"/>
      <line num="495" count="2" type="stmt"/>
      <line num="510" count="2" type="stmt"/>
      <line num="515" count="5" type="stmt"/>
      <line num="516" count="11" type="stmt"/>
      <line num="518" count="36" type="stmt"/>
      <line num="519" count="11" type="cond" truecount="2" falsecount="0"/>
      <line num="520" count="2" type="stmt"/>
      <line num="523" count="9" type="stmt"/>
      <line num="525" count="9" type="cond" truecount="2" falsecount="0"/>
      <line num="526" count="8" type="cond" truecount="2" falsecount="0"/>
      <line num="527" count="7" type="cond" truecount="2" falsecount="0"/>
      <line num="528" count="6" type="cond" truecount="2" falsecount="0"/>
      <line num="529" count="5" type="cond" truecount="2" falsecount="0"/>
      <line num="530" count="4" type="cond" truecount="2" falsecount="0"/>
      <line num="533" count="3" type="stmt"/>
      <line num="547" count="3" type="stmt"/>
      <line num="551" count="5" type="stmt"/>
      <line num="552" count="8" type="stmt"/>
      <line num="553" count="8" type="stmt"/>
      <line num="554" count="28" type="stmt"/>
      <line num="556" count="8" type="cond" truecount="2" falsecount="0"/>
      <line num="557" count="1" type="stmt"/>
      <line num="560" count="7" type="cond" truecount="5" falsecount="0"/>
      <line num="561" count="4" type="stmt"/>
      <line num="564" count="3" type="stmt"/>
      <line num="565" count="3" type="stmt"/>
      <line num="568" count="5" type="stmt"/>
      <line num="569" count="2" type="cond" truecount="2" falsecount="0"/>
      <line num="570" count="1" type="stmt"/>
      <line num="572" count="1" type="stmt"/>
      <line num="581" count="5" type="stmt"/>
    </file>
  </project>
</coverage>
