<?xml version="1.0" encoding="UTF-8"?>
<coverage generated="1742633016731" clover="3.2.0">
  <project timestamp="1742633016731" name="All files">
    <metrics statements="295" coveredstatements="55" conditionals="178" coveredconditionals="4" methods="82" coveredmethods="4" elements="555" coveredelements="63" complexity="0" loc="295" ncloc="295" packages="1" files="2" classes="2"/>
    <file name="db.js" path="C:\Users\myann\Desktop\cosc4353project\Event_Managment_System\backend\db.js">
      <metrics statements="8" coveredstatements="7" conditionals="2" coveredconditionals="1" methods="1" coveredmethods="1"/>
      <line num="1" count="1" type="stmt"/>
      <line num="3" count="1" type="stmt"/>
      <line num="12" count="1" type="stmt"/>
      <line num="13" count="1" type="cond" truecount="1" falsecount="1"/>
      <line num="14" count="0" type="stmt"/>
      <line num="18" count="1" type="stmt"/>
      <line num="19" count="1" type="stmt"/>
      <line num="24" count="1" type="stmt"/>
    </file>
    <file name="server.js" path="C:\Users\myann\Desktop\cosc4353project\Event_Managment_System\backend\server.js">
      <metrics statements="287" coveredstatements="48" conditionals="176" coveredconditionals="3" methods="81" coveredmethods="3"/>
      <line num="1" count="1" type="stmt"/>
      <line num="2" count="1" type="stmt"/>
      <line num="3" count="1" type="stmt"/>
      <line num="4" count="1" type="stmt"/>
      <line num="5" count="1" type="stmt"/>
      <line num="6" count="1" type="stmt"/>
      <line num="8" count="1" type="stmt"/>
      <line num="9" count="1" type="stmt"/>
      <line num="11" count="1" type="stmt"/>
      <line num="15" count="1" type="stmt"/>
      <line num="16" count="1" type="stmt"/>
      <line num="26" count="1" type="stmt"/>
      <line num="27" count="1" type="stmt"/>
      <line num="30" count="0" type="stmt"/>
      <line num="31" count="0" type="stmt"/>
      <line num="32" count="0" type="stmt"/>
      <line num="33" count="0" type="cond" truecount="0" falsecount="2"/>
      <line num="34" count="0" type="stmt"/>
      <line num="38" count="0" type="stmt"/>
      <line num="39" count="0" type="stmt"/>
      <line num="42" count="0" type="stmt"/>
      <line num="47" count="0" type="stmt"/>
      <line num="48" count="0" type="stmt"/>
      <line num="49" count="0" type="stmt"/>
      <line num="50" count="0" type="cond" truecount="0" falsecount="2"/>
      <line num="51" count="0" type="stmt"/>
      <line num="55" count="0" type="stmt"/>
      <line num="57" count="0" type="stmt"/>
      <line num="58" count="0" type="stmt"/>
      <line num="59" count="0" type="stmt"/>
      <line num="60" count="0" type="cond" truecount="0" falsecount="2"/>
      <line num="61" count="0" type="stmt"/>
      <line num="65" count="0" type="stmt"/>
      <line num="71" count="0" type="stmt"/>
      <line num="74" count="0" type="stmt"/>
      <line num="81" count="1" type="stmt"/>
      <line num="82" count="0" type="stmt"/>
      <line num="83" count="0" type="cond" truecount="0" falsecount="2"/>
      <line num="84" count="0" type="stmt"/>
      <line num="85" count="0" type="stmt"/>
      <line num="92" count="1" type="stmt"/>
      <line num="93" count="0" type="cond" truecount="0" falsecount="4"/>
      <line num="94" count="0" type="stmt"/>
      <line num="96" count="0" type="stmt"/>
      <line num="101" count="1" type="stmt"/>
      <line num="102" count="0" type="cond" truecount="0" falsecount="1"/>
      <line num="105" count="0" type="stmt"/>
      <line num="106" count="0" type="cond" truecount="0" falsecount="2"/>
      <line num="107" count="0" type="stmt"/>
      <line num="108" count="0" type="stmt"/>
      <line num="112" count="0" type="stmt"/>
      <line num="116" count="0" type="cond" truecount="0" falsecount="2"/>
      <line num="117" count="0" type="cond" truecount="0" falsecount="2"/>
      <line num="118" count="0" type="stmt"/>
      <line num="120" count="0" type="stmt"/>
      <line num="121" count="0" type="stmt"/>
      <line num="124" count="0" type="stmt"/>
      <line num="127" count="0" type="stmt"/>
      <line num="131" count="0" type="cond" truecount="0" falsecount="2"/>
      <line num="132" count="0" type="stmt"/>
      <line num="134" count="0" type="stmt"/>
      <line num="135" count="0" type="stmt"/>
      <line num="138" count="0" type="stmt"/>
      <line num="152" count="0" type="stmt"/>
      <line num="169" count="1" type="stmt"/>
      <line num="170" count="0" type="stmt"/>
      <line num="171" count="0" type="stmt"/>
      <line num="173" count="0" type="cond" truecount="0" falsecount="2"/>
      <line num="174" count="0" type="stmt"/>
      <line num="176" count="0" type="cond" truecount="0" falsecount="2"/>
      <line num="177" count="0" type="stmt"/>
      <line num="180" count="0" type="stmt"/>
      <line num="189" count="0" type="cond" truecount="0" falsecount="2"/>
      <line num="190" count="0" type="stmt"/>
      <line num="191" count="0" type="stmt"/>
      <line num="194" count="0" type="cond" truecount="0" falsecount="4"/>
      <line num="195" count="0" type="stmt"/>
      <line num="197" count="0" type="stmt"/>
      <line num="199" count="0" type="stmt"/>
      <line num="200" count="0" type="cond" truecount="0" falsecount="2"/>
      <line num="201" count="0" type="stmt"/>
      <line num="202" count="0" type="stmt"/>
      <line num="205" count="0" type="cond" truecount="0" falsecount="2"/>
      <line num="206" count="0" type="stmt"/>
      <line num="210" count="0" type="stmt"/>
      <line num="224" count="0" type="stmt"/>
      <line num="240" count="1" type="stmt"/>
      <line num="242" count="0" type="stmt"/>
      <line num="243" count="0" type="stmt"/>
      <line num="247" count="1" type="stmt"/>
      <line num="248" count="0" type="stmt"/>
      <line num="251" count="0" type="cond" truecount="0" falsecount="4"/>
      <line num="252" count="0" type="stmt"/>
      <line num="256" count="0" type="stmt"/>
      <line num="265" count="1" type="stmt"/>
      <line num="266" count="0" type="cond" truecount="0" falsecount="2"/>
      <line num="267" count="0" type="stmt"/>
      <line num="269" count="0" type="stmt"/>
      <line num="279" count="1" type="stmt"/>
      <line num="280" count="0" type="stmt"/>
      <line num="284" count="1" type="stmt"/>
      <line num="285" count="0" type="stmt"/>
      <line num="286" count="0" type="stmt"/>
      <line num="289" count="1" type="stmt"/>
      <line num="290" count="0" type="stmt"/>
      <line num="291" count="0" type="cond" truecount="0" falsecount="9"/>
      <line num="292" count="0" type="stmt"/>
      <line num="295" count="0" type="stmt"/>
      <line num="297" count="0" type="cond" truecount="0" falsecount="2"/>
      <line num="299" count="0" type="stmt"/>
      <line num="300" count="0" type="stmt"/>
      <line num="301" count="0" type="stmt"/>
      <line num="302" count="0" type="stmt"/>
      <line num="303" count="0" type="cond" truecount="0" falsecount="2"/>
      <line num="305" count="0" type="stmt"/>
      <line num="310" count="0" type="stmt"/>
      <line num="322" count="0" type="stmt"/>
      <line num="323" count="0" type="stmt"/>
      <line num="330" count="1" type="stmt"/>
      <line num="331" count="0" type="stmt"/>
      <line num="332" count="0" type="stmt"/>
      <line num="333" count="0" type="stmt"/>
      <line num="336" count="0" type="cond" truecount="0" falsecount="2"/>
      <line num="337" count="0" type="stmt"/>
      <line num="341" count="0" type="stmt"/>
      <line num="346" count="0" type="stmt"/>
      <line num="347" count="0" type="stmt"/>
      <line num="351" count="1" type="stmt"/>
      <line num="352" count="0" type="stmt"/>
      <line num="353" count="0" type="cond" truecount="0" falsecount="2"/>
      <line num="354" count="0" type="stmt"/>
      <line num="356" count="0" type="cond" truecount="0" falsecount="2"/>
      <line num="357" count="0" type="stmt"/>
      <line num="360" count="0" type="stmt"/>
      <line num="365" count="1" type="stmt"/>
      <line num="366" count="0" type="cond" truecount="0" falsecount="2"/>
      <line num="367" count="0" type="cond" truecount="0" falsecount="2"/>
      <line num="368" count="0" type="stmt"/>
      <line num="370" count="0" type="stmt"/>
      <line num="375" count="1" type="stmt"/>
      <line num="376" count="0" type="stmt"/>
      <line num="378" count="0" type="stmt"/>
      <line num="379" count="0" type="stmt"/>
      <line num="384" count="1" type="stmt"/>
      <line num="385" count="0" type="stmt"/>
      <line num="386" count="0" type="stmt"/>
      <line num="387" count="0" type="stmt"/>
      <line num="391" count="1" type="stmt"/>
      <line num="392" count="0" type="stmt"/>
      <line num="393" count="0" type="stmt"/>
      <line num="394" count="0" type="stmt"/>
      <line num="397" count="0" type="cond" truecount="0" falsecount="2"/>
      <line num="398" count="0" type="stmt"/>
      <line num="402" count="0" type="stmt"/>
      <line num="407" count="0" type="stmt"/>
      <line num="408" count="0" type="stmt"/>
      <line num="412" count="1" type="stmt"/>
      <line num="413" count="0" type="stmt"/>
      <line num="414" count="0" type="stmt"/>
      <line num="416" count="0" type="stmt"/>
      <line num="418" count="0" type="stmt"/>
      <line num="419" count="0" type="stmt"/>
      <line num="423" count="1" type="stmt"/>
      <line num="424" count="0" type="stmt"/>
      <line num="425" count="0" type="stmt"/>
      <line num="430" count="0" type="stmt"/>
      <line num="431" count="0" type="stmt"/>
      <line num="435" count="1" type="stmt"/>
      <line num="436" count="0" type="stmt"/>
      <line num="437" count="0" type="stmt"/>
      <line num="441" count="1" type="stmt"/>
      <line num="442" count="0" type="stmt"/>
      <line num="443" count="0" type="stmt"/>
      <line num="445" count="0" type="cond" truecount="0" falsecount="2"/>
      <line num="446" count="0" type="stmt"/>
      <line num="449" count="0" type="stmt"/>
      <line num="450" count="0" type="stmt"/>
      <line num="451" count="0" type="cond" truecount="0" falsecount="2"/>
      <line num="452" count="0" type="stmt"/>
      <line num="455" count="0" type="stmt"/>
      <line num="460" count="1" type="stmt"/>
      <line num="461" count="0" type="stmt"/>
      <line num="462" count="0" type="cond" truecount="0" falsecount="2"/>
      <line num="465" count="0" type="stmt"/>
      <line num="466" count="0" type="stmt"/>
      <line num="467" count="0" type="cond" truecount="0" falsecount="2"/>
      <line num="469" count="0" type="stmt"/>
      <line num="474" count="0" type="stmt"/>
      <line num="475" count="0" type="stmt"/>
      <line num="476" count="0" type="cond" truecount="0" falsecount="2"/>
      <line num="478" count="0" type="stmt"/>
      <line num="483" count="0" type="stmt"/>
      <line num="484" count="0" type="stmt"/>
      <line num="485" count="0" type="cond" truecount="0" falsecount="2"/>
      <line num="487" count="0" type="stmt"/>
      <line num="493" count="0" type="stmt"/>
      <line num="495" count="0" type="stmt"/>
      <line num="496" count="0" type="stmt"/>
      <line num="498" count="0" type="stmt"/>
      <line num="500" count="0" type="stmt"/>
      <line num="501" count="0" type="stmt"/>
      <line num="504" count="0" type="stmt"/>
      <line num="507" count="0" type="stmt"/>
      <line num="508" count="0" type="stmt"/>
      <line num="518" count="1" type="stmt"/>
      <line num="531" count="0" type="stmt"/>
      <line num="534" count="0" type="stmt"/>
      <line num="536" count="0" type="cond" truecount="0" falsecount="2"/>
      <line num="538" count="0" type="stmt"/>
      <line num="543" count="0" type="stmt"/>
      <line num="544" count="0" type="cond" truecount="0" falsecount="2"/>
      <line num="546" count="0" type="stmt"/>
      <line num="550" count="0" type="stmt"/>
      <line num="551" count="0" type="stmt"/>
      <line num="552" count="0" type="cond" truecount="0" falsecount="2"/>
      <line num="554" count="0" type="stmt"/>
      <line num="559" count="0" type="stmt"/>
      <line num="560" count="0" type="cond" truecount="0" falsecount="2"/>
      <line num="562" count="0" type="stmt"/>
      <line num="566" count="0" type="stmt"/>
      <line num="567" count="0" type="stmt"/>
      <line num="568" count="0" type="cond" truecount="0" falsecount="2"/>
      <line num="570" count="0" type="stmt"/>
      <line num="575" count="0" type="stmt"/>
      <line num="583" count="0" type="cond" truecount="0" falsecount="2"/>
      <line num="584" count="0" type="cond" truecount="0" falsecount="2"/>
      <line num="585" count="0" type="cond" truecount="0" falsecount="4"/>
      <line num="586" count="0" type="cond" truecount="0" falsecount="4"/>
      <line num="587" count="0" type="cond" truecount="0" falsecount="4"/>
      <line num="588" count="0" type="cond" truecount="0" falsecount="4"/>
      <line num="589" count="0" type="cond" truecount="0" falsecount="4"/>
      <line num="590" count="0" type="cond" truecount="0" falsecount="4"/>
      <line num="591" count="0" type="cond" truecount="0" falsecount="4"/>
      <line num="594" count="0" type="stmt"/>
      <line num="609" count="0" type="stmt"/>
      <line num="612" count="1" type="stmt"/>
      <line num="613" count="1" type="stmt"/>
      <line num="616" count="1" type="stmt"/>
      <line num="624" count="1" type="cond" truecount="1" falsecount="1"/>
      <line num="625" count="0" type="stmt"/>
      <line num="627" count="1" type="stmt"/>
      <line num="632" count="1" type="stmt"/>
      <line num="633" count="3" type="stmt"/>
      <line num="634" count="3" type="stmt"/>
      <line num="635" count="3" type="stmt"/>
      <line num="637" count="3" type="cond" truecount="0" falsecount="2"/>
      <line num="638" count="0" type="cond" truecount="0" falsecount="2"/>
      <line num="639" count="0" type="cond" truecount="0" falsecount="2"/>
      <line num="640" count="0" type="cond" truecount="0" falsecount="2"/>
      <line num="641" count="0" type="cond" truecount="0" falsecount="2"/>
      <line num="642" count="0" type="cond" truecount="0" falsecount="2"/>
      <line num="644" count="0" type="cond" truecount="0" falsecount="2"/>
      <line num="645" count="0" type="stmt"/>
      <line num="649" count="0" type="stmt"/>
      <line num="650" count="0" type="cond" truecount="0" falsecount="2"/>
      <line num="651" count="0" type="stmt"/>
      <line num="653" count="0" type="cond" truecount="0" falsecount="2"/>
      <line num="654" count="0" type="stmt"/>
      <line num="658" count="0" type="stmt"/>
      <line num="662" count="0" type="cond" truecount="0" falsecount="2"/>
      <line num="663" count="0" type="stmt"/>
      <line num="665" count="0" type="stmt"/>
      <line num="672" count="1" type="stmt"/>
      <line num="673" count="0" type="stmt"/>
      <line num="674" count="0" type="stmt"/>
      <line num="677" count="0" type="stmt"/>
      <line num="678" count="0" type="cond" truecount="0" falsecount="2"/>
      <line num="679" count="0" type="stmt"/>
      <line num="681" count="0" type="cond" truecount="0" falsecount="2"/>
      <line num="682" count="0" type="stmt"/>
      <line num="686" count="0" type="stmt"/>
      <line num="690" count="0" type="cond" truecount="0" falsecount="2"/>
      <line num="691" count="0" type="stmt"/>
      <line num="693" count="0" type="cond" truecount="0" falsecount="2"/>
      <line num="694" count="0" type="stmt"/>
      <line num="698" count="0" type="stmt"/>
      <line num="702" count="0" type="cond" truecount="0" falsecount="2"/>
      <line num="703" count="0" type="stmt"/>
      <line num="705" count="0" type="stmt"/>
      <line num="713" count="1" type="stmt"/>
      <line num="714" count="0" type="cond" truecount="0" falsecount="2"/>
      <line num="715" count="0" type="stmt"/>
      <line num="717" count="0" type="stmt"/>
      <line num="722" count="0" type="stmt"/>
      <line num="723" count="0" type="stmt"/>
      <line num="724" count="0" type="stmt"/>
      <line num="734" count="1" type="stmt"/>
    </file>
  </project>
</coverage>
