{"C:\\Users\\myann\\Desktop\\cosc4353project\\Event_Managment_System\\backend\\server.js": {"path":"C:\\Users\\myann\\Desktop\\cosc4353project\\Event_Managment_System\\backend\\server.js","statementMap":{"0":{"start":{"line":1,"column":16},"end":{"line":1,"column":34}},"1":{"start":{"line":2,"column":16},"end":{"line":2,"column":42}},"2":{"start":{"line":3,"column":13},"end":{"line":3,"column":28}},"3":{"start":{"line":4,"column":15},"end":{"line":4,"column":32}},"4":{"start":{"line":5,"column":0},"end":{"line":5,"column":27}},"5":{"start":{"line":7,"column":12},"end":{"line":7,"column":21}},"6":{"start":{"line":8,"column":13},"end":{"line":8,"column":17}},"7":{"start":{"line":10,"column":0},"end":{"line":13,"column":4}},"8":{"start":{"line":14,"column":0},"end":{"line":14,"column":24}},"9":{"start":{"line":15,"column":0},"end":{"line":22,"column":2}},"10":{"start":{"line":25,"column":14},"end":{"line":68,"column":1}},"11":{"start":{"line":80,"column":0},"end":{"line":80,"column":16}},"12":{"start":{"line":82,"column":20},"end":{"line":87,"column":1}},"13":{"start":{"line":83,"column":2},"end":{"line":85,"column":3}},"14":{"start":{"line":84,"column":4},"end":{"line":84,"column":76}},"15":{"start":{"line":86,"column":2},"end":{"line":86,"column":9}},"16":{"start":{"line":91,"column":0},"end":{"line":105,"column":3}},"17":{"start":{"line":92,"column":4},"end":{"line":104,"column":5}},"18":{"start":{"line":93,"column":79},"end":{"line":93,"column":87}},"19":{"start":{"line":94,"column":8},"end":{"line":94,"column":120}},"20":{"start":{"line":94,"column":31},"end":{"line":94,"column":51}},"21":{"start":{"line":94,"column":54},"end":{"line":94,"column":120}},"22":{"start":{"line":95,"column":31},"end":{"line":95,"column":62}},"23":{"start":{"line":96,"column":24},"end":{"line":96,"column":105}},"24":{"start":{"line":97,"column":8},"end":{"line":97,"column":28}},"25":{"start":{"line":98,"column":8},"end":{"line":98,"column":69}},"26":{"start":{"line":107,"column":0},"end":{"line":150,"column":3}},"27":{"start":{"line":108,"column":30},"end":{"line":108,"column":38}},"28":{"start":{"line":111,"column":2},"end":{"line":113,"column":3}},"29":{"start":{"line":112,"column":4},"end":{"line":112,"column":69}},"30":{"start":{"line":115,"column":2},"end":{"line":117,"column":3}},"31":{"start":{"line":116,"column":4},"end":{"line":116,"column":66}},"32":{"start":{"line":119,"column":15},"end":{"line":119,"column":51}},"33":{"start":{"line":119,"column":33},"end":{"line":119,"column":50}},"34":{"start":{"line":122,"column":2},"end":{"line":149,"column":3}},"35":{"start":{"line":123,"column":28},"end":{"line":123,"column":73}},"36":{"start":{"line":125,"column":4},"end":{"line":127,"column":5}},"37":{"start":{"line":126,"column":6},"end":{"line":126,"column":70}},"38":{"start":{"line":130,"column":4},"end":{"line":143,"column":6}},"39":{"start":{"line":145,"column":4},"end":{"line":145,"column":70}},"40":{"start":{"line":147,"column":4},"end":{"line":147,"column":62}},"41":{"start":{"line":148,"column":4},"end":{"line":148,"column":63}},"42":{"start":{"line":154,"column":0},"end":{"line":164,"column":3}},"43":{"start":{"line":155,"column":2},"end":{"line":163,"column":5}},"44":{"start":{"line":156,"column":4},"end":{"line":159,"column":5}},"45":{"start":{"line":157,"column":6},"end":{"line":157,"column":54}},"46":{"start":{"line":158,"column":6},"end":{"line":158,"column":64}},"47":{"start":{"line":160,"column":4},"end":{"line":160,"column":35}},"48":{"start":{"line":161,"column":4},"end":{"line":161,"column":47}},"49":{"start":{"line":166,"column":0},"end":{"line":177,"column":3}},"50":{"start":{"line":167,"column":15},"end":{"line":167,"column":31}},"51":{"start":{"line":168,"column":2},"end":{"line":170,"column":3}},"52":{"start":{"line":169,"column":4},"end":{"line":169,"column":75}},"53":{"start":{"line":171,"column":2},"end":{"line":176,"column":5}},"54":{"start":{"line":179,"column":0},"end":{"line":185,"column":3}},"55":{"start":{"line":180,"column":2},"end":{"line":184,"column":3}},"56":{"start":{"line":181,"column":6},"end":{"line":181,"column":50}},"57":{"start":{"line":183,"column":6},"end":{"line":183,"column":61}},"58":{"start":{"line":193,"column":0},"end":{"line":195,"column":3}},"59":{"start":{"line":194,"column":4},"end":{"line":194,"column":48}},"60":{"start":{"line":197,"column":13},"end":{"line":197,"column":15}},"61":{"start":{"line":200,"column":24},"end":{"line":205,"column":1}},"62":{"start":{"line":201,"column":23},"end":{"line":201,"column":70}},"63":{"start":{"line":201,"column":44},"end":{"line":201,"column":69}},"64":{"start":{"line":202,"column":4},"end":{"line":204,"column":6}},"65":{"start":{"line":203,"column":8},"end":{"line":203,"column":78}},"66":{"start":{"line":203,"column":41},"end":{"line":203,"column":77}},"67":{"start":{"line":208,"column":0},"end":{"line":223,"column":3}},"68":{"start":{"line":209,"column":83},"end":{"line":209,"column":91}},"69":{"start":{"line":210,"column":21},"end":{"line":220,"column":5}},"70":{"start":{"line":221,"column":4},"end":{"line":221,"column":26}},"71":{"start":{"line":222,"column":4},"end":{"line":222,"column":35}},"72":{"start":{"line":226,"column":0},"end":{"line":229,"column":3}},"73":{"start":{"line":228,"column":4},"end":{"line":228,"column":21}},"74":{"start":{"line":231,"column":0},"end":{"line":247,"column":3}},"75":{"start":{"line":232,"column":20},"end":{"line":232,"column":47}},"76":{"start":{"line":235,"column":23},"end":{"line":235,"column":70}},"77":{"start":{"line":235,"column":49},"end":{"line":235,"column":69}},"78":{"start":{"line":237,"column":4},"end":{"line":239,"column":5}},"79":{"start":{"line":238,"column":6},"end":{"line":238,"column":67}},"80":{"start":{"line":241,"column":4},"end":{"line":241,"column":33}},"81":{"start":{"line":246,"column":4},"end":{"line":246,"column":69}},"82":{"start":{"line":250,"column":0},"end":{"line":253,"column":3}},"83":{"start":{"line":251,"column":23},"end":{"line":251,"column":70}},"84":{"start":{"line":251,"column":44},"end":{"line":251,"column":69}},"85":{"start":{"line":252,"column":4},"end":{"line":252,"column":25}},"86":{"start":{"line":256,"column":0},"end":{"line":266,"column":3}},"87":{"start":{"line":257,"column":20},"end":{"line":257,"column":52}},"88":{"start":{"line":258,"column":18},"end":{"line":258,"column":54}},"89":{"start":{"line":258,"column":37},"end":{"line":258,"column":53}},"90":{"start":{"line":260,"column":4},"end":{"line":262,"column":5}},"91":{"start":{"line":261,"column":8},"end":{"line":261,"column":69}},"92":{"start":{"line":264,"column":30},"end":{"line":264,"column":52}},"93":{"start":{"line":265,"column":4},"end":{"line":265,"column":32}},"94":{"start":{"line":270,"column":0},"end":{"line":277,"column":3}},"95":{"start":{"line":271,"column":15},"end":{"line":271,"column":72}},"96":{"start":{"line":271,"column":36},"end":{"line":271,"column":71}},"97":{"start":{"line":272,"column":2},"end":{"line":276,"column":3}},"98":{"start":{"line":273,"column":4},"end":{"line":273,"column":19}},"99":{"start":{"line":275,"column":4},"end":{"line":275,"column":56}},"100":{"start":{"line":280,"column":0},"end":{"line":327,"column":3}},"101":{"start":{"line":281,"column":17},"end":{"line":281,"column":62}},"102":{"start":{"line":292,"column":6},"end":{"line":292,"column":14}},"103":{"start":{"line":294,"column":15},"end":{"line":294,"column":55}},"104":{"start":{"line":294,"column":36},"end":{"line":294,"column":54}},"105":{"start":{"line":295,"column":2},"end":{"line":297,"column":3}},"106":{"start":{"line":296,"column":4},"end":{"line":296,"column":63}},"107":{"start":{"line":300,"column":2},"end":{"line":300,"column":68}},"108":{"start":{"line":301,"column":2},"end":{"line":301,"column":68}},"109":{"start":{"line":302,"column":2},"end":{"line":302,"column":74}},"110":{"start":{"line":303,"column":2},"end":{"line":303,"column":58}},"111":{"start":{"line":304,"column":2},"end":{"line":304,"column":62}},"112":{"start":{"line":305,"column":2},"end":{"line":305,"column":62}},"113":{"start":{"line":306,"column":2},"end":{"line":306,"column":66}},"114":{"start":{"line":307,"column":2},"end":{"line":307,"column":86}},"115":{"start":{"line":308,"column":2},"end":{"line":308,"column":90}},"116":{"start":{"line":311,"column":2},"end":{"line":324,"column":4}},"117":{"start":{"line":326,"column":2},"end":{"line":326,"column":82}},"118":{"start":{"line":331,"column":0},"end":{"line":370,"column":3}},"119":{"start":{"line":332,"column":17},"end":{"line":332,"column":40}},"120":{"start":{"line":336,"column":105},"end":{"line":336,"column":113}},"121":{"start":{"line":338,"column":2},"end":{"line":338,"column":83}},"122":{"start":{"line":338,"column":17},"end":{"line":338,"column":83}},"123":{"start":{"line":339,"column":2},"end":{"line":339,"column":81}},"124":{"start":{"line":339,"column":17},"end":{"line":339,"column":81}},"125":{"start":{"line":340,"column":2},"end":{"line":340,"column":74}},"126":{"start":{"line":340,"column":13},"end":{"line":340,"column":74}},"127":{"start":{"line":341,"column":2},"end":{"line":341,"column":76}},"128":{"start":{"line":341,"column":14},"end":{"line":341,"column":76}},"129":{"start":{"line":342,"column":2},"end":{"line":342,"column":80}},"130":{"start":{"line":342,"column":16},"end":{"line":342,"column":80}},"131":{"start":{"line":343,"column":2},"end":{"line":343,"column":79}},"132":{"start":{"line":343,"column":15},"end":{"line":343,"column":79}},"133":{"start":{"line":345,"column":15},"end":{"line":345,"column":49}},"134":{"start":{"line":345,"column":33},"end":{"line":345,"column":48}},"135":{"start":{"line":347,"column":2},"end":{"line":349,"column":3}},"136":{"start":{"line":348,"column":4},"end":{"line":348,"column":63}},"137":{"start":{"line":351,"column":2},"end":{"line":353,"column":3}},"138":{"start":{"line":352,"column":4},"end":{"line":352,"column":31}},"139":{"start":{"line":355,"column":2},"end":{"line":367,"column":5}},"140":{"start":{"line":369,"column":2},"end":{"line":369,"column":107}},"141":{"start":{"line":373,"column":0},"end":{"line":388,"column":3}},"142":{"start":{"line":374,"column":17},"end":{"line":374,"column":40}},"143":{"start":{"line":375,"column":21},"end":{"line":375,"column":52}},"144":{"start":{"line":376,"column":15},"end":{"line":376,"column":49}},"145":{"start":{"line":376,"column":33},"end":{"line":376,"column":48}},"146":{"start":{"line":378,"column":2},"end":{"line":380,"column":3}},"147":{"start":{"line":379,"column":6},"end":{"line":379,"column":65}},"148":{"start":{"line":382,"column":2},"end":{"line":384,"column":3}},"149":{"start":{"line":383,"column":6},"end":{"line":383,"column":70}},"150":{"start":{"line":386,"column":2},"end":{"line":386,"column":46}},"151":{"start":{"line":387,"column":2},"end":{"line":387,"column":105}},"152":{"start":{"line":390,"column":0},"end":{"line":395,"column":3}},"153":{"start":{"line":391,"column":2},"end":{"line":393,"column":3}},"154":{"start":{"line":392,"column":4},"end":{"line":392,"column":64}},"155":{"start":{"line":394,"column":2},"end":{"line":394,"column":39}},"156":{"start":{"line":398,"column":0},"end":{"line":400,"column":1}},"157":{"start":{"line":399,"column":2},"end":{"line":399,"column":84}},"158":{"start":{"line":399,"column":25},"end":{"line":399,"column":82}},"159":{"start":{"line":402,"column":0},"end":{"line":402,"column":40}}},"fnMap":{"0":{"name":"(anonymous_0)","decl":{"start":{"line":82,"column":20},"end":{"line":82,"column":21}},"loc":{"start":{"line":82,"column":40},"end":{"line":87,"column":1}},"line":82},"1":{"name":"(anonymous_1)","decl":{"start":{"line":91,"column":26},"end":{"line":91,"column":27}},"loc":{"start":{"line":91,"column":46},"end":{"line":105,"column":1}},"line":91},"2":{"name":"(anonymous_2)","decl":{"start":{"line":94,"column":23},"end":{"line":94,"column":24}},"loc":{"start":{"line":94,"column":31},"end":{"line":94,"column":51}},"line":94},"3":{"name":"(anonymous_3)","decl":{"start":{"line":107,"column":23},"end":{"line":107,"column":24}},"loc":{"start":{"line":107,"column":43},"end":{"line":150,"column":1}},"line":107},"4":{"name":"(anonymous_4)","decl":{"start":{"line":119,"column":26},"end":{"line":119,"column":27}},"loc":{"start":{"line":119,"column":33},"end":{"line":119,"column":50}},"line":119},"5":{"name":"(anonymous_5)","decl":{"start":{"line":154,"column":24},"end":{"line":154,"column":25}},"loc":{"start":{"line":154,"column":38},"end":{"line":164,"column":1}},"line":154},"6":{"name":"(anonymous_6)","decl":{"start":{"line":155,"column":22},"end":{"line":155,"column":23}},"loc":{"start":{"line":155,"column":31},"end":{"line":163,"column":3}},"line":155},"7":{"name":"(anonymous_7)","decl":{"start":{"line":166,"column":43},"end":{"line":166,"column":44}},"loc":{"start":{"line":166,"column":57},"end":{"line":177,"column":1}},"line":166},"8":{"name":"(anonymous_8)","decl":{"start":{"line":179,"column":24},"end":{"line":179,"column":25}},"loc":{"start":{"line":179,"column":38},"end":{"line":185,"column":1}},"line":179},"9":{"name":"(anonymous_9)","decl":{"start":{"line":193,"column":21},"end":{"line":193,"column":22}},"loc":{"start":{"line":193,"column":35},"end":{"line":195,"column":1}},"line":193},"10":{"name":"(anonymous_10)","decl":{"start":{"line":200,"column":24},"end":{"line":200,"column":25}},"loc":{"start":{"line":200,"column":35},"end":{"line":205,"column":1}},"line":200},"11":{"name":"(anonymous_11)","decl":{"start":{"line":201,"column":36},"end":{"line":201,"column":37}},"loc":{"start":{"line":201,"column":44},"end":{"line":201,"column":69}},"line":201},"12":{"name":"(anonymous_12)","decl":{"start":{"line":202,"column":29},"end":{"line":202,"column":30}},"loc":{"start":{"line":203,"column":8},"end":{"line":203,"column":78}},"line":203},"13":{"name":"(anonymous_13)","decl":{"start":{"line":203,"column":30},"end":{"line":203,"column":31}},"loc":{"start":{"line":203,"column":41},"end":{"line":203,"column":77}},"line":203},"14":{"name":"(anonymous_14)","decl":{"start":{"line":208,"column":24},"end":{"line":208,"column":25}},"loc":{"start":{"line":208,"column":38},"end":{"line":223,"column":1}},"line":208},"15":{"name":"(anonymous_15)","decl":{"start":{"line":226,"column":23},"end":{"line":226,"column":24}},"loc":{"start":{"line":226,"column":37},"end":{"line":229,"column":1}},"line":226},"16":{"name":"(anonymous_16)","decl":{"start":{"line":231,"column":30},"end":{"line":231,"column":31}},"loc":{"start":{"line":231,"column":44},"end":{"line":247,"column":1}},"line":231},"17":{"name":"(anonymous_17)","decl":{"start":{"line":235,"column":40},"end":{"line":235,"column":41}},"loc":{"start":{"line":235,"column":49},"end":{"line":235,"column":69}},"line":235},"18":{"name":"(anonymous_18)","decl":{"start":{"line":250,"column":27},"end":{"line":250,"column":28}},"loc":{"start":{"line":250,"column":41},"end":{"line":253,"column":1}},"line":250},"19":{"name":"(anonymous_19)","decl":{"start":{"line":251,"column":36},"end":{"line":251,"column":37}},"loc":{"start":{"line":251,"column":44},"end":{"line":251,"column":69}},"line":251},"20":{"name":"(anonymous_20)","decl":{"start":{"line":256,"column":50},"end":{"line":256,"column":51}},"loc":{"start":{"line":256,"column":64},"end":{"line":266,"column":1}},"line":256},"21":{"name":"(anonymous_21)","decl":{"start":{"line":258,"column":30},"end":{"line":258,"column":31}},"loc":{"start":{"line":258,"column":37},"end":{"line":258,"column":53}},"line":258},"22":{"name":"(anonymous_22)","decl":{"start":{"line":270,"column":28},"end":{"line":270,"column":29}},"loc":{"start":{"line":270,"column":42},"end":{"line":277,"column":1}},"line":270},"23":{"name":"(anonymous_23)","decl":{"start":{"line":271,"column":26},"end":{"line":271,"column":27}},"loc":{"start":{"line":271,"column":36},"end":{"line":271,"column":71}},"line":271},"24":{"name":"(anonymous_24)","decl":{"start":{"line":280,"column":37},"end":{"line":280,"column":38}},"loc":{"start":{"line":280,"column":51},"end":{"line":327,"column":1}},"line":280},"25":{"name":"(anonymous_25)","decl":{"start":{"line":294,"column":26},"end":{"line":294,"column":27}},"loc":{"start":{"line":294,"column":36},"end":{"line":294,"column":54}},"line":294},"26":{"name":"(anonymous_26)","decl":{"start":{"line":331,"column":39},"end":{"line":331,"column":40}},"loc":{"start":{"line":331,"column":53},"end":{"line":370,"column":1}},"line":331},"27":{"name":"(anonymous_27)","decl":{"start":{"line":345,"column":26},"end":{"line":345,"column":27}},"loc":{"start":{"line":345,"column":33},"end":{"line":345,"column":48}},"line":345},"28":{"name":"(anonymous_28)","decl":{"start":{"line":373,"column":53},"end":{"line":373,"column":54}},"loc":{"start":{"line":373,"column":67},"end":{"line":388,"column":1}},"line":373},"29":{"name":"(anonymous_29)","decl":{"start":{"line":376,"column":26},"end":{"line":376,"column":27}},"loc":{"start":{"line":376,"column":33},"end":{"line":376,"column":48}},"line":376},"30":{"name":"(anonymous_30)","decl":{"start":{"line":390,"column":27},"end":{"line":390,"column":28}},"loc":{"start":{"line":390,"column":41},"end":{"line":395,"column":1}},"line":390},"31":{"name":"(anonymous_31)","decl":{"start":{"line":399,"column":19},"end":{"line":399,"column":20}},"loc":{"start":{"line":399,"column":25},"end":{"line":399,"column":82}},"line":399}},"branchMap":{"0":{"loc":{"start":{"line":17,"column":12},"end":{"line":17,"column":60}},"type":"binary-expr","locations":[{"start":{"line":17,"column":12},"end":{"line":17,"column":38}},{"start":{"line":17,"column":42},"end":{"line":17,"column":60}}],"line":17},"1":{"loc":{"start":{"line":83,"column":2},"end":{"line":85,"column":3}},"type":"if","locations":[{"start":{"line":83,"column":2},"end":{"line":85,"column":3}},{"start":{},"end":{}}],"line":83},"2":{"loc":{"start":{"line":83,"column":6},"end":{"line":83,"column":39}},"type":"binary-expr","locations":[{"start":{"line":83,"column":6},"end":{"line":83,"column":18}},{"start":{"line":83,"column":22},"end":{"line":83,"column":39}}],"line":83},"3":{"loc":{"start":{"line":93,"column":43},"end":{"line":93,"column":61}},"type":"default-arg","locations":[{"start":{"line":93,"column":50},"end":{"line":93,"column":61}}],"line":93},"4":{"loc":{"start":{"line":93,"column":63},"end":{"line":93,"column":74}},"type":"default-arg","locations":[{"start":{"line":93,"column":72},"end":{"line":93,"column":74}}],"line":93},"5":{"loc":{"start":{"line":94,"column":8},"end":{"line":94,"column":120}},"type":"if","locations":[{"start":{"line":94,"column":8},"end":{"line":94,"column":120}},{"start":{},"end":{}}],"line":94},"6":{"loc":{"start":{"line":111,"column":2},"end":{"line":113,"column":3}},"type":"if","locations":[{"start":{"line":111,"column":2},"end":{"line":113,"column":3}},{"start":{},"end":{}}],"line":111},"7":{"loc":{"start":{"line":115,"column":2},"end":{"line":117,"column":3}},"type":"if","locations":[{"start":{"line":115,"column":2},"end":{"line":117,"column":3}},{"start":{},"end":{}}],"line":115},"8":{"loc":{"start":{"line":125,"column":4},"end":{"line":127,"column":5}},"type":"if","locations":[{"start":{"line":125,"column":4},"end":{"line":127,"column":5}},{"start":{},"end":{}}],"line":125},"9":{"loc":{"start":{"line":140,"column":14},"end":{"line":140,"column":31}},"type":"binary-expr","locations":[{"start":{"line":140,"column":14},"end":{"line":140,"column":25}},{"start":{"line":140,"column":29},"end":{"line":140,"column":31}}],"line":140},"10":{"loc":{"start":{"line":141,"column":24},"end":{"line":141,"column":51}},"type":"binary-expr","locations":[{"start":{"line":141,"column":24},"end":{"line":141,"column":45}},{"start":{"line":141,"column":49},"end":{"line":141,"column":51}}],"line":141},"11":{"loc":{"start":{"line":142,"column":21},"end":{"line":142,"column":45}},"type":"binary-expr","locations":[{"start":{"line":142,"column":21},"end":{"line":142,"column":39}},{"start":{"line":142,"column":43},"end":{"line":142,"column":45}}],"line":142},"12":{"loc":{"start":{"line":156,"column":4},"end":{"line":159,"column":5}},"type":"if","locations":[{"start":{"line":156,"column":4},"end":{"line":159,"column":5}},{"start":{},"end":{}}],"line":156},"13":{"loc":{"start":{"line":168,"column":2},"end":{"line":170,"column":3}},"type":"if","locations":[{"start":{"line":168,"column":2},"end":{"line":170,"column":3}},{"start":{},"end":{}}],"line":168},"14":{"loc":{"start":{"line":180,"column":2},"end":{"line":184,"column":3}},"type":"if","locations":[{"start":{"line":180,"column":2},"end":{"line":184,"column":3}},{"start":{"line":182,"column":9},"end":{"line":184,"column":3}}],"line":180},"15":{"loc":{"start":{"line":237,"column":4},"end":{"line":239,"column":5}},"type":"if","locations":[{"start":{"line":237,"column":4},"end":{"line":239,"column":5}},{"start":{},"end":{}}],"line":237},"16":{"loc":{"start":{"line":260,"column":4},"end":{"line":262,"column":5}},"type":"if","locations":[{"start":{"line":260,"column":4},"end":{"line":262,"column":5}},{"start":{},"end":{}}],"line":260},"17":{"loc":{"start":{"line":272,"column":2},"end":{"line":276,"column":3}},"type":"if","locations":[{"start":{"line":272,"column":2},"end":{"line":276,"column":3}},{"start":{"line":274,"column":9},"end":{"line":276,"column":3}}],"line":272},"18":{"loc":{"start":{"line":281,"column":17},"end":{"line":281,"column":62}},"type":"cond-expr","locations":[{"start":{"line":281,"column":36},"end":{"line":281,"column":55}},{"start":{"line":281,"column":58},"end":{"line":281,"column":62}}],"line":281},"19":{"loc":{"start":{"line":295,"column":2},"end":{"line":297,"column":3}},"type":"if","locations":[{"start":{"line":295,"column":2},"end":{"line":297,"column":3}},{"start":{},"end":{}}],"line":295},"20":{"loc":{"start":{"line":300,"column":18},"end":{"line":300,"column":67}},"type":"cond-expr","locations":[{"start":{"line":300,"column":43},"end":{"line":300,"column":51}},{"start":{"line":300,"column":54},"end":{"line":300,"column":67}}],"line":300},"21":{"loc":{"start":{"line":301,"column":18},"end":{"line":301,"column":67}},"type":"cond-expr","locations":[{"start":{"line":301,"column":43},"end":{"line":301,"column":51}},{"start":{"line":301,"column":54},"end":{"line":301,"column":67}}],"line":301},"22":{"loc":{"start":{"line":302,"column":18},"end":{"line":302,"column":73}},"type":"cond-expr","locations":[{"start":{"line":302,"column":43},"end":{"line":302,"column":51}},{"start":{"line":302,"column":54},"end":{"line":302,"column":73}}],"line":302},"23":{"loc":{"start":{"line":302,"column":54},"end":{"line":302,"column":73}},"type":"binary-expr","locations":[{"start":{"line":302,"column":54},"end":{"line":302,"column":67}},{"start":{"line":302,"column":71},"end":{"line":302,"column":73}}],"line":302},"24":{"loc":{"start":{"line":303,"column":14},"end":{"line":303,"column":57}},"type":"cond-expr","locations":[{"start":{"line":303,"column":35},"end":{"line":303,"column":39}},{"start":{"line":303,"column":42},"end":{"line":303,"column":57}}],"line":303},"25":{"loc":{"start":{"line":303,"column":42},"end":{"line":303,"column":57}},"type":"binary-expr","locations":[{"start":{"line":303,"column":42},"end":{"line":303,"column":51}},{"start":{"line":303,"column":55},"end":{"line":303,"column":57}}],"line":303},"26":{"loc":{"start":{"line":304,"column":15},"end":{"line":304,"column":61}},"type":"cond-expr","locations":[{"start":{"line":304,"column":37},"end":{"line":304,"column":42}},{"start":{"line":304,"column":45},"end":{"line":304,"column":61}}],"line":304},"27":{"loc":{"start":{"line":304,"column":45},"end":{"line":304,"column":61}},"type":"binary-expr","locations":[{"start":{"line":304,"column":45},"end":{"line":304,"column":55}},{"start":{"line":304,"column":59},"end":{"line":304,"column":61}}],"line":304},"28":{"loc":{"start":{"line":305,"column":13},"end":{"line":305,"column":61}},"type":"cond-expr","locations":[{"start":{"line":305,"column":37},"end":{"line":305,"column":44}},{"start":{"line":305,"column":47},"end":{"line":305,"column":61}}],"line":305},"29":{"loc":{"start":{"line":305,"column":47},"end":{"line":305,"column":61}},"type":"binary-expr","locations":[{"start":{"line":305,"column":47},"end":{"line":305,"column":55}},{"start":{"line":305,"column":59},"end":{"line":305,"column":61}}],"line":305},"30":{"loc":{"start":{"line":306,"column":16},"end":{"line":306,"column":65}},"type":"cond-expr","locations":[{"start":{"line":306,"column":39},"end":{"line":306,"column":45}},{"start":{"line":306,"column":48},"end":{"line":306,"column":65}}],"line":306},"31":{"loc":{"start":{"line":306,"column":48},"end":{"line":306,"column":65}},"type":"binary-expr","locations":[{"start":{"line":306,"column":48},"end":{"line":306,"column":59}},{"start":{"line":306,"column":63},"end":{"line":306,"column":65}}],"line":306},"32":{"loc":{"start":{"line":307,"column":21},"end":{"line":307,"column":85}},"type":"cond-expr","locations":[{"start":{"line":307,"column":49},"end":{"line":307,"column":60}},{"start":{"line":307,"column":63},"end":{"line":307,"column":85}}],"line":307},"33":{"loc":{"start":{"line":307,"column":63},"end":{"line":307,"column":85}},"type":"binary-expr","locations":[{"start":{"line":307,"column":63},"end":{"line":307,"column":79}},{"start":{"line":307,"column":83},"end":{"line":307,"column":85}}],"line":307},"34":{"loc":{"start":{"line":308,"column":22},"end":{"line":308,"column":89}},"type":"cond-expr","locations":[{"start":{"line":308,"column":51},"end":{"line":308,"column":63}},{"start":{"line":308,"column":66},"end":{"line":308,"column":89}}],"line":308},"35":{"loc":{"start":{"line":308,"column":66},"end":{"line":308,"column":89}},"type":"binary-expr","locations":[{"start":{"line":308,"column":66},"end":{"line":308,"column":83}},{"start":{"line":308,"column":87},"end":{"line":308,"column":89}}],"line":308},"36":{"loc":{"start":{"line":321,"column":12},"end":{"line":321,"column":29}},"type":"binary-expr","locations":[{"start":{"line":321,"column":12},"end":{"line":321,"column":23}},{"start":{"line":321,"column":27},"end":{"line":321,"column":29}}],"line":321},"37":{"loc":{"start":{"line":322,"column":22},"end":{"line":322,"column":49}},"type":"binary-expr","locations":[{"start":{"line":322,"column":22},"end":{"line":322,"column":43}},{"start":{"line":322,"column":47},"end":{"line":322,"column":49}}],"line":322},"38":{"loc":{"start":{"line":323,"column":19},"end":{"line":323,"column":43}},"type":"binary-expr","locations":[{"start":{"line":323,"column":19},"end":{"line":323,"column":37}},{"start":{"line":323,"column":41},"end":{"line":323,"column":43}}],"line":323},"39":{"loc":{"start":{"line":338,"column":2},"end":{"line":338,"column":83}},"type":"if","locations":[{"start":{"line":338,"column":2},"end":{"line":338,"column":83}},{"start":{},"end":{}}],"line":338},"40":{"loc":{"start":{"line":339,"column":2},"end":{"line":339,"column":81}},"type":"if","locations":[{"start":{"line":339,"column":2},"end":{"line":339,"column":81}},{"start":{},"end":{}}],"line":339},"41":{"loc":{"start":{"line":340,"column":2},"end":{"line":340,"column":74}},"type":"if","locations":[{"start":{"line":340,"column":2},"end":{"line":340,"column":74}},{"start":{},"end":{}}],"line":340},"42":{"loc":{"start":{"line":341,"column":2},"end":{"line":341,"column":76}},"type":"if","locations":[{"start":{"line":341,"column":2},"end":{"line":341,"column":76}},{"start":{},"end":{}}],"line":341},"43":{"loc":{"start":{"line":342,"column":2},"end":{"line":342,"column":80}},"type":"if","locations":[{"start":{"line":342,"column":2},"end":{"line":342,"column":80}},{"start":{},"end":{}}],"line":342},"44":{"loc":{"start":{"line":343,"column":2},"end":{"line":343,"column":79}},"type":"if","locations":[{"start":{"line":343,"column":2},"end":{"line":343,"column":79}},{"start":{},"end":{}}],"line":343},"45":{"loc":{"start":{"line":347,"column":2},"end":{"line":349,"column":3}},"type":"if","locations":[{"start":{"line":347,"column":2},"end":{"line":349,"column":3}},{"start":{},"end":{}}],"line":347},"46":{"loc":{"start":{"line":351,"column":2},"end":{"line":353,"column":3}},"type":"if","locations":[{"start":{"line":351,"column":2},"end":{"line":353,"column":3}},{"start":{},"end":{}}],"line":351},"47":{"loc":{"start":{"line":378,"column":2},"end":{"line":380,"column":3}},"type":"if","locations":[{"start":{"line":378,"column":2},"end":{"line":380,"column":3}},{"start":{},"end":{}}],"line":378},"48":{"loc":{"start":{"line":382,"column":2},"end":{"line":384,"column":3}},"type":"if","locations":[{"start":{"line":382,"column":2},"end":{"line":384,"column":3}},{"start":{},"end":{}}],"line":382},"49":{"loc":{"start":{"line":382,"column":6},"end":{"line":382,"column":92}},"type":"binary-expr","locations":[{"start":{"line":382,"column":6},"end":{"line":382,"column":28}},{"start":{"line":382,"column":32},"end":{"line":382,"column":46}},{"start":{"line":382,"column":50},"end":{"line":382,"column":92}}],"line":382},"50":{"loc":{"start":{"line":391,"column":2},"end":{"line":393,"column":3}},"type":"if","locations":[{"start":{"line":391,"column":2},"end":{"line":393,"column":3}},{"start":{},"end":{}}],"line":391},"51":{"loc":{"start":{"line":398,"column":0},"end":{"line":400,"column":1}},"type":"if","locations":[{"start":{"line":398,"column":0},"end":{"line":400,"column":1}},{"start":{},"end":{}}],"line":398}},"s":{"0":1,"1":1,"2":1,"3":1,"4":1,"5":1,"6":1,"7":1,"8":1,"9":1,"10":1,"11":1,"12":1,"13":4,"14":1,"15":3,"16":1,"17":3,"18":3,"19":3,"20":8,"21":2,"22":1,"23":1,"24":1,"25":1,"26":1,"27":15,"28":15,"29":1,"30":14,"31":1,"32":13,"33":26,"34":13,"35":13,"36":13,"37":1,"38":12,"39":12,"40":0,"41":0,"42":1,"43":14,"44":14,"45":0,"46":0,"47":14,"48":14,"49":1,"50":2,"51":2,"52":1,"53":1,"54":1,"55":2,"56":1,"57":1,"58":1,"59":1,"60":1,"61":1,"62":1,"63":3,"64":1,"65":3,"66":3,"67":1,"68":0,"69":0,"70":0,"71":0,"72":1,"73":2,"74":1,"75":2,"76":2,"77":3,"78":2,"79":1,"80":1,"81":1,"82":1,"83":2,"84":2,"85":2,"86":1,"87":2,"88":2,"89":1,"90":2,"91":1,"92":1,"93":1,"94":1,"95":2,"96":1,"97":2,"98":1,"99":1,"100":1,"101":1,"102":1,"103":1,"104":3,"105":1,"106":0,"107":1,"108":1,"109":1,"110":1,"111":1,"112":1,"113":1,"114":1,"115":1,"116":1,"117":1,"118":1,"119":3,"120":3,"121":3,"122":0,"123":3,"124":0,"125":3,"126":0,"127":3,"128":0,"129":3,"130":0,"131":3,"132":0,"133":3,"134":11,"135":3,"136":1,"137":2,"138":0,"139":2,"140":2,"141":1,"142":6,"143":6,"144":6,"145":20,"146":6,"147":1,"148":5,"149":3,"150":2,"151":2,"152":1,"153":1,"154":1,"155":0,"156":1,"157":0,"158":0,"159":1},"f":{"0":4,"1":3,"2":8,"3":15,"4":26,"5":14,"6":14,"7":2,"8":2,"9":1,"10":1,"11":3,"12":3,"13":3,"14":0,"15":2,"16":2,"17":3,"18":2,"19":2,"20":2,"21":1,"22":2,"23":1,"24":1,"25":3,"26":3,"27":11,"28":6,"29":20,"30":1,"31":0},"b":{"0":[1,1],"1":[1,3],"2":[4,4],"3":[3],"4":[3],"5":[2,1],"6":[1,14],"7":[1,13],"8":[1,12],"9":[12,7],"10":[12,7],"11":[12,7],"12":[0,14],"13":[1,1],"14":[1,1],"15":[1,1],"16":[1,1],"17":[1,1],"18":[1,0],"19":[0,1],"20":[1,0],"21":[1,0],"22":[0,1],"23":[1,1],"24":[1,0],"25":[0,0],"26":[1,0],"27":[0,0],"28":[1,0],"29":[0,0],"30":[1,0],"31":[0,0],"32":[0,1],"33":[1,1],"34":[0,1],"35":[1,1],"36":[1,0],"37":[1,0],"38":[1,0],"39":[0,3],"40":[0,3],"41":[0,3],"42":[0,3],"43":[0,3],"44":[0,3],"45":[1,2],"46":[0,2],"47":[1,5],"48":[3,2],"49":[5,5,4],"50":[1,0],"51":[0,1]},"_coverageSchema":"1a1c01bbd47fc00a2c39e90264f33305004495a9","hash":"06b54dac707cc6715f752066c7349e354c238cb1"}
}
