{"C:\\Users\\prett\\Documents\\GitHub\\Event_Managment_System\\backend\\db.js": {"path":"C:\\Users\\prett\\Documents\\GitHub\\Event_Managment_System\\backend\\db.js","statementMap":{"0":{"start":{"line":1,"column":14},"end":{"line":1,"column":30}},"1":{"start":{"line":3,"column":11},"end":{"line":10,"column":2}},"2":{"start":{"line":12,"column":0},"end":{"line":22,"column":3}},"3":{"start":{"line":13,"column":4},"end":{"line":20,"column":5}},"4":{"start":{"line":14,"column":8},"end":{"line":14,"column":60}},"5":{"start":{"line":18,"column":12},"end":{"line":18,"column":56}},"6":{"start":{"line":19,"column":12},"end":{"line":19,"column":33}},"7":{"start":{"line":24,"column":0},"end":{"line":24,"column":22}}},"fnMap":{"0":{"name":"(anonymous_0)","decl":{"start":{"line":12,"column":17},"end":{"line":12,"column":18}},"loc":{"start":{"line":12,"column":37},"end":{"line":22,"column":1}},"line":12}},"branchMap":{"0":{"loc":{"start":{"line":13,"column":4},"end":{"line":20,"column":5}},"type":"if","locations":[{"start":{"line":13,"column":4},"end":{"line":20,"column":5}},{"start":{"line":17,"column":8},"end":{"line":20,"column":5}}],"line":13}},"s":{"0":1,"1":1,"2":1,"3":1,"4":0,"5":1,"6":1,"7":1},"f":{"0":1},"b":{"0":[0,1]},"_coverageSchema":"1a1c01bbd47fc00a2c39e90264f33305004495a9","hash":"25bbd5a1f61b4747b651b426c5cc57e10c48d2cd"}
,"C:\\Users\\prett\\Documents\\GitHub\\Event_Managment_System\\backend\\server.js": {"path":"C:\\Users\\prett\\Documents\\GitHub\\Event_Managment_System\\backend\\server.js","statementMap":{"0":{"start":{"line":1,"column":16},"end":{"line":1,"column":34}},"1":{"start":{"line":2,"column":16},"end":{"line":2,"column":42}},"2":{"start":{"line":3,"column":13},"end":{"line":3,"column":28}},"3":{"start":{"line":4,"column":13},"end":{"line":4,"column":28}},"4":{"start":{"line":5,"column":15},"end":{"line":5,"column":32}},"5":{"start":{"line":6,"column":0},"end":{"line":6,"column":27}},"6":{"start":{"line":8,"column":12},"end":{"line":8,"column":21}},"7":{"start":{"line":9,"column":13},"end":{"line":9,"column":17}},"8":{"start":{"line":11,"column":0},"end":{"line":14,"column":4}},"9":{"start":{"line":15,"column":0},"end":{"line":15,"column":24}},"10":{"start":{"line":16,"column":0},"end":{"line":23,"column":2}},"11":{"start":{"line":27,"column":13},"end":{"line":27,"column":15}},"12":{"start":{"line":30,"column":2},"end":{"line":45,"column":3}},"13":{"start":{"line":31,"column":6},"end":{"line":37,"column":9}},"14":{"start":{"line":32,"column":10},"end":{"line":36,"column":13}},"15":{"start":{"line":39,"column":6},"end":{"line":39,"column":63}},"16":{"start":{"line":40,"column":6},"end":{"line":40,"column":47}},"17":{"start":{"line":40,"column":33},"end":{"line":40,"column":44}},"18":{"start":{"line":49,"column":2},"end":{"line":79,"column":3}},"19":{"start":{"line":50,"column":27},"end":{"line":56,"column":6}},"20":{"start":{"line":51,"column":6},"end":{"line":55,"column":9}},"21":{"start":{"line":58,"column":4},"end":{"line":58,"column":62}},"22":{"start":{"line":60,"column":4},"end":{"line":73,"column":8}},"23":{"start":{"line":61,"column":29},"end":{"line":67,"column":8}},"24":{"start":{"line":62,"column":10},"end":{"line":66,"column":13}},"25":{"start":{"line":69,"column":6},"end":{"line":72,"column":8}},"26":{"start":{"line":75,"column":4},"end":{"line":75,"column":18}},"27":{"start":{"line":78,"column":4},"end":{"line":78,"column":50}},"28":{"start":{"line":85,"column":22},"end":{"line":92,"column":1}},"29":{"start":{"line":86,"column":2},"end":{"line":91,"column":3}},"30":{"start":{"line":87,"column":6},"end":{"line":90,"column":7}},"31":{"start":{"line":88,"column":33},"end":{"line":88,"column":69}},"32":{"start":{"line":89,"column":10},"end":{"line":89,"column":41}},"33":{"start":{"line":96,"column":20},"end":{"line":101,"column":1}},"34":{"start":{"line":97,"column":2},"end":{"line":99,"column":3}},"35":{"start":{"line":98,"column":4},"end":{"line":98,"column":76}},"36":{"start":{"line":100,"column":2},"end":{"line":100,"column":9}},"37":{"start":{"line":105,"column":0},"end":{"line":172,"column":3}},"38":{"start":{"line":106,"column":49},"end":{"line":106,"column":57}},"39":{"start":{"line":109,"column":2},"end":{"line":171,"column":5}},"40":{"start":{"line":117,"column":6},"end":{"line":170,"column":8}},"41":{"start":{"line":121,"column":14},"end":{"line":127,"column":15}},"42":{"start":{"line":122,"column":18},"end":{"line":124,"column":19}},"43":{"start":{"line":123,"column":22},"end":{"line":123,"column":88}},"44":{"start":{"line":125,"column":18},"end":{"line":125,"column":72}},"45":{"start":{"line":126,"column":18},"end":{"line":126,"column":84}},"46":{"start":{"line":129,"column":29},"end":{"line":129,"column":49}},"47":{"start":{"line":132,"column":14},"end":{"line":168,"column":16}},"48":{"start":{"line":144,"column":20},"end":{"line":156,"column":22}},"49":{"start":{"line":158,"column":20},"end":{"line":166,"column":23}},"50":{"start":{"line":175,"column":0},"end":{"line":242,"column":3}},"51":{"start":{"line":176,"column":4},"end":{"line":176,"column":23}},"52":{"start":{"line":177,"column":32},"end":{"line":177,"column":40}},"53":{"start":{"line":179,"column":4},"end":{"line":181,"column":5}},"54":{"start":{"line":180,"column":8},"end":{"line":180,"column":69}},"55":{"start":{"line":182,"column":4},"end":{"line":184,"column":5}},"56":{"start":{"line":183,"column":8},"end":{"line":183,"column":72}},"57":{"start":{"line":186,"column":4},"end":{"line":241,"column":6}},"58":{"start":{"line":195,"column":12},"end":{"line":198,"column":13}},"59":{"start":{"line":196,"column":16},"end":{"line":196,"column":51}},"60":{"start":{"line":197,"column":16},"end":{"line":197,"column":82}},"61":{"start":{"line":200,"column":12},"end":{"line":202,"column":13}},"62":{"start":{"line":201,"column":16},"end":{"line":201,"column":80}},"63":{"start":{"line":203,"column":25},"end":{"line":203,"column":36}},"64":{"start":{"line":205,"column":12},"end":{"line":239,"column":15}},"65":{"start":{"line":206,"column":16},"end":{"line":209,"column":17}},"66":{"start":{"line":207,"column":20},"end":{"line":207,"column":56}},"67":{"start":{"line":208,"column":20},"end":{"line":208,"column":86}},"68":{"start":{"line":211,"column":16},"end":{"line":213,"column":17}},"69":{"start":{"line":212,"column":20},"end":{"line":212,"column":84}},"70":{"start":{"line":216,"column":16},"end":{"line":228,"column":18}},"71":{"start":{"line":230,"column":16},"end":{"line":238,"column":19}},"72":{"start":{"line":244,"column":0},"end":{"line":249,"column":3}},"73":{"start":{"line":246,"column":4},"end":{"line":246,"column":35}},"74":{"start":{"line":247,"column":4},"end":{"line":247,"column":47}},"75":{"start":{"line":251,"column":0},"end":{"line":290,"column":3}},"76":{"start":{"line":252,"column":15},"end":{"line":252,"column":31}},"77":{"start":{"line":254,"column":2},"end":{"line":256,"column":3}},"78":{"start":{"line":255,"column":6},"end":{"line":255,"column":77}},"79":{"start":{"line":258,"column":2},"end":{"line":258,"column":56}},"80":{"start":{"line":260,"column":2},"end":{"line":289,"column":4}},"81":{"start":{"line":269,"column":10},"end":{"line":272,"column":11}},"82":{"start":{"line":270,"column":14},"end":{"line":270,"column":49}},"83":{"start":{"line":271,"column":14},"end":{"line":271,"column":80}},"84":{"start":{"line":274,"column":10},"end":{"line":276,"column":11}},"85":{"start":{"line":275,"column":14},"end":{"line":275,"column":73}},"86":{"start":{"line":278,"column":25},"end":{"line":278,"column":36}},"87":{"start":{"line":280,"column":10},"end":{"line":280,"column":58}},"88":{"start":{"line":282,"column":10},"end":{"line":287,"column":13}},"89":{"start":{"line":292,"column":0},"end":{"line":298,"column":3}},"90":{"start":{"line":293,"column":2},"end":{"line":297,"column":3}},"91":{"start":{"line":294,"column":6},"end":{"line":294,"column":50}},"92":{"start":{"line":296,"column":6},"end":{"line":296,"column":61}},"93":{"start":{"line":306,"column":0},"end":{"line":308,"column":5}},"94":{"start":{"line":307,"column":4},"end":{"line":307,"column":48}},"95":{"start":{"line":311,"column":0},"end":{"line":314,"column":3}},"96":{"start":{"line":312,"column":2},"end":{"line":312,"column":15}},"97":{"start":{"line":313,"column":2},"end":{"line":313,"column":18}},"98":{"start":{"line":316,"column":0},"end":{"line":355,"column":3}},"99":{"start":{"line":317,"column":83},"end":{"line":317,"column":91}},"100":{"start":{"line":318,"column":4},"end":{"line":320,"column":5}},"101":{"start":{"line":319,"column":6},"end":{"line":319,"column":78}},"102":{"start":{"line":322,"column":4},"end":{"line":354,"column":7}},"103":{"start":{"line":357,"column":0},"end":{"line":389,"column":3}},"104":{"start":{"line":358,"column":2},"end":{"line":388,"column":3}},"105":{"start":{"line":359,"column":20},"end":{"line":359,"column":47}},"106":{"start":{"line":363,"column":4},"end":{"line":384,"column":7}},"107":{"start":{"line":376,"column":6},"end":{"line":380,"column":7}},"108":{"start":{"line":378,"column":8},"end":{"line":378,"column":27}},"109":{"start":{"line":379,"column":8},"end":{"line":379,"column":100}},"110":{"start":{"line":383,"column":6},"end":{"line":383,"column":43}},"111":{"start":{"line":386,"column":4},"end":{"line":386,"column":23}},"112":{"start":{"line":387,"column":4},"end":{"line":387,"column":96}},"113":{"start":{"line":391,"column":0},"end":{"line":406,"column":3}},"114":{"start":{"line":392,"column":18},"end":{"line":392,"column":45}},"115":{"start":{"line":393,"column":2},"end":{"line":403,"column":3}},"116":{"start":{"line":394,"column":4},"end":{"line":400,"column":7}},"117":{"start":{"line":395,"column":8},"end":{"line":399,"column":11}},"118":{"start":{"line":402,"column":6},"end":{"line":402,"column":66}},"119":{"start":{"line":405,"column":2},"end":{"line":405,"column":47}},"120":{"start":{"line":408,"column":0},"end":{"line":467,"column":3}},"121":{"start":{"line":409,"column":18},"end":{"line":409,"column":45}},"122":{"start":{"line":410,"column":34},"end":{"line":410,"column":42}},"123":{"start":{"line":413,"column":2},"end":{"line":466,"column":3}},"124":{"start":{"line":414,"column":4},"end":{"line":461,"column":5}},"125":{"start":{"line":415,"column":6},"end":{"line":425,"column":9}},"126":{"start":{"line":416,"column":8},"end":{"line":424,"column":10}},"127":{"start":{"line":422,"column":12},"end":{"line":422,"column":28}},"128":{"start":{"line":427,"column":6},"end":{"line":437,"column":9}},"129":{"start":{"line":428,"column":8},"end":{"line":436,"column":10}},"130":{"start":{"line":434,"column":12},"end":{"line":434,"column":28}},"131":{"start":{"line":439,"column":11},"end":{"line":461,"column":5}},"132":{"start":{"line":440,"column":6},"end":{"line":449,"column":9}},"133":{"start":{"line":441,"column":8},"end":{"line":448,"column":10}},"134":{"start":{"line":445,"column":12},"end":{"line":445,"column":40}},"135":{"start":{"line":445,"column":21},"end":{"line":445,"column":40}},"136":{"start":{"line":446,"column":12},"end":{"line":446,"column":28}},"137":{"start":{"line":451,"column":6},"end":{"line":460,"column":9}},"138":{"start":{"line":452,"column":8},"end":{"line":459,"column":10}},"139":{"start":{"line":456,"column":12},"end":{"line":456,"column":40}},"140":{"start":{"line":456,"column":21},"end":{"line":456,"column":40}},"141":{"start":{"line":457,"column":12},"end":{"line":457,"column":28}},"142":{"start":{"line":462,"column":4},"end":{"line":462,"column":43}},"143":{"start":{"line":464,"column":4},"end":{"line":464,"column":53}},"144":{"start":{"line":465,"column":4},"end":{"line":465,"column":71}},"145":{"start":{"line":471,"column":0},"end":{"line":490,"column":3}},"146":{"start":{"line":472,"column":17},"end":{"line":472,"column":40}},"147":{"start":{"line":473,"column":2},"end":{"line":489,"column":3}},"148":{"start":{"line":474,"column":4},"end":{"line":480,"column":7}},"149":{"start":{"line":475,"column":8},"end":{"line":479,"column":11}},"150":{"start":{"line":482,"column":4},"end":{"line":482,"column":60}},"151":{"start":{"line":483,"column":4},"end":{"line":483,"column":55}},"152":{"start":{"line":488,"column":4},"end":{"line":488,"column":76}},"153":{"start":{"line":493,"column":0},"end":{"line":513,"column":3}},"154":{"start":{"line":494,"column":18},"end":{"line":494,"column":41}},"155":{"start":{"line":496,"column":2},"end":{"line":512,"column":3}},"156":{"start":{"line":497,"column":4},"end":{"line":503,"column":7}},"157":{"start":{"line":498,"column":8},"end":{"line":502,"column":11}},"158":{"start":{"line":505,"column":4},"end":{"line":505,"column":60}},"159":{"start":{"line":506,"column":4},"end":{"line":506,"column":55}},"160":{"start":{"line":511,"column":4},"end":{"line":511,"column":76}},"161":{"start":{"line":518,"column":0},"end":{"line":522,"column":3}},"162":{"start":{"line":519,"column":2},"end":{"line":519,"column":22}},"163":{"start":{"line":520,"column":22},"end":{"line":520,"column":80}},"164":{"start":{"line":520,"column":45},"end":{"line":520,"column":79}},"165":{"start":{"line":521,"column":2},"end":{"line":521,"column":24}},"166":{"start":{"line":525,"column":0},"end":{"line":546,"column":3}},"167":{"start":{"line":526,"column":18},"end":{"line":526,"column":45}},"168":{"start":{"line":527,"column":2},"end":{"line":530,"column":5}},"169":{"start":{"line":529,"column":6},"end":{"line":529,"column":61}},"170":{"start":{"line":532,"column":26},"end":{"line":538,"column":2}},"171":{"start":{"line":533,"column":4},"end":{"line":537,"column":7}},"172":{"start":{"line":540,"column":2},"end":{"line":542,"column":3}},"173":{"start":{"line":541,"column":4},"end":{"line":541,"column":117}},"174":{"start":{"line":544,"column":2},"end":{"line":544,"column":16}},"175":{"start":{"line":545,"column":2},"end":{"line":545,"column":87}},"176":{"start":{"line":548,"column":0},"end":{"line":562,"column":3}},"177":{"start":{"line":549,"column":2},"end":{"line":561,"column":3}},"178":{"start":{"line":550,"column":27},"end":{"line":556,"column":6}},"179":{"start":{"line":551,"column":6},"end":{"line":555,"column":8}},"180":{"start":{"line":557,"column":4},"end":{"line":557,"column":41}},"181":{"start":{"line":559,"column":4},"end":{"line":559,"column":55}},"182":{"start":{"line":560,"column":4},"end":{"line":560,"column":70}},"183":{"start":{"line":564,"column":0},"end":{"line":579,"column":3}},"184":{"start":{"line":565,"column":2},"end":{"line":578,"column":3}},"185":{"start":{"line":567,"column":22},"end":{"line":573,"column":6}},"186":{"start":{"line":568,"column":6},"end":{"line":572,"column":8}},"187":{"start":{"line":574,"column":4},"end":{"line":574,"column":36}},"188":{"start":{"line":576,"column":4},"end":{"line":576,"column":55}},"189":{"start":{"line":577,"column":4},"end":{"line":577,"column":80}},"190":{"start":{"line":583,"column":0},"end":{"line":594,"column":3}},"191":{"start":{"line":584,"column":27},"end":{"line":584,"column":35}},"192":{"start":{"line":585,"column":23},"end":{"line":589,"column":3}},"193":{"start":{"line":597,"column":0},"end":{"line":600,"column":3}},"194":{"start":{"line":598,"column":21},"end":{"line":598,"column":68}},"195":{"start":{"line":598,"column":42},"end":{"line":598,"column":67}},"196":{"start":{"line":599,"column":2},"end":{"line":599,"column":23}},"197":{"start":{"line":604,"column":0},"end":{"line":659,"column":3}},"198":{"start":{"line":605,"column":15},"end":{"line":605,"column":76}},"199":{"start":{"line":605,"column":36},"end":{"line":605,"column":75}},"200":{"start":{"line":606,"column":2},"end":{"line":658,"column":3}},"201":{"start":{"line":609,"column":29},"end":{"line":616,"column":6}},"202":{"start":{"line":610,"column":6},"end":{"line":615,"column":9}},"203":{"start":{"line":611,"column":8},"end":{"line":614,"column":9}},"204":{"start":{"line":611,"column":16},"end":{"line":611,"column":28}},"205":{"start":{"line":613,"column":10},"end":{"line":613,"column":26}},"206":{"start":{"line":618,"column":31},"end":{"line":625,"column":6}},"207":{"start":{"line":619,"column":6},"end":{"line":624,"column":9}},"208":{"start":{"line":620,"column":8},"end":{"line":623,"column":9}},"209":{"start":{"line":620,"column":16},"end":{"line":620,"column":28}},"210":{"start":{"line":622,"column":10},"end":{"line":622,"column":26}},"211":{"start":{"line":627,"column":37},"end":{"line":634,"column":6}},"212":{"start":{"line":628,"column":6},"end":{"line":633,"column":9}},"213":{"start":{"line":629,"column":8},"end":{"line":632,"column":9}},"214":{"start":{"line":629,"column":16},"end":{"line":629,"column":28}},"215":{"start":{"line":631,"column":10},"end":{"line":631,"column":26}},"216":{"start":{"line":637,"column":4},"end":{"line":653,"column":9}},"217":{"start":{"line":639,"column":59},"end":{"line":639,"column":66}},"218":{"start":{"line":640,"column":27},"end":{"line":647,"column":9}},"219":{"start":{"line":642,"column":42},"end":{"line":642,"column":57}},"220":{"start":{"line":644,"column":25},"end":{"line":644,"column":50}},"221":{"start":{"line":645,"column":12},"end":{"line":645,"column":45}},"222":{"start":{"line":648,"column":8},"end":{"line":648,"column":29}},"223":{"start":{"line":651,"column":8},"end":{"line":651,"column":59}},"224":{"start":{"line":652,"column":8},"end":{"line":652,"column":54}},"225":{"start":{"line":662,"column":0},"end":{"line":777,"column":3}},"226":{"start":{"line":675,"column":6},"end":{"line":675,"column":14}},"227":{"start":{"line":677,"column":2},"end":{"line":683,"column":11}},"228":{"start":{"line":679,"column":10},"end":{"line":682,"column":11}},"229":{"start":{"line":679,"column":18},"end":{"line":679,"column":28}},"230":{"start":{"line":681,"column":12},"end":{"line":681,"column":48}},"231":{"start":{"line":685,"column":2},"end":{"line":711,"column":3}},"232":{"start":{"line":686,"column":4},"end":{"line":694,"column":7}},"233":{"start":{"line":687,"column":6},"end":{"line":693,"column":9}},"234":{"start":{"line":688,"column":8},"end":{"line":692,"column":9}},"235":{"start":{"line":688,"column":17},"end":{"line":688,"column":29}},"236":{"start":{"line":690,"column":10},"end":{"line":690,"column":43}},"237":{"start":{"line":691,"column":10},"end":{"line":691,"column":20}},"238":{"start":{"line":696,"column":24},"end":{"line":696,"column":59}},"239":{"start":{"line":697,"column":4},"end":{"line":707,"column":5}},"240":{"start":{"line":698,"column":6},"end":{"line":706,"column":9}},"241":{"start":{"line":699,"column":8},"end":{"line":705,"column":11}},"242":{"start":{"line":700,"column":10},"end":{"line":704,"column":11}},"243":{"start":{"line":700,"column":19},"end":{"line":700,"column":31}},"244":{"start":{"line":702,"column":12},"end":{"line":702,"column":45}},"245":{"start":{"line":703,"column":12},"end":{"line":703,"column":22}},"246":{"start":{"line":710,"column":6},"end":{"line":710,"column":50}},"247":{"start":{"line":713,"column":2},"end":{"line":740,"column":3}},"248":{"start":{"line":714,"column":4},"end":{"line":722,"column":7}},"249":{"start":{"line":715,"column":6},"end":{"line":721,"column":9}},"250":{"start":{"line":716,"column":8},"end":{"line":720,"column":9}},"251":{"start":{"line":716,"column":17},"end":{"line":716,"column":29}},"252":{"start":{"line":718,"column":10},"end":{"line":718,"column":49}},"253":{"start":{"line":719,"column":10},"end":{"line":719,"column":20}},"254":{"start":{"line":724,"column":30},"end":{"line":724,"column":77}},"255":{"start":{"line":725,"column":4},"end":{"line":736,"column":5}},"256":{"start":{"line":726,"column":6},"end":{"line":735,"column":9}},"257":{"start":{"line":727,"column":30},"end":{"line":727,"column":72}},"258":{"start":{"line":728,"column":8},"end":{"line":734,"column":11}},"259":{"start":{"line":729,"column":10},"end":{"line":733,"column":11}},"260":{"start":{"line":729,"column":18},"end":{"line":729,"column":28}},"261":{"start":{"line":731,"column":12},"end":{"line":731,"column":44}},"262":{"start":{"line":732,"column":12},"end":{"line":732,"column":22}},"263":{"start":{"line":739,"column":6},"end":{"line":739,"column":50}},"264":{"start":{"line":742,"column":15},"end":{"line":742,"column":59}},"265":{"start":{"line":742,"column":36},"end":{"line":742,"column":58}},"266":{"start":{"line":750,"column":2},"end":{"line":750,"column":68}},"267":{"start":{"line":751,"column":2},"end":{"line":751,"column":74}},"268":{"start":{"line":752,"column":2},"end":{"line":752,"column":82}},"269":{"start":{"line":753,"column":2},"end":{"line":753,"column":58}},"270":{"start":{"line":754,"column":2},"end":{"line":754,"column":62}},"271":{"start":{"line":755,"column":2},"end":{"line":755,"column":70}},"272":{"start":{"line":756,"column":2},"end":{"line":756,"column":86}},"273":{"start":{"line":757,"column":2},"end":{"line":757,"column":67}},"274":{"start":{"line":758,"column":2},"end":{"line":758,"column":91}},"275":{"start":{"line":761,"column":2},"end":{"line":774,"column":4}},"276":{"start":{"line":776,"column":2},"end":{"line":776,"column":82}},"277":{"start":{"line":783,"column":0},"end":{"line":801,"column":3}},"278":{"start":{"line":784,"column":17},"end":{"line":784,"column":40}},"279":{"start":{"line":787,"column":2},"end":{"line":800,"column":5}},"280":{"start":{"line":799,"column":6},"end":{"line":799,"column":46}},"281":{"start":{"line":804,"column":0},"end":{"line":835,"column":3}},"282":{"start":{"line":805,"column":17},"end":{"line":805,"column":40}},"283":{"start":{"line":806,"column":30},"end":{"line":806,"column":38}},"284":{"start":{"line":808,"column":2},"end":{"line":810,"column":3}},"285":{"start":{"line":809,"column":4},"end":{"line":809,"column":69}},"286":{"start":{"line":813,"column":2},"end":{"line":834,"column":5}},"287":{"start":{"line":818,"column":4},"end":{"line":820,"column":5}},"288":{"start":{"line":819,"column":6},"end":{"line":819,"column":65}},"289":{"start":{"line":823,"column":4},"end":{"line":833,"column":6}},"290":{"start":{"line":831,"column":8},"end":{"line":831,"column":68}},"291":{"start":{"line":838,"column":0},"end":{"line":880,"column":3}},"292":{"start":{"line":839,"column":17},"end":{"line":839,"column":40}},"293":{"start":{"line":840,"column":18},"end":{"line":840,"column":46}},"294":{"start":{"line":843,"column":2},"end":{"line":879,"column":5}},"295":{"start":{"line":848,"column":4},"end":{"line":850,"column":5}},"296":{"start":{"line":849,"column":6},"end":{"line":849,"column":65}},"297":{"start":{"line":853,"column":4},"end":{"line":878,"column":6}},"298":{"start":{"line":861,"column":8},"end":{"line":863,"column":9}},"299":{"start":{"line":862,"column":10},"end":{"line":862,"column":83}},"300":{"start":{"line":866,"column":8},"end":{"line":876,"column":10}},"301":{"start":{"line":874,"column":12},"end":{"line":874,"column":74}},"302":{"start":{"line":883,"column":0},"end":{"line":888,"column":3}},"303":{"start":{"line":884,"column":2},"end":{"line":886,"column":3}},"304":{"start":{"line":885,"column":4},"end":{"line":885,"column":64}},"305":{"start":{"line":887,"column":2},"end":{"line":887,"column":39}},"306":{"start":{"line":893,"column":2},"end":{"line":893,"column":21}},"307":{"start":{"line":894,"column":2},"end":{"line":894,"column":22}},"308":{"start":{"line":906,"column":0},"end":{"line":906,"column":56}}},"fnMap":{"0":{"name":"fetchUsers","decl":{"start":{"line":29,"column":15},"end":{"line":29,"column":25}},"loc":{"start":{"line":29,"column":28},"end":{"line":46,"column":1}},"line":29},"1":{"name":"(anonymous_1)","decl":{"start":{"line":31,"column":32},"end":{"line":31,"column":33}},"loc":{"start":{"line":31,"column":53},"end":{"line":37,"column":7}},"line":31},"2":{"name":"(anonymous_2)","decl":{"start":{"line":32,"column":46},"end":{"line":32,"column":47}},"loc":{"start":{"line":32,"column":68},"end":{"line":36,"column":11}},"line":32},"3":{"name":"(anonymous_3)","decl":{"start":{"line":40,"column":24},"end":{"line":40,"column":25}},"loc":{"start":{"line":40,"column":33},"end":{"line":40,"column":44}},"line":40},"4":{"name":"fetchEvents","decl":{"start":{"line":48,"column":15},"end":{"line":48,"column":26}},"loc":{"start":{"line":48,"column":28},"end":{"line":80,"column":1}},"line":48},"5":{"name":"(anonymous_5)","decl":{"start":{"line":50,"column":45},"end":{"line":50,"column":46}},"loc":{"start":{"line":50,"column":66},"end":{"line":56,"column":5}},"line":50},"6":{"name":"(anonymous_6)","decl":{"start":{"line":51,"column":42},"end":{"line":51,"column":43}},"loc":{"start":{"line":51,"column":63},"end":{"line":55,"column":7}},"line":51},"7":{"name":"(anonymous_7)","decl":{"start":{"line":60,"column":50},"end":{"line":60,"column":51}},"loc":{"start":{"line":60,"column":63},"end":{"line":73,"column":5}},"line":60},"8":{"name":"(anonymous_8)","decl":{"start":{"line":61,"column":47},"end":{"line":61,"column":48}},"loc":{"start":{"line":61,"column":67},"end":{"line":67,"column":7}},"line":61},"9":{"name":"(anonymous_9)","decl":{"start":{"line":62,"column":87},"end":{"line":62,"column":88}},"loc":{"start":{"line":62,"column":109},"end":{"line":66,"column":11}},"line":62},"10":{"name":"(anonymous_10)","decl":{"start":{"line":85,"column":22},"end":{"line":85,"column":23}},"loc":{"start":{"line":85,"column":34},"end":{"line":92,"column":1}},"line":85},"11":{"name":"(anonymous_11)","decl":{"start":{"line":96,"column":20},"end":{"line":96,"column":21}},"loc":{"start":{"line":96,"column":40},"end":{"line":101,"column":1}},"line":96},"12":{"name":"(anonymous_12)","decl":{"start":{"line":105,"column":26},"end":{"line":105,"column":27}},"loc":{"start":{"line":105,"column":40},"end":{"line":172,"column":1}},"line":105},"13":{"name":"(anonymous_13)","decl":{"start":{"line":109,"column":28},"end":{"line":109,"column":29}},"loc":{"start":{"line":109,"column":53},"end":{"line":171,"column":3}},"line":109},"14":{"name":"(anonymous_14)","decl":{"start":{"line":120,"column":10},"end":{"line":120,"column":11}},"loc":{"start":{"line":120,"column":32},"end":{"line":169,"column":11}},"line":120},"15":{"name":"(anonymous_15)","decl":{"start":{"line":135,"column":18},"end":{"line":135,"column":19}},"loc":{"start":{"line":135,"column":27},"end":{"line":167,"column":19}},"line":135},"16":{"name":"(anonymous_16)","decl":{"start":{"line":175,"column":23},"end":{"line":175,"column":24}},"loc":{"start":{"line":175,"column":42},"end":{"line":242,"column":1}},"line":175},"17":{"name":"(anonymous_17)","decl":{"start":{"line":194,"column":8},"end":{"line":194,"column":9}},"loc":{"start":{"line":194,"column":27},"end":{"line":240,"column":9}},"line":194},"18":{"name":"(anonymous_18)","decl":{"start":{"line":205,"column":52},"end":{"line":205,"column":53}},"loc":{"start":{"line":205,"column":70},"end":{"line":239,"column":13}},"line":205},"19":{"name":"(anonymous_19)","decl":{"start":{"line":244,"column":24},"end":{"line":244,"column":25}},"loc":{"start":{"line":244,"column":38},"end":{"line":249,"column":1}},"line":244},"20":{"name":"(anonymous_20)","decl":{"start":{"line":251,"column":43},"end":{"line":251,"column":44}},"loc":{"start":{"line":251,"column":57},"end":{"line":290,"column":1}},"line":251},"21":{"name":"(anonymous_21)","decl":{"start":{"line":268,"column":6},"end":{"line":268,"column":7}},"loc":{"start":{"line":268,"column":25},"end":{"line":288,"column":7}},"line":268},"22":{"name":"(anonymous_22)","decl":{"start":{"line":292,"column":36},"end":{"line":292,"column":37}},"loc":{"start":{"line":292,"column":50},"end":{"line":298,"column":1}},"line":292},"23":{"name":"(anonymous_23)","decl":{"start":{"line":306,"column":21},"end":{"line":306,"column":22}},"loc":{"start":{"line":306,"column":35},"end":{"line":308,"column":3}},"line":306},"24":{"name":"(anonymous_24)","decl":{"start":{"line":311,"column":22},"end":{"line":311,"column":23}},"loc":{"start":{"line":311,"column":36},"end":{"line":314,"column":1}},"line":311},"25":{"name":"(anonymous_25)","decl":{"start":{"line":316,"column":24},"end":{"line":316,"column":25}},"loc":{"start":{"line":316,"column":38},"end":{"line":355,"column":1}},"line":316},"26":{"name":"(anonymous_26)","decl":{"start":{"line":323,"column":75},"end":{"line":323,"column":76}},"loc":{"start":{"line":323,"column":96},"end":{"line":354,"column":5}},"line":323},"27":{"name":"(anonymous_27)","decl":{"start":{"line":357,"column":31},"end":{"line":357,"column":32}},"loc":{"start":{"line":357,"column":51},"end":{"line":389,"column":1}},"line":357},"28":{"name":"(anonymous_28)","decl":{"start":{"line":375,"column":36},"end":{"line":375,"column":37}},"loc":{"start":{"line":375,"column":54},"end":{"line":384,"column":5}},"line":375},"29":{"name":"(anonymous_29)","decl":{"start":{"line":391,"column":41},"end":{"line":391,"column":42}},"loc":{"start":{"line":391,"column":59},"end":{"line":406,"column":1}},"line":391},"30":{"name":"(anonymous_30)","decl":{"start":{"line":394,"column":40},"end":{"line":394,"column":41}},"loc":{"start":{"line":394,"column":61},"end":{"line":400,"column":5}},"line":394},"31":{"name":"(anonymous_31)","decl":{"start":{"line":395,"column":178},"end":{"line":395,"column":179}},"loc":{"start":{"line":395,"column":200},"end":{"line":399,"column":9}},"line":395},"32":{"name":"(anonymous_32)","decl":{"start":{"line":408,"column":39},"end":{"line":408,"column":40}},"loc":{"start":{"line":408,"column":59},"end":{"line":467,"column":1}},"line":408},"33":{"name":"(anonymous_33)","decl":{"start":{"line":415,"column":24},"end":{"line":415,"column":25}},"loc":{"start":{"line":415,"column":45},"end":{"line":425,"column":7}},"line":415},"34":{"name":"(anonymous_34)","decl":{"start":{"line":419,"column":10},"end":{"line":419,"column":11}},"loc":{"start":{"line":419,"column":27},"end":{"line":423,"column":11}},"line":419},"35":{"name":"(anonymous_35)","decl":{"start":{"line":427,"column":24},"end":{"line":427,"column":25}},"loc":{"start":{"line":427,"column":45},"end":{"line":437,"column":7}},"line":427},"36":{"name":"(anonymous_36)","decl":{"start":{"line":431,"column":10},"end":{"line":431,"column":11}},"loc":{"start":{"line":431,"column":27},"end":{"line":435,"column":11}},"line":431},"37":{"name":"(anonymous_37)","decl":{"start":{"line":440,"column":24},"end":{"line":440,"column":25}},"loc":{"start":{"line":440,"column":45},"end":{"line":449,"column":7}},"line":440},"38":{"name":"(anonymous_38)","decl":{"start":{"line":444,"column":10},"end":{"line":444,"column":11}},"loc":{"start":{"line":444,"column":27},"end":{"line":447,"column":11}},"line":444},"39":{"name":"(anonymous_39)","decl":{"start":{"line":451,"column":24},"end":{"line":451,"column":25}},"loc":{"start":{"line":451,"column":45},"end":{"line":460,"column":7}},"line":451},"40":{"name":"(anonymous_40)","decl":{"start":{"line":455,"column":10},"end":{"line":455,"column":11}},"loc":{"start":{"line":455,"column":27},"end":{"line":458,"column":11}},"line":455},"41":{"name":"(anonymous_41)","decl":{"start":{"line":471,"column":26},"end":{"line":471,"column":27}},"loc":{"start":{"line":471,"column":46},"end":{"line":490,"column":1}},"line":471},"42":{"name":"(anonymous_42)","decl":{"start":{"line":474,"column":34},"end":{"line":474,"column":35}},"loc":{"start":{"line":474,"column":55},"end":{"line":480,"column":5}},"line":474},"43":{"name":"(anonymous_43)","decl":{"start":{"line":475,"column":249},"end":{"line":475,"column":250}},"loc":{"start":{"line":475,"column":271},"end":{"line":479,"column":9}},"line":475},"44":{"name":"(anonymous_44)","decl":{"start":{"line":493,"column":27},"end":{"line":493,"column":28}},"loc":{"start":{"line":493,"column":45},"end":{"line":513,"column":1}},"line":493},"45":{"name":"(anonymous_45)","decl":{"start":{"line":497,"column":34},"end":{"line":497,"column":35}},"loc":{"start":{"line":497,"column":55},"end":{"line":503,"column":5}},"line":497},"46":{"name":"(anonymous_46)","decl":{"start":{"line":498,"column":88},"end":{"line":498,"column":89}},"loc":{"start":{"line":498,"column":110},"end":{"line":502,"column":9}},"line":498},"47":{"name":"(anonymous_47)","decl":{"start":{"line":518,"column":23},"end":{"line":518,"column":24}},"loc":{"start":{"line":518,"column":42},"end":{"line":522,"column":1}},"line":518},"48":{"name":"(anonymous_48)","decl":{"start":{"line":520,"column":36},"end":{"line":520,"column":37}},"loc":{"start":{"line":520,"column":45},"end":{"line":520,"column":79}},"line":520},"49":{"name":"(anonymous_49)","decl":{"start":{"line":525,"column":30},"end":{"line":525,"column":31}},"loc":{"start":{"line":525,"column":50},"end":{"line":546,"column":1}},"line":525},"50":{"name":"(anonymous_50)","decl":{"start":{"line":528,"column":28},"end":{"line":528,"column":29}},"loc":{"start":{"line":528,"column":49},"end":{"line":530,"column":3}},"line":528},"51":{"name":"(anonymous_51)","decl":{"start":{"line":532,"column":44},"end":{"line":532,"column":45}},"loc":{"start":{"line":532,"column":65},"end":{"line":538,"column":1}},"line":532},"52":{"name":"(anonymous_52)","decl":{"start":{"line":533,"column":152},"end":{"line":533,"column":153}},"loc":{"start":{"line":533,"column":174},"end":{"line":537,"column":5}},"line":533},"53":{"name":"(anonymous_53)","decl":{"start":{"line":548,"column":25},"end":{"line":548,"column":26}},"loc":{"start":{"line":548,"column":44},"end":{"line":562,"column":1}},"line":548},"54":{"name":"(anonymous_54)","decl":{"start":{"line":550,"column":45},"end":{"line":550,"column":46}},"loc":{"start":{"line":550,"column":66},"end":{"line":556,"column":5}},"line":550},"55":{"name":"(anonymous_55)","decl":{"start":{"line":551,"column":172},"end":{"line":551,"column":173}},"loc":{"start":{"line":551,"column":194},"end":{"line":555,"column":7}},"line":551},"56":{"name":"(anonymous_56)","decl":{"start":{"line":564,"column":31},"end":{"line":564,"column":32}},"loc":{"start":{"line":564,"column":49},"end":{"line":579,"column":1}},"line":564},"57":{"name":"(anonymous_57)","decl":{"start":{"line":567,"column":40},"end":{"line":567,"column":41}},"loc":{"start":{"line":567,"column":61},"end":{"line":573,"column":5}},"line":567},"58":{"name":"(anonymous_58)","decl":{"start":{"line":568,"column":43},"end":{"line":568,"column":44}},"loc":{"start":{"line":568,"column":65},"end":{"line":572,"column":7}},"line":568},"59":{"name":"(anonymous_59)","decl":{"start":{"line":583,"column":28},"end":{"line":583,"column":29}},"loc":{"start":{"line":583,"column":42},"end":{"line":594,"column":1}},"line":583},"60":{"name":"(anonymous_60)","decl":{"start":{"line":597,"column":27},"end":{"line":597,"column":28}},"loc":{"start":{"line":597,"column":41},"end":{"line":600,"column":1}},"line":597},"61":{"name":"(anonymous_61)","decl":{"start":{"line":598,"column":34},"end":{"line":598,"column":35}},"loc":{"start":{"line":598,"column":42},"end":{"line":598,"column":67}},"line":598},"62":{"name":"(anonymous_62)","decl":{"start":{"line":604,"column":28},"end":{"line":604,"column":29}},"loc":{"start":{"line":604,"column":42},"end":{"line":659,"column":1}},"line":604},"63":{"name":"(anonymous_63)","decl":{"start":{"line":605,"column":26},"end":{"line":605,"column":27}},"loc":{"start":{"line":605,"column":36},"end":{"line":605,"column":75}},"line":605},"64":{"name":"(anonymous_64)","decl":{"start":{"line":609,"column":41},"end":{"line":609,"column":42}},"loc":{"start":{"line":609,"column":62},"end":{"line":616,"column":5}},"line":609},"65":{"name":"(anonymous_65)","decl":{"start":{"line":610,"column":78},"end":{"line":610,"column":79}},"loc":{"start":{"line":610,"column":100},"end":{"line":615,"column":7}},"line":610},"66":{"name":"(anonymous_66)","decl":{"start":{"line":618,"column":43},"end":{"line":618,"column":44}},"loc":{"start":{"line":618,"column":64},"end":{"line":625,"column":5}},"line":618},"67":{"name":"(anonymous_67)","decl":{"start":{"line":619,"column":85},"end":{"line":619,"column":86}},"loc":{"start":{"line":619,"column":106},"end":{"line":624,"column":7}},"line":619},"68":{"name":"(anonymous_68)","decl":{"start":{"line":627,"column":49},"end":{"line":627,"column":50}},"loc":{"start":{"line":627,"column":70},"end":{"line":634,"column":5}},"line":627},"69":{"name":"(anonymous_69)","decl":{"start":{"line":628,"column":91},"end":{"line":628,"column":92}},"loc":{"start":{"line":628,"column":112},"end":{"line":633,"column":7}},"line":628},"70":{"name":"(anonymous_70)","decl":{"start":{"line":638,"column":12},"end":{"line":638,"column":13}},"loc":{"start":{"line":638,"column":25},"end":{"line":649,"column":7}},"line":638},"71":{"name":"(anonymous_71)","decl":{"start":{"line":642,"column":33},"end":{"line":642,"column":34}},"loc":{"start":{"line":642,"column":42},"end":{"line":642,"column":57}},"line":642},"72":{"name":"(anonymous_72)","decl":{"start":{"line":643,"column":45},"end":{"line":643,"column":46}},"loc":{"start":{"line":643,"column":54},"end":{"line":646,"column":11}},"line":643},"73":{"name":"(anonymous_73)","decl":{"start":{"line":650,"column":13},"end":{"line":650,"column":14}},"loc":{"start":{"line":650,"column":21},"end":{"line":653,"column":7}},"line":650},"74":{"name":"(anonymous_74)","decl":{"start":{"line":662,"column":28},"end":{"line":662,"column":29}},"loc":{"start":{"line":662,"column":48},"end":{"line":777,"column":1}},"line":662},"75":{"name":"(anonymous_75)","decl":{"start":{"line":678,"column":83},"end":{"line":678,"column":84}},"loc":{"start":{"line":678,"column":96},"end":{"line":683,"column":9}},"line":678},"76":{"name":"(anonymous_76)","decl":{"start":{"line":686,"column":22},"end":{"line":686,"column":23}},"loc":{"start":{"line":686,"column":43},"end":{"line":694,"column":5}},"line":686},"77":{"name":"(anonymous_77)","decl":{"start":{"line":687,"column":68},"end":{"line":687,"column":69}},"loc":{"start":{"line":687,"column":82},"end":{"line":693,"column":7}},"line":687},"78":{"name":"(anonymous_78)","decl":{"start":{"line":698,"column":24},"end":{"line":698,"column":25}},"loc":{"start":{"line":698,"column":45},"end":{"line":706,"column":7}},"line":698},"79":{"name":"(anonymous_79)","decl":{"start":{"line":699,"column":94},"end":{"line":699,"column":95}},"loc":{"start":{"line":699,"column":108},"end":{"line":705,"column":9}},"line":699},"80":{"name":"(anonymous_80)","decl":{"start":{"line":714,"column":22},"end":{"line":714,"column":23}},"loc":{"start":{"line":714,"column":43},"end":{"line":722,"column":5}},"line":714},"81":{"name":"(anonymous_81)","decl":{"start":{"line":715,"column":74},"end":{"line":715,"column":75}},"loc":{"start":{"line":715,"column":87},"end":{"line":721,"column":7}},"line":715},"82":{"name":"(anonymous_82)","decl":{"start":{"line":726,"column":24},"end":{"line":726,"column":25}},"loc":{"start":{"line":726,"column":45},"end":{"line":735,"column":7}},"line":726},"83":{"name":"(anonymous_83)","decl":{"start":{"line":728,"column":107},"end":{"line":728,"column":108}},"loc":{"start":{"line":728,"column":120},"end":{"line":734,"column":9}},"line":728},"84":{"name":"(anonymous_84)","decl":{"start":{"line":742,"column":26},"end":{"line":742,"column":27}},"loc":{"start":{"line":742,"column":36},"end":{"line":742,"column":58}},"line":742},"85":{"name":"(anonymous_85)","decl":{"start":{"line":783,"column":38},"end":{"line":783,"column":39}},"loc":{"start":{"line":783,"column":52},"end":{"line":801,"column":1}},"line":783},"86":{"name":"(anonymous_86)","decl":{"start":{"line":794,"column":15},"end":{"line":794,"column":16}},"loc":{"start":{"line":794,"column":33},"end":{"line":800,"column":3}},"line":794},"87":{"name":"(anonymous_87)","decl":{"start":{"line":804,"column":39},"end":{"line":804,"column":40}},"loc":{"start":{"line":804,"column":53},"end":{"line":835,"column":1}},"line":804},"88":{"name":"(anonymous_88)","decl":{"start":{"line":813,"column":67},"end":{"line":813,"column":68}},"loc":{"start":{"line":813,"column":84},"end":{"line":834,"column":3}},"line":813},"89":{"name":"(anonymous_89)","decl":{"start":{"line":826,"column":6},"end":{"line":826,"column":7}},"loc":{"start":{"line":826,"column":15},"end":{"line":832,"column":7}},"line":826},"90":{"name":"(anonymous_90)","decl":{"start":{"line":838,"column":50},"end":{"line":838,"column":51}},"loc":{"start":{"line":838,"column":64},"end":{"line":880,"column":1}},"line":838},"91":{"name":"(anonymous_91)","decl":{"start":{"line":843,"column":67},"end":{"line":843,"column":68}},"loc":{"start":{"line":843,"column":84},"end":{"line":879,"column":3}},"line":843},"92":{"name":"(anonymous_92)","decl":{"start":{"line":856,"column":6},"end":{"line":856,"column":7}},"loc":{"start":{"line":856,"column":23},"end":{"line":877,"column":7}},"line":856},"93":{"name":"(anonymous_93)","decl":{"start":{"line":869,"column":10},"end":{"line":869,"column":11}},"loc":{"start":{"line":869,"column":19},"end":{"line":875,"column":11}},"line":869},"94":{"name":"(anonymous_94)","decl":{"start":{"line":883,"column":27},"end":{"line":883,"column":28}},"loc":{"start":{"line":883,"column":41},"end":{"line":888,"column":1}},"line":883},"95":{"name":"init","decl":{"start":{"line":892,"column":15},"end":{"line":892,"column":19}},"loc":{"start":{"line":892,"column":22},"end":{"line":895,"column":1}},"line":892}},"branchMap":{"0":{"loc":{"start":{"line":18,"column":12},"end":{"line":18,"column":60}},"type":"binary-expr","locations":[{"start":{"line":18,"column":12},"end":{"line":18,"column":38}},{"start":{"line":18,"column":42},"end":{"line":18,"column":60}}],"line":18},"1":{"loc":{"start":{"line":87,"column":6},"end":{"line":90,"column":7}},"type":"if","locations":[{"start":{"line":87,"column":6},"end":{"line":90,"column":7}},{"start":{},"end":{}}],"line":87},"2":{"loc":{"start":{"line":97,"column":2},"end":{"line":99,"column":3}},"type":"if","locations":[{"start":{"line":97,"column":2},"end":{"line":99,"column":3}},{"start":{},"end":{}}],"line":97},"3":{"loc":{"start":{"line":97,"column":6},"end":{"line":97,"column":39}},"type":"binary-expr","locations":[{"start":{"line":97,"column":6},"end":{"line":97,"column":18}},{"start":{"line":97,"column":22},"end":{"line":97,"column":39}}],"line":97},"4":{"loc":{"start":{"line":106,"column":27},"end":{"line":106,"column":45}},"type":"default-arg","locations":[{"start":{"line":106,"column":34},"end":{"line":106,"column":45}}],"line":106},"5":{"loc":{"start":{"line":121,"column":14},"end":{"line":127,"column":15}},"type":"if","locations":[{"start":{"line":121,"column":14},"end":{"line":127,"column":15}},{"start":{},"end":{}}],"line":121},"6":{"loc":{"start":{"line":122,"column":18},"end":{"line":124,"column":19}},"type":"if","locations":[{"start":{"line":122,"column":18},"end":{"line":124,"column":19}},{"start":{},"end":{}}],"line":122},"7":{"loc":{"start":{"line":179,"column":4},"end":{"line":181,"column":5}},"type":"if","locations":[{"start":{"line":179,"column":4},"end":{"line":181,"column":5}},{"start":{},"end":{}}],"line":179},"8":{"loc":{"start":{"line":182,"column":4},"end":{"line":184,"column":5}},"type":"if","locations":[{"start":{"line":182,"column":4},"end":{"line":184,"column":5}},{"start":{},"end":{}}],"line":182},"9":{"loc":{"start":{"line":195,"column":12},"end":{"line":198,"column":13}},"type":"if","locations":[{"start":{"line":195,"column":12},"end":{"line":198,"column":13}},{"start":{},"end":{}}],"line":195},"10":{"loc":{"start":{"line":200,"column":12},"end":{"line":202,"column":13}},"type":"if","locations":[{"start":{"line":200,"column":12},"end":{"line":202,"column":13}},{"start":{},"end":{}}],"line":200},"11":{"loc":{"start":{"line":200,"column":16},"end":{"line":200,"column":50}},"type":"binary-expr","locations":[{"start":{"line":200,"column":16},"end":{"line":200,"column":25}},{"start":{"line":200,"column":29},"end":{"line":200,"column":50}}],"line":200},"12":{"loc":{"start":{"line":206,"column":16},"end":{"line":209,"column":17}},"type":"if","locations":[{"start":{"line":206,"column":16},"end":{"line":209,"column":17}},{"start":{},"end":{}}],"line":206},"13":{"loc":{"start":{"line":211,"column":16},"end":{"line":213,"column":17}},"type":"if","locations":[{"start":{"line":211,"column":16},"end":{"line":213,"column":17}},{"start":{},"end":{}}],"line":211},"14":{"loc":{"start":{"line":220,"column":30},"end":{"line":220,"column":49}},"type":"binary-expr","locations":[{"start":{"line":220,"column":30},"end":{"line":220,"column":43}},{"start":{"line":220,"column":47},"end":{"line":220,"column":49}}],"line":220},"15":{"loc":{"start":{"line":222,"column":31},"end":{"line":222,"column":53}},"type":"binary-expr","locations":[{"start":{"line":222,"column":31},"end":{"line":222,"column":47}},{"start":{"line":222,"column":51},"end":{"line":222,"column":53}}],"line":222},"16":{"loc":{"start":{"line":223,"column":31},"end":{"line":223,"column":54}},"type":"binary-expr","locations":[{"start":{"line":223,"column":31},"end":{"line":223,"column":48}},{"start":{"line":223,"column":52},"end":{"line":223,"column":54}}],"line":223},"17":{"loc":{"start":{"line":224,"column":30},"end":{"line":224,"column":45}},"type":"binary-expr","locations":[{"start":{"line":224,"column":30},"end":{"line":224,"column":39}},{"start":{"line":224,"column":43},"end":{"line":224,"column":45}}],"line":224},"18":{"loc":{"start":{"line":225,"column":31},"end":{"line":225,"column":47}},"type":"binary-expr","locations":[{"start":{"line":225,"column":31},"end":{"line":225,"column":41}},{"start":{"line":225,"column":45},"end":{"line":225,"column":47}}],"line":225},"19":{"loc":{"start":{"line":226,"column":29},"end":{"line":226,"column":47}},"type":"binary-expr","locations":[{"start":{"line":226,"column":29},"end":{"line":226,"column":41}},{"start":{"line":226,"column":45},"end":{"line":226,"column":47}}],"line":226},"20":{"loc":{"start":{"line":254,"column":2},"end":{"line":256,"column":3}},"type":"if","locations":[{"start":{"line":254,"column":2},"end":{"line":256,"column":3}},{"start":{},"end":{}}],"line":254},"21":{"loc":{"start":{"line":269,"column":10},"end":{"line":272,"column":11}},"type":"if","locations":[{"start":{"line":269,"column":10},"end":{"line":272,"column":11}},{"start":{},"end":{}}],"line":269},"22":{"loc":{"start":{"line":274,"column":10},"end":{"line":276,"column":11}},"type":"if","locations":[{"start":{"line":274,"column":10},"end":{"line":276,"column":11}},{"start":{},"end":{}}],"line":274},"23":{"loc":{"start":{"line":274,"column":14},"end":{"line":274,"column":48}},"type":"binary-expr","locations":[{"start":{"line":274,"column":14},"end":{"line":274,"column":23}},{"start":{"line":274,"column":27},"end":{"line":274,"column":48}}],"line":274},"24":{"loc":{"start":{"line":285,"column":24},"end":{"line":285,"column":45}},"type":"binary-expr","locations":[{"start":{"line":285,"column":24},"end":{"line":285,"column":39}},{"start":{"line":285,"column":43},"end":{"line":285,"column":45}}],"line":285},"25":{"loc":{"start":{"line":293,"column":2},"end":{"line":297,"column":3}},"type":"if","locations":[{"start":{"line":293,"column":2},"end":{"line":297,"column":3}},{"start":{"line":295,"column":9},"end":{"line":297,"column":3}}],"line":293},"26":{"loc":{"start":{"line":318,"column":4},"end":{"line":320,"column":5}},"type":"if","locations":[{"start":{"line":318,"column":4},"end":{"line":320,"column":5}},{"start":{},"end":{}}],"line":318},"27":{"loc":{"start":{"line":318,"column":8},"end":{"line":318,"column":93}},"type":"binary-expr","locations":[{"start":{"line":318,"column":8},"end":{"line":318,"column":13}},{"start":{"line":318,"column":17},"end":{"line":318,"column":26}},{"start":{"line":318,"column":30},"end":{"line":318,"column":36}},{"start":{"line":318,"column":40},"end":{"line":318,"column":55}},{"start":{"line":318,"column":59},"end":{"line":318,"column":72}},{"start":{"line":318,"column":76},"end":{"line":318,"column":81}},{"start":{"line":318,"column":85},"end":{"line":318,"column":93}}],"line":318},"28":{"loc":{"start":{"line":376,"column":6},"end":{"line":380,"column":7}},"type":"if","locations":[{"start":{"line":376,"column":6},"end":{"line":380,"column":7}},{"start":{},"end":{}}],"line":376},"29":{"loc":{"start":{"line":414,"column":4},"end":{"line":461,"column":5}},"type":"if","locations":[{"start":{"line":414,"column":4},"end":{"line":461,"column":5}},{"start":{"line":439,"column":11},"end":{"line":461,"column":5}}],"line":414},"30":{"loc":{"start":{"line":439,"column":11},"end":{"line":461,"column":5}},"type":"if","locations":[{"start":{"line":439,"column":11},"end":{"line":461,"column":5}},{"start":{},"end":{}}],"line":439},"31":{"loc":{"start":{"line":445,"column":12},"end":{"line":445,"column":40}},"type":"if","locations":[{"start":{"line":445,"column":12},"end":{"line":445,"column":40}},{"start":{},"end":{}}],"line":445},"32":{"loc":{"start":{"line":456,"column":12},"end":{"line":456,"column":40}},"type":"if","locations":[{"start":{"line":456,"column":12},"end":{"line":456,"column":40}},{"start":{},"end":{}}],"line":456},"33":{"loc":{"start":{"line":606,"column":2},"end":{"line":658,"column":3}},"type":"if","locations":[{"start":{"line":606,"column":2},"end":{"line":658,"column":3}},{"start":{"line":655,"column":9},"end":{"line":658,"column":3}}],"line":606},"34":{"loc":{"start":{"line":611,"column":8},"end":{"line":614,"column":9}},"type":"if","locations":[{"start":{"line":611,"column":8},"end":{"line":614,"column":9}},{"start":{"line":612,"column":12},"end":{"line":614,"column":9}}],"line":611},"35":{"loc":{"start":{"line":620,"column":8},"end":{"line":623,"column":9}},"type":"if","locations":[{"start":{"line":620,"column":8},"end":{"line":623,"column":9}},{"start":{"line":621,"column":12},"end":{"line":623,"column":9}}],"line":620},"36":{"loc":{"start":{"line":629,"column":8},"end":{"line":632,"column":9}},"type":"if","locations":[{"start":{"line":629,"column":8},"end":{"line":632,"column":9}},{"start":{"line":630,"column":12},"end":{"line":632,"column":9}}],"line":629},"37":{"loc":{"start":{"line":679,"column":10},"end":{"line":682,"column":11}},"type":"if","locations":[{"start":{"line":679,"column":10},"end":{"line":682,"column":11}},{"start":{"line":680,"column":14},"end":{"line":682,"column":11}}],"line":679},"38":{"loc":{"start":{"line":688,"column":8},"end":{"line":692,"column":9}},"type":"if","locations":[{"start":{"line":688,"column":8},"end":{"line":692,"column":9}},{"start":{"line":689,"column":13},"end":{"line":692,"column":9}}],"line":688},"39":{"loc":{"start":{"line":696,"column":24},"end":{"line":696,"column":59}},"type":"cond-expr","locations":[{"start":{"line":696,"column":48},"end":{"line":696,"column":54}},{"start":{"line":696,"column":57},"end":{"line":696,"column":59}}],"line":696},"40":{"loc":{"start":{"line":700,"column":10},"end":{"line":704,"column":11}},"type":"if","locations":[{"start":{"line":700,"column":10},"end":{"line":704,"column":11}},{"start":{"line":701,"column":15},"end":{"line":704,"column":11}}],"line":700},"41":{"loc":{"start":{"line":716,"column":8},"end":{"line":720,"column":9}},"type":"if","locations":[{"start":{"line":716,"column":8},"end":{"line":720,"column":9}},{"start":{"line":717,"column":13},"end":{"line":720,"column":9}}],"line":716},"42":{"loc":{"start":{"line":724,"column":30},"end":{"line":724,"column":77}},"type":"cond-expr","locations":[{"start":{"line":724,"column":60},"end":{"line":724,"column":72}},{"start":{"line":724,"column":75},"end":{"line":724,"column":77}}],"line":724},"43":{"loc":{"start":{"line":729,"column":10},"end":{"line":733,"column":11}},"type":"if","locations":[{"start":{"line":729,"column":10},"end":{"line":733,"column":11}},{"start":{"line":730,"column":14},"end":{"line":733,"column":11}}],"line":729},"44":{"loc":{"start":{"line":750,"column":18},"end":{"line":750,"column":67}},"type":"cond-expr","locations":[{"start":{"line":750,"column":43},"end":{"line":750,"column":51}},{"start":{"line":750,"column":54},"end":{"line":750,"column":67}}],"line":750},"45":{"loc":{"start":{"line":751,"column":21},"end":{"line":751,"column":73}},"type":"cond-expr","locations":[{"start":{"line":751,"column":46},"end":{"line":751,"column":54}},{"start":{"line":751,"column":57},"end":{"line":751,"column":73}}],"line":751},"46":{"loc":{"start":{"line":752,"column":22},"end":{"line":752,"column":81}},"type":"cond-expr","locations":[{"start":{"line":752,"column":47},"end":{"line":752,"column":55}},{"start":{"line":752,"column":58},"end":{"line":752,"column":81}}],"line":752},"47":{"loc":{"start":{"line":752,"column":58},"end":{"line":752,"column":81}},"type":"binary-expr","locations":[{"start":{"line":752,"column":58},"end":{"line":752,"column":75}},{"start":{"line":752,"column":79},"end":{"line":752,"column":81}}],"line":752},"48":{"loc":{"start":{"line":753,"column":14},"end":{"line":753,"column":57}},"type":"cond-expr","locations":[{"start":{"line":753,"column":35},"end":{"line":753,"column":39}},{"start":{"line":753,"column":42},"end":{"line":753,"column":57}}],"line":753},"49":{"loc":{"start":{"line":753,"column":42},"end":{"line":753,"column":57}},"type":"binary-expr","locations":[{"start":{"line":753,"column":42},"end":{"line":753,"column":51}},{"start":{"line":753,"column":55},"end":{"line":753,"column":57}}],"line":753},"50":{"loc":{"start":{"line":754,"column":15},"end":{"line":754,"column":61}},"type":"cond-expr","locations":[{"start":{"line":754,"column":37},"end":{"line":754,"column":42}},{"start":{"line":754,"column":45},"end":{"line":754,"column":61}}],"line":754},"51":{"loc":{"start":{"line":754,"column":45},"end":{"line":754,"column":61}},"type":"binary-expr","locations":[{"start":{"line":754,"column":45},"end":{"line":754,"column":55}},{"start":{"line":754,"column":59},"end":{"line":754,"column":61}}],"line":754},"52":{"loc":{"start":{"line":755,"column":17},"end":{"line":755,"column":69}},"type":"cond-expr","locations":[{"start":{"line":755,"column":41},"end":{"line":755,"column":48}},{"start":{"line":755,"column":51},"end":{"line":755,"column":69}}],"line":755},"53":{"loc":{"start":{"line":755,"column":51},"end":{"line":755,"column":69}},"type":"binary-expr","locations":[{"start":{"line":755,"column":51},"end":{"line":755,"column":63}},{"start":{"line":755,"column":67},"end":{"line":755,"column":69}}],"line":755},"54":{"loc":{"start":{"line":756,"column":21},"end":{"line":756,"column":85}},"type":"cond-expr","locations":[{"start":{"line":756,"column":49},"end":{"line":756,"column":60}},{"start":{"line":756,"column":63},"end":{"line":756,"column":85}}],"line":756},"55":{"loc":{"start":{"line":756,"column":63},"end":{"line":756,"column":85}},"type":"binary-expr","locations":[{"start":{"line":756,"column":63},"end":{"line":756,"column":79}},{"start":{"line":756,"column":83},"end":{"line":756,"column":85}}],"line":756},"56":{"loc":{"start":{"line":757,"column":16},"end":{"line":757,"column":66}},"type":"cond-expr","locations":[{"start":{"line":757,"column":40},"end":{"line":757,"column":46}},{"start":{"line":757,"column":49},"end":{"line":757,"column":66}}],"line":757},"57":{"loc":{"start":{"line":757,"column":49},"end":{"line":757,"column":66}},"type":"binary-expr","locations":[{"start":{"line":757,"column":49},"end":{"line":757,"column":60}},{"start":{"line":757,"column":64},"end":{"line":757,"column":66}}],"line":757},"58":{"loc":{"start":{"line":758,"column":22},"end":{"line":758,"column":90}},"type":"cond-expr","locations":[{"start":{"line":758,"column":52},"end":{"line":758,"column":64}},{"start":{"line":758,"column":67},"end":{"line":758,"column":90}}],"line":758},"59":{"loc":{"start":{"line":758,"column":67},"end":{"line":758,"column":90}},"type":"binary-expr","locations":[{"start":{"line":758,"column":67},"end":{"line":758,"column":84}},{"start":{"line":758,"column":88},"end":{"line":758,"column":90}}],"line":758},"60":{"loc":{"start":{"line":771,"column":12},"end":{"line":771,"column":29}},"type":"binary-expr","locations":[{"start":{"line":771,"column":12},"end":{"line":771,"column":23}},{"start":{"line":771,"column":27},"end":{"line":771,"column":29}}],"line":771},"61":{"loc":{"start":{"line":772,"column":22},"end":{"line":772,"column":49}},"type":"binary-expr","locations":[{"start":{"line":772,"column":22},"end":{"line":772,"column":43}},{"start":{"line":772,"column":47},"end":{"line":772,"column":49}}],"line":772},"62":{"loc":{"start":{"line":773,"column":19},"end":{"line":773,"column":43}},"type":"binary-expr","locations":[{"start":{"line":773,"column":19},"end":{"line":773,"column":37}},{"start":{"line":773,"column":41},"end":{"line":773,"column":43}}],"line":773},"63":{"loc":{"start":{"line":808,"column":2},"end":{"line":810,"column":3}},"type":"if","locations":[{"start":{"line":808,"column":2},"end":{"line":810,"column":3}},{"start":{},"end":{}}],"line":808},"64":{"loc":{"start":{"line":818,"column":4},"end":{"line":820,"column":5}},"type":"if","locations":[{"start":{"line":818,"column":4},"end":{"line":820,"column":5}},{"start":{},"end":{}}],"line":818},"65":{"loc":{"start":{"line":848,"column":4},"end":{"line":850,"column":5}},"type":"if","locations":[{"start":{"line":848,"column":4},"end":{"line":850,"column":5}},{"start":{},"end":{}}],"line":848},"66":{"loc":{"start":{"line":861,"column":8},"end":{"line":863,"column":9}},"type":"if","locations":[{"start":{"line":861,"column":8},"end":{"line":863,"column":9}},{"start":{},"end":{}}],"line":861},"67":{"loc":{"start":{"line":884,"column":2},"end":{"line":886,"column":3}},"type":"if","locations":[{"start":{"line":884,"column":2},"end":{"line":886,"column":3}},{"start":{},"end":{}}],"line":884}},"s":{"0":1,"1":1,"2":1,"3":1,"4":1,"5":1,"6":1,"7":1,"8":1,"9":1,"10":1,"11":1,"12":17,"13":17,"14":17,"15":17,"16":17,"17":56,"18":2,"19":2,"20":2,"21":2,"22":2,"23":23,"24":23,"25":23,"26":2,"27":0,"28":1,"29":0,"30":0,"31":0,"32":0,"33":1,"34":1,"35":1,"36":0,"37":1,"38":3,"39":3,"40":3,"41":3,"42":1,"43":1,"44":0,"45":0,"46":2,"47":2,"48":2,"49":2,"50":1,"51":13,"52":13,"53":13,"54":1,"55":12,"56":1,"57":11,"58":11,"59":0,"60":0,"61":11,"62":10,"63":1,"64":1,"65":1,"66":0,"67":0,"68":1,"69":0,"70":1,"71":1,"72":1,"73":10,"74":10,"75":1,"76":0,"77":0,"78":0,"79":0,"80":0,"81":0,"82":0,"83":0,"84":0,"85":0,"86":0,"87":0,"88":0,"89":1,"90":0,"91":0,"92":0,"93":1,"94":1,"95":1,"96":1,"97":1,"98":1,"99":2,"100":2,"101":1,"102":1,"103":1,"104":2,"105":2,"106":2,"107":2,"108":1,"109":1,"110":1,"111":0,"112":0,"113":1,"114":1,"115":1,"116":1,"117":1,"118":0,"119":1,"120":1,"121":2,"122":2,"123":2,"124":2,"125":1,"126":1,"127":1,"128":1,"129":1,"130":1,"131":1,"132":1,"133":1,"134":1,"135":0,"136":1,"137":1,"138":1,"139":1,"140":0,"141":1,"142":2,"143":0,"144":0,"145":1,"146":1,"147":1,"148":1,"149":1,"150":1,"151":1,"152":0,"153":1,"154":1,"155":1,"156":1,"157":1,"158":1,"159":1,"160":0,"161":1,"162":1,"163":1,"164":11,"165":1,"166":1,"167":1,"168":1,"169":1,"170":1,"171":1,"172":1,"173":1,"174":1,"175":1,"176":1,"177":0,"178":0,"179":0,"180":0,"181":0,"182":0,"183":1,"184":0,"185":0,"186":0,"187":0,"188":0,"189":0,"190":1,"191":0,"192":0,"193":1,"194":1,"195":3,"196":1,"197":1,"198":3,"199":13,"200":3,"201":2,"202":2,"203":2,"204":0,"205":2,"206":2,"207":2,"208":2,"209":0,"210":2,"211":2,"212":2,"213":2,"214":0,"215":2,"216":2,"217":2,"218":2,"219":2,"220":2,"221":2,"222":2,"223":0,"224":0,"225":1,"226":3,"227":3,"228":3,"229":0,"230":3,"231":3,"232":3,"233":3,"234":3,"235":0,"236":3,"237":3,"238":3,"239":3,"240":2,"241":2,"242":2,"243":0,"244":2,"245":2,"246":1,"247":3,"248":3,"249":3,"250":3,"251":0,"252":3,"253":3,"254":3,"255":3,"256":2,"257":2,"258":2,"259":2,"260":0,"261":2,"262":2,"263":2,"264":3,"265":12,"266":2,"267":2,"268":2,"269":2,"270":2,"271":2,"272":2,"273":2,"274":2,"275":2,"276":2,"277":1,"278":1,"279":1,"280":1,"281":1,"282":4,"283":4,"284":4,"285":2,"286":2,"287":2,"288":1,"289":1,"290":1,"291":1,"292":4,"293":4,"294":4,"295":4,"296":1,"297":3,"298":3,"299":1,"300":2,"301":2,"302":1,"303":2,"304":1,"305":1,"306":0,"307":0,"308":1},"f":{"0":17,"1":17,"2":17,"3":56,"4":2,"5":2,"6":2,"7":23,"8":23,"9":23,"10":0,"11":1,"12":3,"13":3,"14":3,"15":2,"16":13,"17":11,"18":1,"19":10,"20":0,"21":0,"22":0,"23":1,"24":1,"25":2,"26":1,"27":2,"28":2,"29":1,"30":1,"31":1,"32":2,"33":1,"34":1,"35":1,"36":1,"37":1,"38":1,"39":1,"40":1,"41":1,"42":1,"43":1,"44":1,"45":1,"46":1,"47":1,"48":11,"49":1,"50":1,"51":1,"52":1,"53":0,"54":0,"55":0,"56":0,"57":0,"58":0,"59":0,"60":1,"61":3,"62":3,"63":13,"64":2,"65":2,"66":2,"67":2,"68":2,"69":2,"70":2,"71":2,"72":2,"73":0,"74":3,"75":3,"76":3,"77":3,"78":2,"79":2,"80":3,"81":3,"82":2,"83":2,"84":12,"85":1,"86":1,"87":4,"88":2,"89":1,"90":4,"91":4,"92":3,"93":2,"94":2,"95":0},"b":{"0":[1,1],"1":[0,0],"2":[1,0],"3":[1,1],"4":[3],"5":[1,2],"6":[1,0],"7":[1,12],"8":[1,11],"9":[0,11],"10":[10,1],"11":[11,11],"12":[0,1],"13":[0,1],"14":[1,0],"15":[1,1],"16":[1,1],"17":[1,1],"18":[1,1],"19":[1,1],"20":[0,0],"21":[0,0],"22":[0,0],"23":[0,0],"24":[0,0],"25":[0,0],"26":[1,1],"27":[2,2,1,1,1,1,1],"28":[1,1],"29":[1,1],"30":[1,0],"31":[0,1],"32":[0,1],"33":[2,1],"34":[0,2],"35":[0,2],"36":[0,2],"37":[0,3],"38":[0,3],"39":[2,1],"40":[0,2],"41":[0,3],"42":[1,2],"43":[0,2],"44":[2,0],"45":[1,1],"46":[1,1],"47":[1,0],"48":[1,1],"49":[1,0],"50":[1,1],"51":[1,0],"52":[1,1],"53":[1,0],"54":[1,1],"55":[1,0],"56":[2,0],"57":[0,0],"58":[1,1],"59":[1,0],"60":[2,0],"61":[2,2],"62":[2,2],"63":[2,2],"64":[1,1],"65":[1,3],"66":[1,2],"67":[1,1]},"_coverageSchema":"1a1c01bbd47fc00a2c39e90264f33305004495a9","hash":"f30c109bb8a727080fd750d28361174ddedc574c"}
}
