TN:
SF:server.js
FN:81,(anonymous_0)
FN:95,(anonymous_1)
FN:104,(anonymous_2)
FN:107,(anonymous_3)
FN:120,(anonymous_4)
FN:132,(anonymous_5)
FN:166,(anonymous_6)
FN:173,(anonymous_7)
FN:186,(anonymous_8)
FN:200,(anonymous_9)
FN:205,(anonymous_10)
FN:211,(anonymous_11)
FN:214,(anonymous_12)
FN:232,(anonymous_13)
FN:233,(anonymous_14)
FN:243,(anonymous_15)
FN:246,(anonymous_16)
FN:266,(anonymous_17)
FN:267,(anonymous_18)
FN:268,(anonymous_19)
FN:269,(anonymous_20)
FN:274,(anonymous_21)
FN:296,(anonymous_22)
FN:299,(anonymous_23)
FN:317,(anonymous_24)
FN:322,(anonymous_25)
FN:327,(anonymous_26)
FN:333,(anonymous_27)
FN:339,(anonymous_28)
FN:340,(anonymous_29)
FN:345,(anonymous_30)
FN:350,(anonymous_31)
FN:357,(anonymous_32)
FN:359,(anonymous_33)
FN:367,(anonymous_34)
FN:368,(anonymous_35)
FN:378,(anonymous_36)
FN:393,(anonymous_37)
FN:432,(anonymous_38)
FN:446,(anonymous_39)
FN:472,(anonymous_40)
FN:475,(anonymous_41)
FN:489,(anonymous_42)
FNF:43
FNH:31
FNDA:3,(anonymous_0)
FNDA:5,(anonymous_1)
FNDA:4,(anonymous_2)
FNDA:13,(anonymous_3)
FNDA:17,(anonymous_4)
FNDA:34,(anonymous_5)
FNDA:16,(anonymous_6)
FNDA:2,(anonymous_7)
FNDA:3,(anonymous_8)
FNDA:1,(anonymous_9)
FNDA:0,(anonymous_10)
FNDA:0,(anonymous_11)
FNDA:0,(anonymous_12)
FNDA:4,(anonymous_13)
FNDA:15,(anonymous_14)
FNDA:2,(anonymous_15)
FNDA:6,(anonymous_16)
FNDA:0,(anonymous_17)
FNDA:0,(anonymous_18)
FNDA:0,(anonymous_19)
FNDA:0,(anonymous_20)
FNDA:5,(anonymous_21)
FNDA:0,(anonymous_22)
FNDA:0,(anonymous_23)
FNDA:2,(anonymous_24)
FNDA:3,(anonymous_25)
FNDA:3,(anonymous_26)
FNDA:3,(anonymous_27)
FNDA:2,(anonymous_28)
FNDA:2,(anonymous_29)
FNDA:1,(anonymous_30)
FNDA:0,(anonymous_31)
FNDA:0,(anonymous_32)
FNDA:0,(anonymous_33)
FNDA:2,(anonymous_34)
FNDA:1,(anonymous_35)
FNDA:2,(anonymous_36)
FNDA:8,(anonymous_37)
FNDA:9,(anonymous_38)
FNDA:11,(anonymous_39)
FNDA:6,(anonymous_40)
FNDA:20,(anonymous_41)
FNDA:2,(anonymous_42)
DA:1,3
DA:2,3
DA:3,3
DA:4,3
DA:5,3
DA:7,3
DA:8,3
DA:10,3
DA:14,3
DA:15,3
DA:25,3
DA:81,3
DA:82,3
DA:83,10
DA:84,9
DA:85,7
DA:91,3
DA:95,3
DA:96,5
DA:97,1
DA:99,4
DA:104,3
DA:105,4
DA:106,4
DA:107,13
DA:108,2
DA:109,2
DA:110,2
DA:111,2
DA:120,3
DA:121,17
DA:124,17
DA:125,1
DA:128,16
DA:129,1
DA:132,34
DA:135,15
DA:136,15
DA:138,15
DA:139,1
DA:143,14
DA:158,14
DA:166,3
DA:168,16
DA:169,16
DA:173,3
DA:174,2
DA:175,2
DA:176,1
DA:178,1
DA:186,3
DA:187,3
DA:188,2
DA:190,1
DA:200,3
DA:201,1
DA:205,3
DA:206,0
DA:211,3
DA:212,0
DA:213,0
DA:214,0
DA:217,0
DA:218,0
DA:222,0
DA:227,0
DA:228,0
DA:232,3
DA:233,15
DA:234,4
DA:235,2
DA:238,2
DA:243,3
DA:244,2
DA:245,2
DA:246,6
DA:249,2
DA:250,1
DA:254,1
DA:259,1
DA:260,1
DA:263,3
DA:266,3
DA:267,0
DA:268,0
DA:269,0
DA:273,3
DA:274,3
DA:276,5
DA:277,5
DA:278,1
DA:280,4
DA:292,4
DA:293,4
DA:296,3
DA:297,0
DA:298,0
DA:299,0
DA:302,0
DA:303,0
DA:307,0
DA:312,0
DA:313,0
DA:317,3
DA:319,2
DA:322,3
DA:323,3
DA:327,3
DA:329,3
DA:330,1
DA:333,3
DA:335,2
DA:339,3
DA:340,2
DA:341,2
DA:345,3
DA:346,1
DA:347,1
DA:348,1
DA:350,1
DA:352,1
DA:353,1
DA:356,0
DA:357,0
DA:358,0
DA:359,0
DA:362,0
DA:367,3
DA:368,2
DA:369,2
DA:370,1
DA:378,3
DA:391,2
DA:393,8
DA:401,2
DA:402,2
DA:403,2
DA:404,2
DA:405,2
DA:406,2
DA:407,2
DA:408,2
DA:409,2
DA:412,2
DA:427,2
DA:432,3
DA:433,9
DA:436,9
DA:438,9
DA:439,8
DA:440,7
DA:441,6
DA:442,5
DA:443,4
DA:446,11
DA:448,3
DA:449,1
DA:454,2
DA:468,2
DA:472,3
DA:473,6
DA:474,6
DA:475,20
DA:477,6
DA:478,1
DA:481,5
DA:482,3
DA:485,2
DA:486,2
DA:489,3
DA:490,2
DA:491,1
DA:493,1
DA:502,3
LF:174
LH:149
BRDA:17,0,0,3
BRDA:17,0,1,3
BRDA:83,1,0,9
BRDA:83,1,1,1
BRDA:96,2,0,1
BRDA:96,2,1,4
BRDA:96,3,0,5
BRDA:96,3,1,5
BRDA:106,4,0,3
BRDA:106,5,0,4
BRDA:107,6,0,2
BRDA:107,6,1,2
BRDA:124,7,0,1
BRDA:124,7,1,16
BRDA:128,8,0,1
BRDA:128,8,1,15
BRDA:138,9,0,1
BRDA:138,9,1,14
BRDA:153,10,0,14
BRDA:153,10,1,8
BRDA:154,11,0,14
BRDA:154,11,1,8
BRDA:155,12,0,14
BRDA:155,12,1,1
BRDA:175,13,0,1
BRDA:175,13,1,1
BRDA:187,14,0,2
BRDA:187,14,1,1
BRDA:217,15,0,0
BRDA:217,15,1,0
BRDA:234,16,0,2
BRDA:234,16,1,2
BRDA:249,17,0,1
BRDA:249,17,1,1
BRDA:277,18,0,1
BRDA:277,18,1,4
BRDA:277,19,0,5
BRDA:277,19,1,5
BRDA:277,19,2,4
BRDA:277,19,3,4
BRDA:277,19,4,4
BRDA:277,19,5,4
BRDA:277,19,6,4
BRDA:302,20,0,0
BRDA:302,20,1,0
BRDA:329,21,0,1
BRDA:329,21,1,2
BRDA:352,22,0,1
BRDA:352,22,1,0
BRDA:358,23,0,0
BRDA:358,23,1,0
BRDA:369,24,0,1
BRDA:369,24,1,1
BRDA:401,25,0,2
BRDA:401,25,1,0
BRDA:402,26,0,2
BRDA:402,26,1,0
BRDA:403,27,0,0
BRDA:403,27,1,2
BRDA:403,28,0,2
BRDA:403,28,1,2
BRDA:404,29,0,2
BRDA:404,29,1,0
BRDA:404,30,0,0
BRDA:404,30,1,0
BRDA:405,31,0,2
BRDA:405,31,1,0
BRDA:405,32,0,0
BRDA:405,32,1,0
BRDA:406,33,0,2
BRDA:406,33,1,0
BRDA:406,34,0,0
BRDA:406,34,1,0
BRDA:407,35,0,2
BRDA:407,35,1,0
BRDA:407,36,0,0
BRDA:407,36,1,0
BRDA:408,37,0,0
BRDA:408,37,1,2
BRDA:408,38,0,2
BRDA:408,38,1,2
BRDA:409,39,0,0
BRDA:409,39,1,2
BRDA:409,40,0,2
BRDA:409,40,1,2
BRDA:422,41,0,2
BRDA:422,41,1,0
BRDA:423,42,0,2
BRDA:423,42,1,1
BRDA:424,43,0,2
BRDA:424,43,1,1
BRDA:438,44,0,1
BRDA:438,44,1,8
BRDA:439,45,0,1
BRDA:439,45,1,7
BRDA:440,46,0,1
BRDA:440,46,1,6
BRDA:441,47,0,1
BRDA:441,47,1,5
BRDA:442,48,0,1
BRDA:442,48,1,4
BRDA:443,49,0,1
BRDA:443,49,1,3
BRDA:448,50,0,1
BRDA:448,50,1,2
BRDA:477,51,0,1
BRDA:477,51,1,5
BRDA:481,52,0,3
BRDA:481,52,1,2
BRDA:481,53,0,5
BRDA:481,53,1,5
BRDA:481,53,2,4
BRDA:490,54,0,1
BRDA:490,54,1,1
BRF:114
BRH:89
end_of_record
