TN:
SF:db.js
FN:12,(anonymous_0)
FNF:1
FNH:1
FNDA:2,(anonymous_0)
DA:1,2
DA:3,2
DA:12,2
DA:13,2
DA:14,0
DA:18,2
DA:19,2
DA:24,2
LF:8
LH:7
BRDA:13,0,0,0
BRDA:13,0,1,2
BRF:2
BRH:1
end_of_record
TN:
SF:server.js
FN:30,fetchUsers
FN:32,(anonymous_1)
FN:33,(anonymous_2)
FN:40,(anonymous_3)
FN:47,fetchEvents
FN:49,(anonymous_5)
FN:50,(anonymous_6)
FN:58,(anonymous_7)
FN:59,(anonymous_8)
FN:60,(anonymous_9)
FN:62,(anonymous_10)
FN:81,(anonymous_11)
FN:92,(anonymous_12)
FN:101,(anonymous_13)
FN:105,(anonymous_14)
FN:115,(anonymous_15)
FN:130,(anonymous_16)
FN:169,(anonymous_17)
FN:189,(anonymous_18)
FN:201,(anonymous_19)
FN:242,(anonymous_20)
FN:249,(anonymous_21)
FN:266,(anonymous_22)
FN:290,(anonymous_23)
FN:304,(anonymous_24)
FN:310,(anonymous_25)
FN:316,(anonymous_26)
FN:323,(anonymous_27)
FN:330,(anonymous_28)
FN:357,(anonymous_29)
FN:360,(anonymous_30)
FN:378,(anonymous_31)
FN:379,(anonymous_32)
FN:391,(anonymous_33)
FN:392,(anonymous_34)
FN:394,(anonymous_35)
FN:395,(anonymous_36)
FN:402,(anonymous_37)
FN:404,(anonymous_38)
FN:409,(anonymous_39)
FN:412,(anonymous_40)
FN:430,(anonymous_41)
FN:433,(anonymous_42)
FN:441,(anonymous_43)
FN:453,(anonymous_44)
FN:455,(anonymous_45)
FN:461,(anonymous_46)
FN:463,(anonymous_47)
FN:470,(anonymous_48)
FN:472,(anonymous_49)
FN:480,(anonymous_50)
FN:481,(anonymous_51)
FN:485,(anonymous_52)
FN:486,(anonymous_53)
FN:494,(anonymous_54)
FN:495,(anonymous_55)
FN:503,(anonymous_56)
FN:504,(anonymous_57)
FN:514,(anonymous_58)
FN:518,(anonymous_59)
FN:519,(anonymous_60)
FN:526,(anonymous_61)
FN:538,(anonymous_62)
FN:555,(anonymous_63)
FN:563,(anonymous_64)
FN:571,(anonymous_65)
FN:579,(anonymous_66)
FN:587,(anonymous_67)
FN:595,(anonymous_68)
FN:637,(anonymous_69)
FN:648,(anonymous_70)
FN:657,(anonymous_71)
FN:666,(anonymous_72)
FN:678,(anonymous_73)
FN:689,(anonymous_74)
FN:694,(anonymous_75)
FN:706,(anonymous_76)
FN:718,(anonymous_77)
FN:733,(anonymous_78)
FN:741,init
FNF:80
FNH:25
FNDA:12,fetchUsers
FNDA:12,(anonymous_1)
FNDA:12,(anonymous_2)
FNDA:36,(anonymous_3)
FNDA:0,fetchEvents
FNDA:0,(anonymous_5)
FNDA:0,(anonymous_6)
FNDA:0,(anonymous_7)
FNDA:0,(anonymous_8)
FNDA:0,(anonymous_9)
FNDA:0,(anonymous_10)
FNDA:0,(anonymous_11)
FNDA:3,(anonymous_12)
FNDA:3,(anonymous_13)
FNDA:3,(anonymous_14)
FNDA:3,(anonymous_15)
FNDA:2,(anonymous_16)
FNDA:12,(anonymous_17)
FNDA:10,(anonymous_18)
FNDA:10,(anonymous_19)
FNDA:11,(anonymous_20)
FNDA:2,(anonymous_21)
FNDA:1,(anonymous_22)
FNDA:1,(anonymous_23)
FNDA:1,(anonymous_24)
FNDA:0,(anonymous_25)
FNDA:0,(anonymous_26)
FNDA:0,(anonymous_27)
FNDA:0,(anonymous_28)
FNDA:0,(anonymous_29)
FNDA:0,(anonymous_30)
FNDA:0,(anonymous_31)
FNDA:0,(anonymous_32)
FNDA:0,(anonymous_33)
FNDA:0,(anonymous_34)
FNDA:0,(anonymous_35)
FNDA:0,(anonymous_36)
FNDA:0,(anonymous_37)
FNDA:0,(anonymous_38)
FNDA:0,(anonymous_39)
FNDA:0,(anonymous_40)
FNDA:0,(anonymous_41)
FNDA:0,(anonymous_42)
FNDA:0,(anonymous_43)
FNDA:1,(anonymous_44)
FNDA:3,(anonymous_45)
FNDA:0,(anonymous_46)
FNDA:0,(anonymous_47)
FNDA:0,(anonymous_48)
FNDA:0,(anonymous_49)
FNDA:0,(anonymous_50)
FNDA:0,(anonymous_51)
FNDA:0,(anonymous_52)
FNDA:0,(anonymous_53)
FNDA:0,(anonymous_54)
FNDA:0,(anonymous_55)
FNDA:0,(anonymous_56)
FNDA:0,(anonymous_57)
FNDA:0,(anonymous_58)
FNDA:0,(anonymous_59)
FNDA:0,(anonymous_60)
FNDA:0,(anonymous_61)
FNDA:0,(anonymous_62)
FNDA:0,(anonymous_63)
FNDA:0,(anonymous_64)
FNDA:0,(anonymous_65)
FNDA:0,(anonymous_66)
FNDA:0,(anonymous_67)
FNDA:0,(anonymous_68)
FNDA:1,(anonymous_69)
FNDA:1,(anonymous_70)
FNDA:3,(anonymous_71)
FNDA:2,(anonymous_72)
FNDA:1,(anonymous_73)
FNDA:0,(anonymous_74)
FNDA:0,(anonymous_75)
FNDA:0,(anonymous_76)
FNDA:0,(anonymous_77)
FNDA:1,(anonymous_78)
FNDA:0,init
DA:1,2
DA:2,2
DA:3,2
DA:4,2
DA:5,2
DA:6,2
DA:7,2
DA:10,2
DA:12,2
DA:16,2
DA:17,2
DA:28,2
DA:31,12
DA:32,12
DA:33,12
DA:34,12
DA:35,12
DA:40,36
DA:43,0
DA:48,0
DA:49,0
DA:50,0
DA:51,0
DA:52,0
DA:56,0
DA:58,0
DA:59,0
DA:60,0
DA:61,0
DA:62,0
DA:66,0
DA:72,0
DA:75,0
DA:81,2
DA:82,0
DA:83,0
DA:84,0
DA:85,0
DA:92,2
DA:93,3
DA:94,1
DA:96,2
DA:101,2
DA:102,3
DA:105,3
DA:106,3
DA:107,0
DA:108,0
DA:112,3
DA:116,3
DA:117,1
DA:118,1
DA:120,0
DA:121,0
DA:124,2
DA:127,2
DA:131,2
DA:132,0
DA:134,0
DA:135,0
DA:138,2
DA:152,2
DA:169,2
DA:170,12
DA:172,12
DA:174,12
DA:175,1
DA:177,11
DA:178,1
DA:181,10
DA:190,10
DA:191,0
DA:192,0
DA:195,10
DA:196,0
DA:199,10
DA:201,10
DA:202,10
DA:203,0
DA:204,0
DA:207,10
DA:208,1
DA:212,9
DA:226,9
DA:242,2
DA:244,11
DA:245,11
DA:249,2
DA:250,2
DA:252,2
DA:253,1
DA:258,1
DA:267,1
DA:268,0
DA:269,0
DA:272,1
DA:273,0
DA:276,1
DA:280,1
DA:290,2
DA:291,1
DA:292,1
DA:294,0
DA:304,2
DA:305,1
DA:310,2
DA:311,0
DA:312,0
DA:316,2
DA:317,0
DA:318,0
DA:319,0
DA:322,0
DA:324,0
DA:326,0
DA:327,0
DA:329,0
DA:330,0
DA:331,0
DA:333,0
DA:338,0
DA:350,0
DA:351,0
DA:357,2
DA:358,0
DA:359,0
DA:360,0
DA:363,0
DA:364,0
DA:368,0
DA:373,0
DA:374,0
DA:378,2
DA:379,0
DA:380,0
DA:381,0
DA:384,0
DA:391,2
DA:392,0
DA:394,0
DA:395,0
DA:402,2
DA:403,0
DA:404,0
DA:405,0
DA:409,2
DA:410,0
DA:411,0
DA:412,0
DA:415,0
DA:416,0
DA:420,0
DA:425,0
DA:426,0
DA:430,2
DA:431,0
DA:432,0
DA:434,0
DA:436,0
DA:437,0
DA:441,2
DA:442,0
DA:443,0
DA:448,0
DA:449,0
DA:453,2
DA:455,3
DA:457,1
DA:461,2
DA:462,0
DA:463,0
DA:465,0
DA:466,0
DA:469,0
DA:470,0
DA:471,0
DA:472,0
DA:475,0
DA:480,2
DA:481,0
DA:482,0
DA:485,0
DA:486,0
DA:487,0
DA:489,0
DA:494,0
DA:495,0
DA:496,0
DA:498,0
DA:503,0
DA:504,0
DA:505,0
DA:507,0
DA:513,0
DA:515,0
DA:516,0
DA:518,0
DA:520,0
DA:521,0
DA:524,0
DA:527,0
DA:528,0
DA:538,2
DA:551,0
DA:554,0
DA:556,0
DA:558,0
DA:563,0
DA:564,0
DA:566,0
DA:570,0
DA:571,0
DA:572,0
DA:574,0
DA:579,0
DA:580,0
DA:582,0
DA:586,0
DA:587,0
DA:588,0
DA:590,0
DA:595,0
DA:603,0
DA:604,0
DA:605,0
DA:606,0
DA:607,0
DA:608,0
DA:609,0
DA:610,0
DA:611,0
DA:614,0
DA:629,0
DA:637,2
DA:638,1
DA:641,1
DA:649,1
DA:650,0
DA:652,1
DA:657,2
DA:658,3
DA:659,3
DA:661,3
DA:662,1
DA:666,2
DA:667,2
DA:668,0
DA:670,2
DA:671,1
DA:675,1
DA:679,1
DA:680,0
DA:682,1
DA:689,2
DA:690,0
DA:691,0
DA:694,0
DA:695,0
DA:696,0
DA:698,0
DA:699,0
DA:703,0
DA:707,0
DA:708,0
DA:710,0
DA:711,0
DA:715,0
DA:719,0
DA:720,0
DA:722,0
DA:733,2
DA:734,1
DA:735,1
DA:737,0
DA:742,0
DA:743,0
DA:754,2
LF:277
LH:107
BRDA:19,0,0,2
BRDA:19,0,1,2
BRDA:34,1,0,0
BRDA:34,1,1,12
BRDA:51,2,0,0
BRDA:51,2,1,0
BRDA:61,3,0,0
BRDA:61,3,1,0
BRDA:83,4,0,0
BRDA:83,4,1,0
BRDA:93,5,0,1
BRDA:93,5,1,2
BRDA:93,6,0,3
BRDA:93,6,1,3
BRDA:102,7,0,3
BRDA:106,8,0,0
BRDA:106,8,1,3
BRDA:116,9,0,1
BRDA:116,9,1,2
BRDA:117,10,0,1
BRDA:117,10,1,0
BRDA:131,11,0,0
BRDA:131,11,1,2
BRDA:174,12,0,1
BRDA:174,12,1,11
BRDA:177,13,0,1
BRDA:177,13,1,10
BRDA:190,14,0,0
BRDA:190,14,1,10
BRDA:195,15,0,0
BRDA:195,15,1,10
BRDA:195,16,0,10
BRDA:195,16,1,10
BRDA:202,17,0,0
BRDA:202,17,1,10
BRDA:207,18,0,1
BRDA:207,18,1,9
BRDA:216,19,0,9
BRDA:216,19,1,0
BRDA:218,20,0,9
BRDA:218,20,1,9
BRDA:219,21,0,9
BRDA:219,21,1,9
BRDA:220,22,0,9
BRDA:220,22,1,9
BRDA:221,23,0,9
BRDA:221,23,1,9
BRDA:222,24,0,9
BRDA:222,24,1,9
BRDA:252,25,0,1
BRDA:252,25,1,1
BRDA:267,26,0,0
BRDA:267,26,1,1
BRDA:272,27,0,0
BRDA:272,27,1,1
BRDA:272,28,0,1
BRDA:272,28,1,1
BRDA:283,29,0,1
BRDA:283,29,1,0
BRDA:291,30,0,1
BRDA:291,30,1,0
BRDA:318,31,0,0
BRDA:318,31,1,0
BRDA:318,32,0,0
BRDA:318,32,1,0
BRDA:318,32,2,0
BRDA:318,32,3,0
BRDA:318,32,4,0
BRDA:318,32,5,0
BRDA:318,32,6,0
BRDA:324,33,0,0
BRDA:324,33,1,0
BRDA:331,34,0,0
BRDA:331,34,1,0
BRDA:363,35,0,0
BRDA:363,35,1,0
BRDA:380,36,0,0
BRDA:380,36,1,0
BRDA:415,37,0,0
BRDA:415,37,1,0
BRDA:465,38,0,0
BRDA:465,38,1,0
BRDA:471,39,0,0
BRDA:471,39,1,0
BRDA:482,40,0,0
BRDA:482,40,1,0
BRDA:487,41,0,0
BRDA:487,41,1,0
BRDA:496,42,0,0
BRDA:496,42,1,0
BRDA:505,43,0,0
BRDA:505,43,1,0
BRDA:556,44,0,0
BRDA:556,44,1,0
BRDA:564,45,0,0
BRDA:564,45,1,0
BRDA:572,46,0,0
BRDA:572,46,1,0
BRDA:580,47,0,0
BRDA:580,47,1,0
BRDA:588,48,0,0
BRDA:588,48,1,0
BRDA:603,49,0,0
BRDA:603,49,1,0
BRDA:604,50,0,0
BRDA:604,50,1,0
BRDA:605,51,0,0
BRDA:605,51,1,0
BRDA:605,52,0,0
BRDA:605,52,1,0
BRDA:606,53,0,0
BRDA:606,53,1,0
BRDA:606,54,0,0
BRDA:606,54,1,0
BRDA:607,55,0,0
BRDA:607,55,1,0
BRDA:607,56,0,0
BRDA:607,56,1,0
BRDA:608,57,0,0
BRDA:608,57,1,0
BRDA:608,58,0,0
BRDA:608,58,1,0
BRDA:609,59,0,0
BRDA:609,59,1,0
BRDA:609,60,0,0
BRDA:609,60,1,0
BRDA:610,61,0,0
BRDA:610,61,1,0
BRDA:610,62,0,0
BRDA:610,62,1,0
BRDA:611,63,0,0
BRDA:611,63,1,0
BRDA:611,64,0,0
BRDA:611,64,1,0
BRDA:624,65,0,0
BRDA:624,65,1,0
BRDA:625,66,0,0
BRDA:625,66,1,0
BRDA:626,67,0,0
BRDA:626,67,1,0
BRDA:649,68,0,0
BRDA:649,68,1,1
BRDA:661,69,0,1
BRDA:661,69,1,2
BRDA:667,70,0,0
BRDA:667,70,1,2
BRDA:670,71,0,1
BRDA:670,71,1,1
BRDA:679,72,0,0
BRDA:679,72,1,1
BRDA:695,73,0,0
BRDA:695,73,1,0
BRDA:698,74,0,0
BRDA:698,74,1,0
BRDA:707,75,0,0
BRDA:707,75,1,0
BRDA:710,76,0,0
BRDA:710,76,1,0
BRDA:719,77,0,0
BRDA:719,77,1,0
BRDA:734,78,0,1
BRDA:734,78,1,0
BRF:162
BRH:51
end_of_record
