<?xml version="1.0" encoding="UTF-8"?>
<coverage generated="1741371629817" clover="3.2.0">
  <project timestamp="1741371629817" name="All files">
    <metrics statements="41" coveredstatements="38" conditionals="10" coveredconditionals="9" methods="13" coveredmethods="12" elements="64" coveredelements="59" complexity="0" loc="41" ncloc="41" packages="4" files="4" classes="4"/>
    <package name="src.pages.FrontPage">
      <metrics statements="23" coveredstatements="20" conditionals="6" coveredconditionals="5" methods="7" coveredmethods="6"/>
      <file name="home.jsx" path="C:\Users\myann\Desktop\cosc4353project\Event_Managment_System\front_end_dev\ems\src\pages\FrontPage\home.jsx">
        <metrics statements="23" coveredstatements="20" conditionals="6" coveredconditionals="5" methods="7" coveredmethods="6"/>
        <line num="9" count="10" type="stmt"/>
        <line num="13" count="10" type="stmt"/>
        <line num="14" count="10" type="stmt"/>
        <line num="16" count="10" type="stmt"/>
        <line num="17" count="6" type="stmt"/>
        <line num="18" count="6" type="stmt"/>
        <line num="19" count="6" type="stmt"/>
        <line num="23" count="6" type="stmt"/>
        <line num="24" count="6" type="cond" truecount="2" falsecount="0"/>
        <line num="25" count="2" type="stmt"/>
        <line num="27" count="4" type="stmt"/>
        <line num="30" count="0" type="stmt"/>
        <line num="34" count="6" type="stmt"/>
        <line num="37" count="10" type="stmt"/>
        <line num="38" count="1" type="stmt"/>
        <line num="39" count="1" type="stmt"/>
        <line num="43" count="1" type="stmt"/>
        <line num="44" count="1" type="stmt"/>
        <line num="46" count="0" type="stmt"/>
        <line num="50" count="10" type="stmt"/>
        <line num="80" count="0" type="stmt"/>
        <line num="111" count="1" type="stmt"/>
        <line num="135" count="20" type="stmt"/>
      </file>
    </package>
    <package name="src.pages.FrontPage.Contact">
      <metrics statements="1" coveredstatements="1" conditionals="0" coveredconditionals="0" methods="1" coveredmethods="1"/>
      <file name="Contact.jsx" path="C:\Users\myann\Desktop\cosc4353project\Event_Managment_System\front_end_dev\ems\src\pages\FrontPage\Contact\Contact.jsx">
        <metrics statements="1" coveredstatements="1" conditionals="0" coveredconditionals="0" methods="1" coveredmethods="1"/>
        <line num="7" count="15" type="stmt"/>
      </file>
    </package>
    <package name="src.pages.Profile.User">
      <metrics statements="15" coveredstatements="15" conditionals="4" coveredconditionals="4" methods="4" coveredmethods="4"/>
      <file name="ProfilePage.jsx" path="C:\Users\myann\Desktop\cosc4353project\Event_Managment_System\front_end_dev\ems\src\pages\Profile\User\ProfilePage.jsx">
        <metrics statements="15" coveredstatements="15" conditionals="4" coveredconditionals="4" methods="4" coveredmethods="4"/>
        <line num="7" count="7" type="stmt"/>
        <line num="8" count="7" type="stmt"/>
        <line num="10" count="7" type="stmt"/>
        <line num="12" count="5" type="stmt"/>
        <line num="13" count="5" type="stmt"/>
        <line num="14" count="5" type="stmt"/>
        <line num="15" count="4" type="cond" truecount="2" falsecount="0"/>
        <line num="16" count="3" type="stmt"/>
        <line num="18" count="1" type="stmt"/>
        <line num="19" count="1" type="stmt"/>
        <line num="21" count="4" type="stmt"/>
        <line num="25" count="5" type="stmt"/>
        <line num="28" count="7" type="stmt"/>
        <line num="29" count="1" type="stmt"/>
        <line num="33" count="7" type="stmt"/>
      </file>
    </package>
    <package name="tests">
      <metrics statements="2" coveredstatements="2" conditionals="0" coveredconditionals="0" methods="1" coveredmethods="1"/>
      <file name="Button.jsx" path="C:\Users\myann\Desktop\cosc4353project\Event_Managment_System\front_end_dev\ems\tests\Button.jsx">
        <metrics statements="2" coveredstatements="2" conditionals="0" coveredconditionals="0" methods="1" coveredmethods="1"/>
        <line num="4" count="1" type="stmt"/>
        <line num="5" count="2" type="stmt"/>
      </file>
    </package>
  </project>
</coverage>
