{"C:\\Users\\myann\\Desktop\\cosc4353project\\Event_Managment_System\\front_end_dev\\ems\\src\\pages\\FrontPage\\home.jsx": {"path":"C:\\Users\\myann\\Desktop\\cosc4353project\\Event_Managment_System\\front_end_dev\\ems\\src\\pages\\FrontPage\\home.jsx","statementMap":{"0":{"start":{"line":9,"column":19},"end":{"line":12,"column":4}},"1":{"start":{"line":13,"column":26},"end":{"line":13,"column":40}},"2":{"start":{"line":14,"column":19},"end":{"line":14,"column":32}},"3":{"start":{"line":16,"column":2},"end":{"line":35,"column":9}},"4":{"start":{"line":17,"column":29},"end":{"line":32,"column":5}},"5":{"start":{"line":18,"column":6},"end":{"line":31,"column":7}},"6":{"start":{"line":19,"column":25},"end":{"line":22,"column":10}},"7":{"start":{"line":23,"column":21},"end":{"line":23,"column":42}},"8":{"start":{"line":24,"column":8},"end":{"line":28,"column":9}},"9":{"start":{"line":25,"column":10},"end":{"line":25,"column":29}},"10":{"start":{"line":27,"column":10},"end":{"line":27,"column":24}},"11":{"start":{"line":30,"column":8},"end":{"line":30,"column":61}},"12":{"start":{"line":34,"column":4},"end":{"line":34,"column":23}},"13":{"start":{"line":37,"column":23},"end":{"line":48,"column":3}},"14":{"start":{"line":38,"column":4},"end":{"line":47,"column":5}},"15":{"start":{"line":39,"column":6},"end":{"line":42,"column":9}},"16":{"start":{"line":43,"column":6},"end":{"line":43,"column":20}},"17":{"start":{"line":44,"column":6},"end":{"line":44,"column":20}},"18":{"start":{"line":46,"column":6},"end":{"line":46,"column":45}},"19":{"start":{"line":50,"column":2},"end":{"line":145,"column":4}},"20":{"start":{"line":80,"column":22},"end":{"line":83,"column":24}},"21":{"start":{"line":111,"column":22},"end":{"line":114,"column":24}},"22":{"start":{"line":135,"column":14},"end":{"line":138,"column":19}}},"fnMap":{"0":{"name":"Home","decl":{"start":{"line":8,"column":9},"end":{"line":8,"column":13}},"loc":{"start":{"line":8,"column":16},"end":{"line":146,"column":1}},"line":8},"1":{"name":"(anonymous_1)","decl":{"start":{"line":16,"column":12},"end":{"line":16,"column":13}},"loc":{"start":{"line":16,"column":18},"end":{"line":35,"column":3}},"line":16},"2":{"name":"(anonymous_2)","decl":{"start":{"line":17,"column":29},"end":{"line":17,"column":30}},"loc":{"start":{"line":17,"column":41},"end":{"line":32,"column":5}},"line":17},"3":{"name":"(anonymous_3)","decl":{"start":{"line":37,"column":23},"end":{"line":37,"column":24}},"loc":{"start":{"line":37,"column":35},"end":{"line":48,"column":3}},"line":37},"4":{"name":"(anonymous_4)","decl":{"start":{"line":79,"column":29},"end":{"line":79,"column":30}},"loc":{"start":{"line":80,"column":22},"end":{"line":83,"column":24}},"line":80},"5":{"name":"(anonymous_5)","decl":{"start":{"line":110,"column":29},"end":{"line":110,"column":30}},"loc":{"start":{"line":111,"column":22},"end":{"line":114,"column":24}},"line":111},"6":{"name":"(anonymous_6)","decl":{"start":{"line":134,"column":24},"end":{"line":134,"column":25}},"loc":{"start":{"line":135,"column":14},"end":{"line":138,"column":19}},"line":135}},"branchMap":{"0":{"loc":{"start":{"line":24,"column":8},"end":{"line":28,"column":9}},"type":"if","locations":[{"start":{"line":24,"column":8},"end":{"line":28,"column":9}},{"start":{"line":26,"column":15},"end":{"line":28,"column":9}}],"line":24},"1":{"loc":{"start":{"line":61,"column":13},"end":{"line":121,"column":13}},"type":"cond-expr","locations":[{"start":{"line":63,"column":14},"end":{"line":89,"column":17}},{"start":{"line":92,"column":14},"end":{"line":120,"column":17}}],"line":61},"2":{"loc":{"start":{"line":65,"column":28},"end":{"line":65,"column":70}},"type":"cond-expr","locations":[{"start":{"line":65,"column":52},"end":{"line":65,"column":60}},{"start":{"line":65,"column":63},"end":{"line":65,"column":70}}],"line":65}},"s":{"0":10,"1":10,"2":10,"3":10,"4":6,"5":6,"6":6,"7":6,"8":6,"9":2,"10":4,"11":0,"12":6,"13":10,"14":1,"15":1,"16":1,"17":1,"18":0,"19":10,"20":0,"21":1,"22":20},"f":{"0":10,"1":6,"2":6,"3":1,"4":0,"5":1,"6":20},"b":{"0":[2,4],"1":[2,8],"2":[2,0]},"_coverageSchema":"1a1c01bbd47fc00a2c39e90264f33305004495a9","hash":"4f85198c2e7ba88361cedf36b2c06ac5fd5b75c0"}
,"C:\\Users\\myann\\Desktop\\cosc4353project\\Event_Managment_System\\front_end_dev\\ems\\src\\pages\\FrontPage\\Contact\\Contact.jsx": {"path":"C:\\Users\\myann\\Desktop\\cosc4353project\\Event_Managment_System\\front_end_dev\\ems\\src\\pages\\FrontPage\\Contact\\Contact.jsx","statementMap":{"0":{"start":{"line":7,"column":2},"end":{"line":25,"column":4}}},"fnMap":{"0":{"name":"Contact","decl":{"start":{"line":6,"column":9},"end":{"line":6,"column":16}},"loc":{"start":{"line":6,"column":19},"end":{"line":26,"column":1}},"line":6}},"branchMap":{},"s":{"0":15},"f":{"0":15},"b":{},"_coverageSchema":"1a1c01bbd47fc00a2c39e90264f33305004495a9","hash":"9f4202586357345c9fe0a28b117aef5ca35344db"}
,"C:\\Users\\myann\\Desktop\\cosc4353project\\Event_Managment_System\\front_end_dev\\ems\\src\\pages\\Profile\\User\\ProfilePage.jsx": {"path":"C:\\Users\\myann\\Desktop\\cosc4353project\\Event_Managment_System\\front_end_dev\\ems\\src\\pages\\Profile\\User\\ProfilePage.jsx","statementMap":{"0":{"start":{"line":7,"column":42},"end":{"line":7,"column":56}},"1":{"start":{"line":8,"column":19},"end":{"line":8,"column":20}},"2":{"start":{"line":10,"column":4},"end":{"line":26,"column":17}},"3":{"start":{"line":12,"column":33},"end":{"line":23,"column":9}},"4":{"start":{"line":13,"column":12},"end":{"line":22,"column":13}},"5":{"start":{"line":14,"column":33},"end":{"line":14,"column":91}},"6":{"start":{"line":15,"column":16},"end":{"line":17,"column":17}},"7":{"start":{"line":16,"column":20},"end":{"line":16,"column":62}},"8":{"start":{"line":18,"column":29},"end":{"line":18,"column":50}},"9":{"start":{"line":19,"column":16},"end":{"line":19,"column":37}},"10":{"start":{"line":21,"column":16},"end":{"line":21,"column":69}},"11":{"start":{"line":25,"column":8},"end":{"line":25,"column":27}},"12":{"start":{"line":28,"column":29},"end":{"line":30,"column":5}},"13":{"start":{"line":29,"column":8},"end":{"line":29,"column":29}},"14":{"start":{"line":33,"column":4},"end":{"line":59,"column":6}}},"fnMap":{"0":{"name":"ProfilePage","decl":{"start":{"line":6,"column":9},"end":{"line":6,"column":20}},"loc":{"start":{"line":6,"column":23},"end":{"line":60,"column":1}},"line":6},"1":{"name":"(anonymous_1)","decl":{"start":{"line":10,"column":14},"end":{"line":10,"column":15}},"loc":{"start":{"line":10,"column":20},"end":{"line":26,"column":5}},"line":10},"2":{"name":"(anonymous_2)","decl":{"start":{"line":12,"column":33},"end":{"line":12,"column":34}},"loc":{"start":{"line":12,"column":45},"end":{"line":23,"column":9}},"line":12},"3":{"name":"(anonymous_3)","decl":{"start":{"line":28,"column":29},"end":{"line":28,"column":30}},"loc":{"start":{"line":28,"column":39},"end":{"line":30,"column":5}},"line":28}},"branchMap":{"0":{"loc":{"start":{"line":15,"column":16},"end":{"line":17,"column":17}},"type":"if","locations":[{"start":{"line":15,"column":16},"end":{"line":17,"column":17}},{"start":{},"end":{}}],"line":15},"1":{"loc":{"start":{"line":38,"column":13},"end":{"line":56,"column":13}},"type":"cond-expr","locations":[{"start":{"line":39,"column":16},"end":{"line":39,"column":59}},{"start":{"line":41,"column":16},"end":{"line":55,"column":22}}],"line":38}},"s":{"0":7,"1":7,"2":7,"3":5,"4":5,"5":5,"6":4,"7":3,"8":1,"9":1,"10":4,"11":5,"12":7,"13":1,"14":7},"f":{"0":7,"1":5,"2":5,"3":1},"b":{"0":[3,1],"1":[5,2]},"_coverageSchema":"1a1c01bbd47fc00a2c39e90264f33305004495a9","hash":"2412a85aa4bb5cc6bb819d3d229059cb3469373f"}
,"C:\\Users\\myann\\Desktop\\cosc4353project\\Event_Managment_System\\front_end_dev\\ems\\tests\\Button.jsx": {"path":"C:\\Users\\myann\\Desktop\\cosc4353project\\Event_Managment_System\\front_end_dev\\ems\\tests\\Button.jsx","statementMap":{"0":{"start":{"line":4,"column":15},"end":{"line":6,"column":1}},"1":{"start":{"line":5,"column":2},"end":{"line":5,"column":51}}},"fnMap":{"0":{"name":"(anonymous_0)","decl":{"start":{"line":4,"column":15},"end":{"line":4,"column":16}},"loc":{"start":{"line":4,"column":38},"end":{"line":6,"column":1}},"line":4}},"branchMap":{},"s":{"0":1,"1":2},"f":{"0":2},"b":{},"_coverageSchema":"1a1c01bbd47fc00a2c39e90264f33305004495a9","hash":"1f896529b3a8efcd4e46f6bf3c6eec3afec37b7b"}
}
