TN:
SF:src\pages\FrontPage\home.jsx
FN:8,Home
FN:16,(anonymous_1)
FN:17,(anonymous_2)
FN:37,(anonymous_3)
FN:79,(anonymous_4)
FN:110,(anonymous_5)
FN:134,(anonymous_6)
FNF:7
FNH:6
FNDA:10,Home
FNDA:6,(anonymous_1)
FNDA:6,(anonymous_2)
FNDA:1,(anonymous_3)
FNDA:0,(anonymous_4)
FNDA:1,(anonymous_5)
FNDA:20,(anonymous_6)
DA:9,10
DA:13,10
DA:14,10
DA:16,10
DA:17,6
DA:18,6
DA:19,6
DA:23,6
DA:24,6
DA:25,2
DA:27,4
DA:30,0
DA:34,6
DA:37,10
DA:38,1
DA:39,1
DA:43,1
DA:44,1
DA:46,0
DA:50,10
DA:80,0
DA:111,1
DA:135,20
LF:23
LH:20
BRDA:24,0,0,2
BRDA:24,0,1,4
BRDA:61,1,0,2
BRDA:61,1,1,8
BRDA:65,2,0,2
BRDA:65,2,1,0
BRF:6
BRH:5
end_of_record
TN:
SF:src\pages\FrontPage\Contact\Contact.jsx
FN:6,Contact
FNF:1
FNH:1
FNDA:15,Contact
DA:7,15
LF:1
LH:1
BRF:0
BRH:0
end_of_record
TN:
SF:src\pages\Profile\Admin\EventManagement.jsx
FN:14,(anonymous_0)
FN:28,(anonymous_1)
FN:33,(anonymous_2)
FN:43,(anonymous_3)
FN:48,(anonymous_4)
FN:52,(anonymous_5)
FN:56,(anonymous_6)
FN:61,(anonymous_7)
FN:123,(anonymous_8)
FN:129,(anonymous_9)
FN:136,(anonymous_10)
FN:145,(anonymous_11)
FN:152,(anonymous_12)
FN:155,(anonymous_13)
FN:157,(anonymous_14)
FN:159,(anonymous_15)
FN:165,(anonymous_16)
FN:209,(anonymous_17)
FN:217,(anonymous_18)
FN:220,(anonymous_19)
FN:228,(anonymous_20)
FN:229,(anonymous_21)
FNF:22
FNH:16
FNDA:41,(anonymous_0)
FNDA:5,(anonymous_1)
FNDA:5,(anonymous_2)
FNDA:30,(anonymous_3)
FNDA:0,(anonymous_4)
FNDA:0,(anonymous_5)
FNDA:0,(anonymous_6)
FNDA:0,(anonymous_7)
FNDA:1,(anonymous_8)
FNDA:1,(anonymous_9)
FNDA:1,(anonymous_10)
FNDA:1,(anonymous_11)
FNDA:1,(anonymous_12)
FNDA:1,(anonymous_13)
FNDA:1,(anonymous_14)
FNDA:1,(anonymous_15)
FNDA:1,(anonymous_16)
FNDA:4,(anonymous_17)
FNDA:1,(anonymous_18)
FNDA:1,(anonymous_19)
FNDA:0,(anonymous_20)
FNDA:0,(anonymous_21)
DA:7,1
DA:14,1
DA:15,41
DA:16,41
DA:28,41
DA:29,5
DA:33,41
DA:34,5
DA:35,5
DA:36,5
DA:37,4
DA:39,0
DA:43,41
DA:44,30
DA:45,30
DA:48,41
DA:49,0
DA:52,41
DA:53,0
DA:56,41
DA:57,0
DA:61,41
DA:62,0
DA:63,0
DA:64,0
DA:67,0
DA:68,0
DA:69,0
DA:72,0
DA:73,0
DA:74,0
DA:76,0
DA:77,0
DA:78,0
DA:80,0
DA:81,0
DA:82,0
DA:85,0
DA:91,0
DA:92,0
DA:98,0
DA:99,0
DA:100,0
DA:103,0
DA:114,0
DA:117,0
DA:123,41
DA:124,1
DA:128,1
DA:129,1
DA:131,0
DA:136,41
DA:137,1
DA:138,1
DA:139,1
DA:140,0
DA:143,1
DA:145,1
DA:146,1
DA:147,0
DA:148,0
DA:152,1
DA:154,1
DA:156,1
DA:157,1
DA:159,1
DA:165,1
DA:166,1
DA:175,1
DA:177,0
DA:182,41
DA:210,4
DA:217,1
DA:220,1
DA:229,0
DA:230,0
DA:234,0
LF:77
LH:41
BRDA:35,0,0,5
BRDA:35,0,1,0
BRDA:49,1,0,0
BRDA:49,1,1,0
BRDA:57,2,0,0
BRDA:57,2,1,0
BRDA:62,3,0,0
BRDA:62,3,1,0
BRDA:67,4,0,0
BRDA:67,4,1,0
BRDA:72,5,0,0
BRDA:72,5,1,0
BRDA:76,6,0,0
BRDA:76,6,1,0
BRDA:80,7,0,0
BRDA:80,7,1,0
BRDA:98,8,0,0
BRDA:98,8,1,0
BRDA:128,9,0,1
BRDA:128,9,1,0
BRDA:139,10,0,0
BRDA:139,10,1,1
BRDA:146,11,0,0
BRDA:146,11,1,1
BRDA:156,12,0,1
BRDA:156,12,1,1
BRDA:166,13,0,1
BRDA:166,13,1,0
BRDA:225,14,0,4
BRDA:225,14,1,3
BRDA:227,15,0,4
BRDA:227,15,1,0
BRDA:230,16,0,0
BRDA:230,16,1,0
BRF:34
BRH:10
end_of_record
TN:
SF:src\pages\Profile\User\ProfilePage.jsx
FN:6,ProfilePage
FN:10,(anonymous_1)
FN:12,(anonymous_2)
FN:28,(anonymous_3)
FNF:4
FNH:4
FNDA:7,ProfilePage
FNDA:5,(anonymous_1)
FNDA:5,(anonymous_2)
FNDA:1,(anonymous_3)
DA:7,7
DA:8,7
DA:10,7
DA:12,5
DA:13,5
DA:14,5
DA:15,4
DA:16,3
DA:18,1
DA:19,1
DA:21,4
DA:25,5
DA:28,7
DA:29,1
DA:33,7
LF:15
LH:15
BRDA:15,0,0,3
BRDA:15,0,1,1
BRDA:38,1,0,5
BRDA:38,1,1,2
BRF:4
BRH:4
end_of_record
TN:
SF:tests\Button.jsx
FN:4,(anonymous_0)
FNF:1
FNH:1
FNDA:2,(anonymous_0)
DA:4,1
DA:5,2
LF:2
LH:2
BRF:0
BRH:0
end_of_record
