TN:
SF:src\pages\FrontPage\home.jsx
FN:8,Home
FN:16,(anonymous_1)
FN:17,(anonymous_2)
FN:37,(anonymous_3)
FN:79,(anonymous_4)
FN:110,(anonymous_5)
FN:134,(anonymous_6)
FNF:7
FNH:6
FNDA:10,Home
FNDA:6,(anonymous_1)
FNDA:6,(anonymous_2)
FNDA:1,(anonymous_3)
FNDA:0,(anonymous_4)
FNDA:1,(anonymous_5)
FNDA:20,(anonymous_6)
DA:9,10
DA:13,10
DA:14,10
DA:16,10
DA:17,6
DA:18,6
DA:19,6
DA:23,6
DA:24,6
DA:25,2
DA:27,4
DA:30,0
DA:34,6
DA:37,10
DA:38,1
DA:39,1
DA:43,1
DA:44,1
DA:46,0
DA:50,10
DA:80,0
DA:111,1
DA:135,20
LF:23
LH:20
BRDA:24,0,0,2
BRDA:24,0,1,4
BRDA:61,1,0,2
BRDA:61,1,1,8
BRDA:65,2,0,2
BRDA:65,2,1,0
BRF:6
BRH:5
end_of_record
TN:
SF:src\pages\FrontPage\Contact\Contact.jsx
FN:6,Contact
FNF:1
FNH:1
FNDA:15,Contact
DA:7,15
LF:1
LH:1
BRF:0
BRH:0
end_of_record
TN:
SF:src\pages\Profile\User\ProfilePage.jsx
FN:6,ProfilePage
FN:10,(anonymous_1)
FN:12,(anonymous_2)
FN:28,(anonymous_3)
FNF:4
FNH:4
FNDA:7,ProfilePage
FNDA:5,(anonymous_1)
FNDA:5,(anonymous_2)
FNDA:1,(anonymous_3)
DA:7,7
DA:8,7
DA:10,7
DA:12,5
DA:13,5
DA:14,5
DA:15,4
DA:16,3
DA:18,1
DA:19,1
DA:21,4
DA:25,5
DA:28,7
DA:29,1
DA:33,7
LF:15
LH:15
BRDA:15,0,0,3
BRDA:15,0,1,1
BRDA:38,1,0,5
BRDA:38,1,1,2
BRF:4
BRH:4
end_of_record
TN:
SF:tests\Button.jsx
FN:4,(anonymous_0)
FNF:1
FNH:1
FNDA:2,(anonymous_0)
DA:4,1
DA:5,2
LF:2
LH:2
BRF:0
BRH:0
end_of_record
