<?xml version="1.0" encoding="UTF-8"?>
<coverage generated="1741375777562" clover="3.2.0">
  <project timestamp="1741375777562" name="All files">
    <metrics statements="134" coveredstatements="81" conditionals="104" coveredconditionals="47" methods="31" coveredmethods="13" elements="269" coveredelements="141" complexity="0" loc="134" ncloc="134" packages="1" files="1" classes="1"/>
    <file name="server.js" path="/Users/mysharahman/Desktop/Covarage/backend/server.js">
      <metrics statements="134" coveredstatements="81" conditionals="104" coveredconditionals="47" methods="31" coveredmethods="13"/>
      <line num="1" count="1" type="stmt"/>
      <line num="2" count="1" type="stmt"/>
      <line num="3" count="1" type="stmt"/>
      <line num="4" count="1" type="stmt"/>
      <line num="5" count="1" type="stmt"/>
      <line num="7" count="1" type="stmt"/>
      <line num="8" count="1" type="stmt"/>
      <line num="10" count="1" type="stmt"/>
      <line num="14" count="1" type="stmt"/>
      <line num="15" count="1" type="stmt"/>
      <line num="25" count="1" type="stmt"/>
      <line num="70" count="1" type="stmt"/>
      <line num="71" count="1" type="stmt"/>
      <line num="72" count="4" type="cond" truecount="1" falsecount="1"/>
      <line num="73" count="4" type="stmt"/>
      <line num="74" count="3" type="stmt"/>
      <line num="80" count="1" type="stmt"/>
      <line num="84" count="1" type="stmt"/>
      <line num="85" count="1" type="cond" truecount="3" falsecount="1"/>
      <line num="86" count="0" type="stmt"/>
      <line num="88" count="1" type="stmt"/>
      <line num="93" count="1" type="stmt"/>
      <line num="94" count="1" type="stmt"/>
      <line num="95" count="1" type="cond" truecount="1" falsecount="1"/>
      <line num="96" count="5" type="cond" truecount="1" falsecount="1"/>
      <line num="97" count="1" type="stmt"/>
      <line num="98" count="1" type="stmt"/>
      <line num="99" count="1" type="stmt"/>
      <line num="100" count="1" type="stmt"/>
      <line num="109" count="1" type="stmt"/>
      <line num="110" count="1" type="stmt"/>
      <line num="113" count="1" type="cond" truecount="1" falsecount="1"/>
      <line num="114" count="0" type="stmt"/>
      <line num="117" count="1" type="cond" truecount="1" falsecount="1"/>
      <line num="118" count="0" type="stmt"/>
      <line num="121" count="5" type="stmt"/>
      <line num="124" count="1" type="stmt"/>
      <line num="125" count="1" type="stmt"/>
      <line num="127" count="1" type="cond" truecount="1" falsecount="1"/>
      <line num="128" count="0" type="stmt"/>
      <line num="132" count="1" type="stmt"/>
      <line num="147" count="1" type="stmt"/>
      <line num="157" count="1" type="stmt"/>
      <line num="159" count="0" type="stmt"/>
      <line num="160" count="0" type="stmt"/>
      <line num="164" count="1" type="stmt"/>
      <line num="165" count="0" type="stmt"/>
      <line num="166" count="0" type="cond" truecount="0" falsecount="2"/>
      <line num="167" count="0" type="stmt"/>
      <line num="169" count="0" type="stmt"/>
      <line num="177" count="1" type="stmt"/>
      <line num="178" count="1" type="cond" truecount="1" falsecount="1"/>
      <line num="179" count="1" type="stmt"/>
      <line num="181" count="0" type="stmt"/>
      <line num="191" count="1" type="stmt"/>
      <line num="192" count="0" type="stmt"/>
      <line num="195" count="1" type="stmt"/>
      <line num="198" count="1" type="stmt"/>
      <line num="199" count="0" type="stmt"/>
      <line num="200" count="0" type="stmt"/>
      <line num="201" count="0" type="stmt"/>
      <line num="206" count="1" type="stmt"/>
      <line num="208" count="2" type="stmt"/>
      <line num="209" count="2" type="cond" truecount="8" falsecount="1"/>
      <line num="210" count="0" type="stmt"/>
      <line num="212" count="2" type="stmt"/>
      <line num="223" count="2" type="stmt"/>
      <line num="224" count="2" type="stmt"/>
      <line num="228" count="1" type="stmt"/>
      <line num="230" count="1" type="stmt"/>
      <line num="233" count="1" type="stmt"/>
      <line num="234" count="1" type="stmt"/>
      <line num="237" count="2" type="stmt"/>
      <line num="239" count="1" type="cond" truecount="1" falsecount="1"/>
      <line num="240" count="0" type="stmt"/>
      <line num="243" count="1" type="stmt"/>
      <line num="248" count="1" type="stmt"/>
      <line num="252" count="1" type="stmt"/>
      <line num="253" count="0" type="stmt"/>
      <line num="254" count="0" type="stmt"/>
      <line num="258" count="1" type="stmt"/>
      <line num="259" count="0" type="stmt"/>
      <line num="260" count="0" type="stmt"/>
      <line num="262" count="0" type="cond" truecount="0" falsecount="2"/>
      <line num="263" count="0" type="stmt"/>
      <line num="266" count="0" type="stmt"/>
      <line num="267" count="0" type="stmt"/>
      <line num="272" count="1" type="stmt"/>
      <line num="273" count="0" type="stmt"/>
      <line num="274" count="0" type="cond" truecount="0" falsecount="2"/>
      <line num="275" count="0" type="stmt"/>
      <line num="283" count="1" type="stmt"/>
      <line num="296" count="1" type="stmt"/>
      <line num="298" count="5" type="stmt"/>
      <line num="306" count="1" type="cond" truecount="1" falsecount="1"/>
      <line num="307" count="1" type="cond" truecount="1" falsecount="1"/>
      <line num="308" count="1" type="cond" truecount="3" falsecount="1"/>
      <line num="309" count="1" type="cond" truecount="1" falsecount="3"/>
      <line num="310" count="1" type="cond" truecount="1" falsecount="3"/>
      <line num="311" count="1" type="cond" truecount="1" falsecount="3"/>
      <line num="312" count="1" type="cond" truecount="1" falsecount="3"/>
      <line num="313" count="1" type="cond" truecount="3" falsecount="1"/>
      <line num="314" count="1" type="cond" truecount="3" falsecount="1"/>
      <line num="317" count="1" type="stmt"/>
      <line num="332" count="1" type="stmt"/>
      <line num="337" count="1" type="stmt"/>
      <line num="338" count="0" type="stmt"/>
      <line num="341" count="0" type="stmt"/>
      <line num="343" count="0" type="cond" truecount="0" falsecount="2"/>
      <line num="344" count="0" type="cond" truecount="0" falsecount="2"/>
      <line num="345" count="0" type="cond" truecount="0" falsecount="2"/>
      <line num="346" count="0" type="cond" truecount="0" falsecount="2"/>
      <line num="347" count="0" type="cond" truecount="0" falsecount="2"/>
      <line num="348" count="0" type="cond" truecount="0" falsecount="2"/>
      <line num="351" count="0" type="stmt"/>
      <line num="353" count="0" type="cond" truecount="0" falsecount="2"/>
      <line num="354" count="0" type="stmt"/>
      <line num="359" count="0" type="stmt"/>
      <line num="373" count="0" type="stmt"/>
      <line num="377" count="1" type="stmt"/>
      <line num="378" count="0" type="stmt"/>
      <line num="379" count="0" type="stmt"/>
      <line num="380" count="0" type="stmt"/>
      <line num="382" count="0" type="cond" truecount="0" falsecount="2"/>
      <line num="383" count="0" type="stmt"/>
      <line num="386" count="0" type="cond" truecount="0" falsecount="5"/>
      <line num="387" count="0" type="stmt"/>
      <line num="390" count="0" type="stmt"/>
      <line num="391" count="0" type="stmt"/>
      <line num="394" count="1" type="stmt"/>
      <line num="395" count="0" type="cond" truecount="0" falsecount="2"/>
      <line num="396" count="0" type="stmt"/>
      <line num="398" count="0" type="stmt"/>
      <line num="407" count="1" type="stmt"/>
    </file>
  </project>
</coverage>
