{"/Users/mysharahman/Desktop/Covarage/backend/server.js": {"path":"/Users/mysharahman/Desktop/Covarage/backend/server.js","statementMap":{"0":{"start":{"line":1,"column":16},"end":{"line":1,"column":34}},"1":{"start":{"line":2,"column":16},"end":{"line":2,"column":42}},"2":{"start":{"line":3,"column":13},"end":{"line":3,"column":28}},"3":{"start":{"line":4,"column":15},"end":{"line":4,"column":32}},"4":{"start":{"line":5,"column":0},"end":{"line":5,"column":27}},"5":{"start":{"line":7,"column":12},"end":{"line":7,"column":21}},"6":{"start":{"line":8,"column":13},"end":{"line":8,"column":17}},"7":{"start":{"line":10,"column":0},"end":{"line":13,"column":4}},"8":{"start":{"line":14,"column":0},"end":{"line":14,"column":24}},"9":{"start":{"line":15,"column":0},"end":{"line":22,"column":2}},"10":{"start":{"line":25,"column":14},"end":{"line":68,"column":1}},"11":{"start":{"line":70,"column":22},"end":{"line":77,"column":1}},"12":{"start":{"line":71,"column":2},"end":{"line":76,"column":3}},"13":{"start":{"line":72,"column":6},"end":{"line":75,"column":7}},"14":{"start":{"line":73,"column":33},"end":{"line":73,"column":69}},"15":{"start":{"line":74,"column":10},"end":{"line":74,"column":41}},"16":{"start":{"line":80,"column":0},"end":{"line":80,"column":16}},"17":{"start":{"line":84,"column":20},"end":{"line":89,"column":1}},"18":{"start":{"line":85,"column":2},"end":{"line":87,"column":3}},"19":{"start":{"line":86,"column":4},"end":{"line":86,"column":76}},"20":{"start":{"line":88,"column":2},"end":{"line":88,"column":9}},"21":{"start":{"line":93,"column":0},"end":{"line":107,"column":3}},"22":{"start":{"line":94,"column":4},"end":{"line":106,"column":5}},"23":{"start":{"line":95,"column":79},"end":{"line":95,"column":87}},"24":{"start":{"line":96,"column":8},"end":{"line":96,"column":120}},"25":{"start":{"line":96,"column":31},"end":{"line":96,"column":51}},"26":{"start":{"line":96,"column":54},"end":{"line":96,"column":120}},"27":{"start":{"line":97,"column":31},"end":{"line":97,"column":62}},"28":{"start":{"line":98,"column":24},"end":{"line":98,"column":105}},"29":{"start":{"line":99,"column":8},"end":{"line":99,"column":28}},"30":{"start":{"line":100,"column":8},"end":{"line":100,"column":69}},"31":{"start":{"line":109,"column":0},"end":{"line":153,"column":3}},"32":{"start":{"line":110,"column":30},"end":{"line":110,"column":38}},"33":{"start":{"line":113,"column":2},"end":{"line":115,"column":3}},"34":{"start":{"line":114,"column":4},"end":{"line":114,"column":69}},"35":{"start":{"line":117,"column":2},"end":{"line":119,"column":3}},"36":{"start":{"line":118,"column":4},"end":{"line":118,"column":66}},"37":{"start":{"line":121,"column":15},"end":{"line":121,"column":51}},"38":{"start":{"line":121,"column":33},"end":{"line":121,"column":50}},"39":{"start":{"line":124,"column":2},"end":{"line":152,"column":3}},"40":{"start":{"line":125,"column":28},"end":{"line":125,"column":73}},"41":{"start":{"line":127,"column":4},"end":{"line":129,"column":5}},"42":{"start":{"line":128,"column":6},"end":{"line":128,"column":70}},"43":{"start":{"line":132,"column":4},"end":{"line":145,"column":6}},"44":{"start":{"line":147,"column":4},"end":{"line":147,"column":70}},"45":{"start":{"line":157,"column":0},"end":{"line":162,"column":3}},"46":{"start":{"line":159,"column":4},"end":{"line":159,"column":35}},"47":{"start":{"line":160,"column":4},"end":{"line":160,"column":47}},"48":{"start":{"line":164,"column":0},"end":{"line":175,"column":3}},"49":{"start":{"line":165,"column":15},"end":{"line":165,"column":31}},"50":{"start":{"line":166,"column":2},"end":{"line":168,"column":3}},"51":{"start":{"line":167,"column":4},"end":{"line":167,"column":75}},"52":{"start":{"line":169,"column":2},"end":{"line":174,"column":5}},"53":{"start":{"line":177,"column":0},"end":{"line":183,"column":3}},"54":{"start":{"line":178,"column":2},"end":{"line":182,"column":3}},"55":{"start":{"line":179,"column":6},"end":{"line":179,"column":50}},"56":{"start":{"line":181,"column":6},"end":{"line":181,"column":61}},"57":{"start":{"line":191,"column":0},"end":{"line":193,"column":3}},"58":{"start":{"line":192,"column":4},"end":{"line":192,"column":48}},"59":{"start":{"line":195,"column":13},"end":{"line":195,"column":15}},"60":{"start":{"line":198,"column":24},"end":{"line":203,"column":1}},"61":{"start":{"line":199,"column":23},"end":{"line":199,"column":70}},"62":{"start":{"line":199,"column":44},"end":{"line":199,"column":69}},"63":{"start":{"line":200,"column":4},"end":{"line":202,"column":6}},"64":{"start":{"line":201,"column":8},"end":{"line":201,"column":78}},"65":{"start":{"line":201,"column":41},"end":{"line":201,"column":77}},"66":{"start":{"line":206,"column":0},"end":{"line":225,"column":3}},"67":{"start":{"line":208,"column":83},"end":{"line":208,"column":91}},"68":{"start":{"line":209,"column":4},"end":{"line":211,"column":5}},"69":{"start":{"line":210,"column":6},"end":{"line":210,"column":78}},"70":{"start":{"line":212,"column":21},"end":{"line":222,"column":5}},"71":{"start":{"line":223,"column":4},"end":{"line":223,"column":26}},"72":{"start":{"line":224,"column":4},"end":{"line":224,"column":35}},"73":{"start":{"line":228,"column":0},"end":{"line":231,"column":3}},"74":{"start":{"line":230,"column":4},"end":{"line":230,"column":21}},"75":{"start":{"line":233,"column":0},"end":{"line":249,"column":3}},"76":{"start":{"line":234,"column":20},"end":{"line":234,"column":47}},"77":{"start":{"line":237,"column":23},"end":{"line":237,"column":70}},"78":{"start":{"line":237,"column":49},"end":{"line":237,"column":69}},"79":{"start":{"line":239,"column":4},"end":{"line":241,"column":5}},"80":{"start":{"line":240,"column":6},"end":{"line":240,"column":67}},"81":{"start":{"line":243,"column":4},"end":{"line":243,"column":33}},"82":{"start":{"line":248,"column":4},"end":{"line":248,"column":69}},"83":{"start":{"line":252,"column":0},"end":{"line":255,"column":3}},"84":{"start":{"line":253,"column":23},"end":{"line":253,"column":70}},"85":{"start":{"line":253,"column":44},"end":{"line":253,"column":69}},"86":{"start":{"line":254,"column":4},"end":{"line":254,"column":25}},"87":{"start":{"line":258,"column":0},"end":{"line":268,"column":3}},"88":{"start":{"line":259,"column":20},"end":{"line":259,"column":52}},"89":{"start":{"line":260,"column":18},"end":{"line":260,"column":54}},"90":{"start":{"line":260,"column":37},"end":{"line":260,"column":53}},"91":{"start":{"line":262,"column":4},"end":{"line":264,"column":5}},"92":{"start":{"line":263,"column":8},"end":{"line":263,"column":69}},"93":{"start":{"line":266,"column":30},"end":{"line":266,"column":52}},"94":{"start":{"line":267,"column":4},"end":{"line":267,"column":32}},"95":{"start":{"line":272,"column":0},"end":{"line":280,"column":3}},"96":{"start":{"line":273,"column":15},"end":{"line":273,"column":72}},"97":{"start":{"line":273,"column":36},"end":{"line":273,"column":71}},"98":{"start":{"line":274,"column":2},"end":{"line":279,"column":3}},"99":{"start":{"line":275,"column":4},"end":{"line":275,"column":19}},"100":{"start":{"line":283,"column":0},"end":{"line":333,"column":3}},"101":{"start":{"line":296,"column":6},"end":{"line":296,"column":14}},"102":{"start":{"line":298,"column":15},"end":{"line":298,"column":55}},"103":{"start":{"line":298,"column":36},"end":{"line":298,"column":54}},"104":{"start":{"line":306,"column":2},"end":{"line":306,"column":68}},"105":{"start":{"line":307,"column":2},"end":{"line":307,"column":68}},"106":{"start":{"line":308,"column":2},"end":{"line":308,"column":74}},"107":{"start":{"line":309,"column":2},"end":{"line":309,"column":58}},"108":{"start":{"line":310,"column":2},"end":{"line":310,"column":62}},"109":{"start":{"line":311,"column":2},"end":{"line":311,"column":62}},"110":{"start":{"line":312,"column":2},"end":{"line":312,"column":66}},"111":{"start":{"line":313,"column":2},"end":{"line":313,"column":86}},"112":{"start":{"line":314,"column":2},"end":{"line":314,"column":90}},"113":{"start":{"line":317,"column":2},"end":{"line":330,"column":4}},"114":{"start":{"line":332,"column":2},"end":{"line":332,"column":82}},"115":{"start":{"line":337,"column":0},"end":{"line":374,"column":3}},"116":{"start":{"line":338,"column":17},"end":{"line":338,"column":40}},"117":{"start":{"line":341,"column":105},"end":{"line":341,"column":113}},"118":{"start":{"line":343,"column":2},"end":{"line":343,"column":83}},"119":{"start":{"line":343,"column":17},"end":{"line":343,"column":83}},"120":{"start":{"line":344,"column":2},"end":{"line":344,"column":81}},"121":{"start":{"line":344,"column":17},"end":{"line":344,"column":81}},"122":{"start":{"line":345,"column":2},"end":{"line":345,"column":74}},"123":{"start":{"line":345,"column":13},"end":{"line":345,"column":74}},"124":{"start":{"line":346,"column":2},"end":{"line":346,"column":76}},"125":{"start":{"line":346,"column":14},"end":{"line":346,"column":76}},"126":{"start":{"line":347,"column":2},"end":{"line":347,"column":80}},"127":{"start":{"line":347,"column":16},"end":{"line":347,"column":80}},"128":{"start":{"line":348,"column":2},"end":{"line":348,"column":79}},"129":{"start":{"line":348,"column":15},"end":{"line":348,"column":79}},"130":{"start":{"line":351,"column":15},"end":{"line":351,"column":49}},"131":{"start":{"line":351,"column":33},"end":{"line":351,"column":48}},"132":{"start":{"line":353,"column":2},"end":{"line":355,"column":3}},"133":{"start":{"line":354,"column":4},"end":{"line":354,"column":63}},"134":{"start":{"line":359,"column":2},"end":{"line":371,"column":5}},"135":{"start":{"line":373,"column":2},"end":{"line":373,"column":107}},"136":{"start":{"line":377,"column":0},"end":{"line":392,"column":3}},"137":{"start":{"line":378,"column":17},"end":{"line":378,"column":40}},"138":{"start":{"line":379,"column":21},"end":{"line":379,"column":52}},"139":{"start":{"line":380,"column":15},"end":{"line":380,"column":49}},"140":{"start":{"line":380,"column":33},"end":{"line":380,"column":48}},"141":{"start":{"line":382,"column":2},"end":{"line":384,"column":3}},"142":{"start":{"line":383,"column":6},"end":{"line":383,"column":65}},"143":{"start":{"line":386,"column":2},"end":{"line":388,"column":3}},"144":{"start":{"line":387,"column":6},"end":{"line":387,"column":70}},"145":{"start":{"line":390,"column":2},"end":{"line":390,"column":46}},"146":{"start":{"line":391,"column":2},"end":{"line":391,"column":105}},"147":{"start":{"line":394,"column":0},"end":{"line":399,"column":3}},"148":{"start":{"line":395,"column":2},"end":{"line":397,"column":3}},"149":{"start":{"line":396,"column":4},"end":{"line":396,"column":64}},"150":{"start":{"line":398,"column":2},"end":{"line":398,"column":39}},"151":{"start":{"line":407,"column":0},"end":{"line":407,"column":40}}},"fnMap":{"0":{"name":"(anonymous_0)","decl":{"start":{"line":70,"column":22},"end":{"line":70,"column":23}},"loc":{"start":{"line":70,"column":34},"end":{"line":77,"column":1}},"line":70},"1":{"name":"(anonymous_1)","decl":{"start":{"line":84,"column":20},"end":{"line":84,"column":21}},"loc":{"start":{"line":84,"column":40},"end":{"line":89,"column":1}},"line":84},"2":{"name":"(anonymous_2)","decl":{"start":{"line":93,"column":26},"end":{"line":93,"column":27}},"loc":{"start":{"line":93,"column":46},"end":{"line":107,"column":1}},"line":93},"3":{"name":"(anonymous_3)","decl":{"start":{"line":96,"column":23},"end":{"line":96,"column":24}},"loc":{"start":{"line":96,"column":31},"end":{"line":96,"column":51}},"line":96},"4":{"name":"(anonymous_4)","decl":{"start":{"line":109,"column":23},"end":{"line":109,"column":24}},"loc":{"start":{"line":109,"column":43},"end":{"line":153,"column":1}},"line":109},"5":{"name":"(anonymous_5)","decl":{"start":{"line":121,"column":26},"end":{"line":121,"column":27}},"loc":{"start":{"line":121,"column":33},"end":{"line":121,"column":50}},"line":121},"6":{"name":"(anonymous_6)","decl":{"start":{"line":157,"column":24},"end":{"line":157,"column":25}},"loc":{"start":{"line":157,"column":38},"end":{"line":162,"column":1}},"line":157},"7":{"name":"(anonymous_7)","decl":{"start":{"line":164,"column":43},"end":{"line":164,"column":44}},"loc":{"start":{"line":164,"column":57},"end":{"line":175,"column":1}},"line":164},"8":{"name":"(anonymous_8)","decl":{"start":{"line":177,"column":24},"end":{"line":177,"column":25}},"loc":{"start":{"line":177,"column":38},"end":{"line":183,"column":1}},"line":177},"9":{"name":"(anonymous_9)","decl":{"start":{"line":191,"column":21},"end":{"line":191,"column":22}},"loc":{"start":{"line":191,"column":35},"end":{"line":193,"column":1}},"line":191},"10":{"name":"(anonymous_10)","decl":{"start":{"line":198,"column":24},"end":{"line":198,"column":25}},"loc":{"start":{"line":198,"column":35},"end":{"line":203,"column":1}},"line":198},"11":{"name":"(anonymous_11)","decl":{"start":{"line":199,"column":36},"end":{"line":199,"column":37}},"loc":{"start":{"line":199,"column":44},"end":{"line":199,"column":69}},"line":199},"12":{"name":"(anonymous_12)","decl":{"start":{"line":200,"column":29},"end":{"line":200,"column":30}},"loc":{"start":{"line":201,"column":8},"end":{"line":201,"column":78}},"line":201},"13":{"name":"(anonymous_13)","decl":{"start":{"line":201,"column":30},"end":{"line":201,"column":31}},"loc":{"start":{"line":201,"column":41},"end":{"line":201,"column":77}},"line":201},"14":{"name":"(anonymous_14)","decl":{"start":{"line":206,"column":24},"end":{"line":206,"column":25}},"loc":{"start":{"line":206,"column":38},"end":{"line":225,"column":1}},"line":206},"15":{"name":"(anonymous_15)","decl":{"start":{"line":228,"column":23},"end":{"line":228,"column":24}},"loc":{"start":{"line":228,"column":37},"end":{"line":231,"column":1}},"line":228},"16":{"name":"(anonymous_16)","decl":{"start":{"line":233,"column":30},"end":{"line":233,"column":31}},"loc":{"start":{"line":233,"column":44},"end":{"line":249,"column":1}},"line":233},"17":{"name":"(anonymous_17)","decl":{"start":{"line":237,"column":40},"end":{"line":237,"column":41}},"loc":{"start":{"line":237,"column":49},"end":{"line":237,"column":69}},"line":237},"18":{"name":"(anonymous_18)","decl":{"start":{"line":252,"column":27},"end":{"line":252,"column":28}},"loc":{"start":{"line":252,"column":41},"end":{"line":255,"column":1}},"line":252},"19":{"name":"(anonymous_19)","decl":{"start":{"line":253,"column":36},"end":{"line":253,"column":37}},"loc":{"start":{"line":253,"column":44},"end":{"line":253,"column":69}},"line":253},"20":{"name":"(anonymous_20)","decl":{"start":{"line":258,"column":50},"end":{"line":258,"column":51}},"loc":{"start":{"line":258,"column":64},"end":{"line":268,"column":1}},"line":258},"21":{"name":"(anonymous_21)","decl":{"start":{"line":260,"column":30},"end":{"line":260,"column":31}},"loc":{"start":{"line":260,"column":37},"end":{"line":260,"column":53}},"line":260},"22":{"name":"(anonymous_22)","decl":{"start":{"line":272,"column":28},"end":{"line":272,"column":29}},"loc":{"start":{"line":272,"column":42},"end":{"line":280,"column":1}},"line":272},"23":{"name":"(anonymous_23)","decl":{"start":{"line":273,"column":26},"end":{"line":273,"column":27}},"loc":{"start":{"line":273,"column":36},"end":{"line":273,"column":71}},"line":273},"24":{"name":"(anonymous_24)","decl":{"start":{"line":283,"column":37},"end":{"line":283,"column":38}},"loc":{"start":{"line":283,"column":51},"end":{"line":333,"column":1}},"line":283},"25":{"name":"(anonymous_25)","decl":{"start":{"line":298,"column":26},"end":{"line":298,"column":27}},"loc":{"start":{"line":298,"column":36},"end":{"line":298,"column":54}},"line":298},"26":{"name":"(anonymous_26)","decl":{"start":{"line":337,"column":39},"end":{"line":337,"column":40}},"loc":{"start":{"line":337,"column":53},"end":{"line":374,"column":1}},"line":337},"27":{"name":"(anonymous_27)","decl":{"start":{"line":351,"column":26},"end":{"line":351,"column":27}},"loc":{"start":{"line":351,"column":33},"end":{"line":351,"column":48}},"line":351},"28":{"name":"(anonymous_28)","decl":{"start":{"line":377,"column":53},"end":{"line":377,"column":54}},"loc":{"start":{"line":377,"column":67},"end":{"line":392,"column":1}},"line":377},"29":{"name":"(anonymous_29)","decl":{"start":{"line":380,"column":26},"end":{"line":380,"column":27}},"loc":{"start":{"line":380,"column":33},"end":{"line":380,"column":48}},"line":380},"30":{"name":"(anonymous_30)","decl":{"start":{"line":394,"column":27},"end":{"line":394,"column":28}},"loc":{"start":{"line":394,"column":41},"end":{"line":399,"column":1}},"line":394}},"branchMap":{"0":{"loc":{"start":{"line":17,"column":12},"end":{"line":17,"column":60}},"type":"binary-expr","locations":[{"start":{"line":17,"column":12},"end":{"line":17,"column":38}},{"start":{"line":17,"column":42},"end":{"line":17,"column":60}}],"line":17},"1":{"loc":{"start":{"line":72,"column":6},"end":{"line":75,"column":7}},"type":"if","locations":[{"start":{"line":72,"column":6},"end":{"line":75,"column":7}},{"start":{},"end":{}}],"line":72},"2":{"loc":{"start":{"line":85,"column":2},"end":{"line":87,"column":3}},"type":"if","locations":[{"start":{"line":85,"column":2},"end":{"line":87,"column":3}},{"start":{},"end":{}}],"line":85},"3":{"loc":{"start":{"line":85,"column":6},"end":{"line":85,"column":39}},"type":"binary-expr","locations":[{"start":{"line":85,"column":6},"end":{"line":85,"column":18}},{"start":{"line":85,"column":22},"end":{"line":85,"column":39}}],"line":85},"4":{"loc":{"start":{"line":95,"column":43},"end":{"line":95,"column":61}},"type":"default-arg","locations":[{"start":{"line":95,"column":50},"end":{"line":95,"column":61}}],"line":95},"5":{"loc":{"start":{"line":95,"column":63},"end":{"line":95,"column":74}},"type":"default-arg","locations":[{"start":{"line":95,"column":72},"end":{"line":95,"column":74}}],"line":95},"6":{"loc":{"start":{"line":96,"column":8},"end":{"line":96,"column":120}},"type":"if","locations":[{"start":{"line":96,"column":8},"end":{"line":96,"column":120}},{"start":{},"end":{}}],"line":96},"7":{"loc":{"start":{"line":113,"column":2},"end":{"line":115,"column":3}},"type":"if","locations":[{"start":{"line":113,"column":2},"end":{"line":115,"column":3}},{"start":{},"end":{}}],"line":113},"8":{"loc":{"start":{"line":117,"column":2},"end":{"line":119,"column":3}},"type":"if","locations":[{"start":{"line":117,"column":2},"end":{"line":119,"column":3}},{"start":{},"end":{}}],"line":117},"9":{"loc":{"start":{"line":127,"column":4},"end":{"line":129,"column":5}},"type":"if","locations":[{"start":{"line":127,"column":4},"end":{"line":129,"column":5}},{"start":{},"end":{}}],"line":127},"10":{"loc":{"start":{"line":142,"column":14},"end":{"line":142,"column":31}},"type":"binary-expr","locations":[{"start":{"line":142,"column":14},"end":{"line":142,"column":25}},{"start":{"line":142,"column":29},"end":{"line":142,"column":31}}],"line":142},"11":{"loc":{"start":{"line":143,"column":24},"end":{"line":143,"column":51}},"type":"binary-expr","locations":[{"start":{"line":143,"column":24},"end":{"line":143,"column":45}},{"start":{"line":143,"column":49},"end":{"line":143,"column":51}}],"line":143},"12":{"loc":{"start":{"line":144,"column":21},"end":{"line":144,"column":45}},"type":"binary-expr","locations":[{"start":{"line":144,"column":21},"end":{"line":144,"column":39}},{"start":{"line":144,"column":43},"end":{"line":144,"column":45}}],"line":144},"13":{"loc":{"start":{"line":166,"column":2},"end":{"line":168,"column":3}},"type":"if","locations":[{"start":{"line":166,"column":2},"end":{"line":168,"column":3}},{"start":{},"end":{}}],"line":166},"14":{"loc":{"start":{"line":178,"column":2},"end":{"line":182,"column":3}},"type":"if","locations":[{"start":{"line":178,"column":2},"end":{"line":182,"column":3}},{"start":{"line":180,"column":9},"end":{"line":182,"column":3}}],"line":178},"15":{"loc":{"start":{"line":209,"column":4},"end":{"line":211,"column":5}},"type":"if","locations":[{"start":{"line":209,"column":4},"end":{"line":211,"column":5}},{"start":{},"end":{}}],"line":209},"16":{"loc":{"start":{"line":209,"column":8},"end":{"line":209,"column":93}},"type":"binary-expr","locations":[{"start":{"line":209,"column":8},"end":{"line":209,"column":13}},{"start":{"line":209,"column":17},"end":{"line":209,"column":26}},{"start":{"line":209,"column":30},"end":{"line":209,"column":36}},{"start":{"line":209,"column":40},"end":{"line":209,"column":55}},{"start":{"line":209,"column":59},"end":{"line":209,"column":72}},{"start":{"line":209,"column":76},"end":{"line":209,"column":81}},{"start":{"line":209,"column":85},"end":{"line":209,"column":93}}],"line":209},"17":{"loc":{"start":{"line":239,"column":4},"end":{"line":241,"column":5}},"type":"if","locations":[{"start":{"line":239,"column":4},"end":{"line":241,"column":5}},{"start":{},"end":{}}],"line":239},"18":{"loc":{"start":{"line":262,"column":4},"end":{"line":264,"column":5}},"type":"if","locations":[{"start":{"line":262,"column":4},"end":{"line":264,"column":5}},{"start":{},"end":{}}],"line":262},"19":{"loc":{"start":{"line":274,"column":2},"end":{"line":279,"column":3}},"type":"if","locations":[{"start":{"line":274,"column":2},"end":{"line":279,"column":3}},{"start":{"line":276,"column":9},"end":{"line":279,"column":3}}],"line":274},"20":{"loc":{"start":{"line":306,"column":18},"end":{"line":306,"column":67}},"type":"cond-expr","locations":[{"start":{"line":306,"column":43},"end":{"line":306,"column":51}},{"start":{"line":306,"column":54},"end":{"line":306,"column":67}}],"line":306},"21":{"loc":{"start":{"line":307,"column":18},"end":{"line":307,"column":67}},"type":"cond-expr","locations":[{"start":{"line":307,"column":43},"end":{"line":307,"column":51}},{"start":{"line":307,"column":54},"end":{"line":307,"column":67}}],"line":307},"22":{"loc":{"start":{"line":308,"column":18},"end":{"line":308,"column":73}},"type":"cond-expr","locations":[{"start":{"line":308,"column":43},"end":{"line":308,"column":51}},{"start":{"line":308,"column":54},"end":{"line":308,"column":73}}],"line":308},"23":{"loc":{"start":{"line":308,"column":54},"end":{"line":308,"column":73}},"type":"binary-expr","locations":[{"start":{"line":308,"column":54},"end":{"line":308,"column":67}},{"start":{"line":308,"column":71},"end":{"line":308,"column":73}}],"line":308},"24":{"loc":{"start":{"line":309,"column":14},"end":{"line":309,"column":57}},"type":"cond-expr","locations":[{"start":{"line":309,"column":35},"end":{"line":309,"column":39}},{"start":{"line":309,"column":42},"end":{"line":309,"column":57}}],"line":309},"25":{"loc":{"start":{"line":309,"column":42},"end":{"line":309,"column":57}},"type":"binary-expr","locations":[{"start":{"line":309,"column":42},"end":{"line":309,"column":51}},{"start":{"line":309,"column":55},"end":{"line":309,"column":57}}],"line":309},"26":{"loc":{"start":{"line":310,"column":15},"end":{"line":310,"column":61}},"type":"cond-expr","locations":[{"start":{"line":310,"column":37},"end":{"line":310,"column":42}},{"start":{"line":310,"column":45},"end":{"line":310,"column":61}}],"line":310},"27":{"loc":{"start":{"line":310,"column":45},"end":{"line":310,"column":61}},"type":"binary-expr","locations":[{"start":{"line":310,"column":45},"end":{"line":310,"column":55}},{"start":{"line":310,"column":59},"end":{"line":310,"column":61}}],"line":310},"28":{"loc":{"start":{"line":311,"column":13},"end":{"line":311,"column":61}},"type":"cond-expr","locations":[{"start":{"line":311,"column":37},"end":{"line":311,"column":44}},{"start":{"line":311,"column":47},"end":{"line":311,"column":61}}],"line":311},"29":{"loc":{"start":{"line":311,"column":47},"end":{"line":311,"column":61}},"type":"binary-expr","locations":[{"start":{"line":311,"column":47},"end":{"line":311,"column":55}},{"start":{"line":311,"column":59},"end":{"line":311,"column":61}}],"line":311},"30":{"loc":{"start":{"line":312,"column":16},"end":{"line":312,"column":65}},"type":"cond-expr","locations":[{"start":{"line":312,"column":39},"end":{"line":312,"column":45}},{"start":{"line":312,"column":48},"end":{"line":312,"column":65}}],"line":312},"31":{"loc":{"start":{"line":312,"column":48},"end":{"line":312,"column":65}},"type":"binary-expr","locations":[{"start":{"line":312,"column":48},"end":{"line":312,"column":59}},{"start":{"line":312,"column":63},"end":{"line":312,"column":65}}],"line":312},"32":{"loc":{"start":{"line":313,"column":21},"end":{"line":313,"column":85}},"type":"cond-expr","locations":[{"start":{"line":313,"column":49},"end":{"line":313,"column":60}},{"start":{"line":313,"column":63},"end":{"line":313,"column":85}}],"line":313},"33":{"loc":{"start":{"line":313,"column":63},"end":{"line":313,"column":85}},"type":"binary-expr","locations":[{"start":{"line":313,"column":63},"end":{"line":313,"column":79}},{"start":{"line":313,"column":83},"end":{"line":313,"column":85}}],"line":313},"34":{"loc":{"start":{"line":314,"column":22},"end":{"line":314,"column":89}},"type":"cond-expr","locations":[{"start":{"line":314,"column":51},"end":{"line":314,"column":63}},{"start":{"line":314,"column":66},"end":{"line":314,"column":89}}],"line":314},"35":{"loc":{"start":{"line":314,"column":66},"end":{"line":314,"column":89}},"type":"binary-expr","locations":[{"start":{"line":314,"column":66},"end":{"line":314,"column":83}},{"start":{"line":314,"column":87},"end":{"line":314,"column":89}}],"line":314},"36":{"loc":{"start":{"line":327,"column":12},"end":{"line":327,"column":29}},"type":"binary-expr","locations":[{"start":{"line":327,"column":12},"end":{"line":327,"column":23}},{"start":{"line":327,"column":27},"end":{"line":327,"column":29}}],"line":327},"37":{"loc":{"start":{"line":328,"column":22},"end":{"line":328,"column":49}},"type":"binary-expr","locations":[{"start":{"line":328,"column":22},"end":{"line":328,"column":43}},{"start":{"line":328,"column":47},"end":{"line":328,"column":49}}],"line":328},"38":{"loc":{"start":{"line":329,"column":19},"end":{"line":329,"column":43}},"type":"binary-expr","locations":[{"start":{"line":329,"column":19},"end":{"line":329,"column":37}},{"start":{"line":329,"column":41},"end":{"line":329,"column":43}}],"line":329},"39":{"loc":{"start":{"line":343,"column":2},"end":{"line":343,"column":83}},"type":"if","locations":[{"start":{"line":343,"column":2},"end":{"line":343,"column":83}},{"start":{},"end":{}}],"line":343},"40":{"loc":{"start":{"line":344,"column":2},"end":{"line":344,"column":81}},"type":"if","locations":[{"start":{"line":344,"column":2},"end":{"line":344,"column":81}},{"start":{},"end":{}}],"line":344},"41":{"loc":{"start":{"line":345,"column":2},"end":{"line":345,"column":74}},"type":"if","locations":[{"start":{"line":345,"column":2},"end":{"line":345,"column":74}},{"start":{},"end":{}}],"line":345},"42":{"loc":{"start":{"line":346,"column":2},"end":{"line":346,"column":76}},"type":"if","locations":[{"start":{"line":346,"column":2},"end":{"line":346,"column":76}},{"start":{},"end":{}}],"line":346},"43":{"loc":{"start":{"line":347,"column":2},"end":{"line":347,"column":80}},"type":"if","locations":[{"start":{"line":347,"column":2},"end":{"line":347,"column":80}},{"start":{},"end":{}}],"line":347},"44":{"loc":{"start":{"line":348,"column":2},"end":{"line":348,"column":79}},"type":"if","locations":[{"start":{"line":348,"column":2},"end":{"line":348,"column":79}},{"start":{},"end":{}}],"line":348},"45":{"loc":{"start":{"line":353,"column":2},"end":{"line":355,"column":3}},"type":"if","locations":[{"start":{"line":353,"column":2},"end":{"line":355,"column":3}},{"start":{},"end":{}}],"line":353},"46":{"loc":{"start":{"line":382,"column":2},"end":{"line":384,"column":3}},"type":"if","locations":[{"start":{"line":382,"column":2},"end":{"line":384,"column":3}},{"start":{},"end":{}}],"line":382},"47":{"loc":{"start":{"line":386,"column":2},"end":{"line":388,"column":3}},"type":"if","locations":[{"start":{"line":386,"column":2},"end":{"line":388,"column":3}},{"start":{},"end":{}}],"line":386},"48":{"loc":{"start":{"line":386,"column":6},"end":{"line":386,"column":92}},"type":"binary-expr","locations":[{"start":{"line":386,"column":6},"end":{"line":386,"column":28}},{"start":{"line":386,"column":32},"end":{"line":386,"column":46}},{"start":{"line":386,"column":50},"end":{"line":386,"column":92}}],"line":386},"49":{"loc":{"start":{"line":395,"column":2},"end":{"line":397,"column":3}},"type":"if","locations":[{"start":{"line":395,"column":2},"end":{"line":397,"column":3}},{"start":{},"end":{}}],"line":395}},"s":{"0":1,"1":1,"2":1,"3":1,"4":1,"5":1,"6":1,"7":1,"8":1,"9":1,"10":1,"11":1,"12":1,"13":4,"14":4,"15":3,"16":1,"17":1,"18":1,"19":0,"20":1,"21":1,"22":1,"23":1,"24":1,"25":5,"26":0,"27":1,"28":1,"29":1,"30":1,"31":1,"32":1,"33":1,"34":0,"35":1,"36":0,"37":1,"38":5,"39":1,"40":1,"41":1,"42":0,"43":1,"44":1,"45":1,"46":0,"47":0,"48":1,"49":0,"50":0,"51":0,"52":0,"53":1,"54":1,"55":1,"56":0,"57":1,"58":0,"59":1,"60":1,"61":0,"62":0,"63":0,"64":0,"65":0,"66":1,"67":2,"68":2,"69":0,"70":2,"71":2,"72":2,"73":1,"74":1,"75":1,"76":1,"77":1,"78":2,"79":1,"80":0,"81":1,"82":1,"83":1,"84":0,"85":0,"86":0,"87":1,"88":0,"89":0,"90":0,"91":0,"92":0,"93":0,"94":0,"95":1,"96":0,"97":0,"98":0,"99":0,"100":1,"101":1,"102":1,"103":5,"104":1,"105":1,"106":1,"107":1,"108":1,"109":1,"110":1,"111":1,"112":1,"113":1,"114":1,"115":1,"116":0,"117":0,"118":0,"119":0,"120":0,"121":0,"122":0,"123":0,"124":0,"125":0,"126":0,"127":0,"128":0,"129":0,"130":0,"131":0,"132":0,"133":0,"134":0,"135":0,"136":1,"137":0,"138":0,"139":0,"140":0,"141":0,"142":0,"143":0,"144":0,"145":0,"146":0,"147":1,"148":0,"149":0,"150":0,"151":1},"f":{"0":1,"1":1,"2":1,"3":5,"4":1,"5":5,"6":0,"7":0,"8":1,"9":0,"10":0,"11":0,"12":0,"13":0,"14":2,"15":1,"16":1,"17":2,"18":0,"19":0,"20":0,"21":0,"22":0,"23":0,"24":1,"25":5,"26":0,"27":0,"28":0,"29":0,"30":0},"b":{"0":[1,1],"1":[4,0],"2":[0,1],"3":[1,1],"4":[0],"5":[1],"6":[0,1],"7":[0,1],"8":[0,1],"9":[0,1],"10":[1,1],"11":[1,1],"12":[1,1],"13":[0,0],"14":[1,0],"15":[0,2],"16":[2,2,2,2,2,2,2],"17":[0,1],"18":[0,0],"19":[0,0],"20":[1,0],"21":[1,0],"22":[0,1],"23":[1,1],"24":[1,0],"25":[0,0],"26":[1,0],"27":[0,0],"28":[1,0],"29":[0,0],"30":[1,0],"31":[0,0],"32":[0,1],"33":[1,1],"34":[0,1],"35":[1,1],"36":[1,0],"37":[1,1],"38":[1,1],"39":[0,0],"40":[0,0],"41":[0,0],"42":[0,0],"43":[0,0],"44":[0,0],"45":[0,0],"46":[0,0],"47":[0,0],"48":[0,0,0],"49":[0,0]},"_coverageSchema":"1a1c01bbd47fc00a2c39e90264f33305004495a9","hash":"f47f9283e507e51da8decb67be6842ba05d32b40"}
}
