TN:
SF:backend/server.js
FN:70,(anonymous_0)
FN:84,(anonymous_1)
FN:93,(anonymous_2)
FN:96,(anonymous_3)
FN:109,(anonymous_4)
FN:121,(anonymous_5)
FN:157,(anonymous_6)
FN:164,(anonymous_7)
FN:177,(anonymous_8)
FN:191,(anonymous_9)
FN:198,(anonymous_10)
FN:199,(anonymous_11)
FN:200,(anonymous_12)
FN:201,(anonymous_13)
FN:206,(anonymous_14)
FN:228,(anonymous_15)
FN:233,(anonymous_16)
FN:237,(anonymous_17)
FN:252,(anonymous_18)
FN:253,(anonymous_19)
FN:258,(anonymous_20)
FN:260,(anonymous_21)
FN:272,(anonymous_22)
FN:273,(anonymous_23)
FN:283,(anonymous_24)
FN:298,(anonymous_25)
FN:337,(anonymous_26)
FN:351,(anonymous_27)
FN:377,(anonymous_28)
FN:380,(anonymous_29)
FN:394,(anonymous_30)
FNF:31
FNH:13
FNDA:1,(anonymous_0)
FNDA:1,(anonymous_1)
FNDA:1,(anonymous_2)
FNDA:5,(anonymous_3)
FNDA:1,(anonymous_4)
FNDA:5,(anonymous_5)
FNDA:0,(anonymous_6)
FNDA:0,(anonymous_7)
FNDA:1,(anonymous_8)
FNDA:0,(anonymous_9)
FNDA:0,(anonymous_10)
FNDA:0,(anonymous_11)
FNDA:0,(anonymous_12)
FNDA:0,(anonymous_13)
FNDA:2,(anonymous_14)
FNDA:1,(anonymous_15)
FNDA:1,(anonymous_16)
FNDA:2,(anonymous_17)
FNDA:0,(anonymous_18)
FNDA:0,(anonymous_19)
FNDA:0,(anonymous_20)
FNDA:0,(anonymous_21)
FNDA:0,(anonymous_22)
FNDA:0,(anonymous_23)
FNDA:1,(anonymous_24)
FNDA:5,(anonymous_25)
FNDA:0,(anonymous_26)
FNDA:0,(anonymous_27)
FNDA:0,(anonymous_28)
FNDA:0,(anonymous_29)
FNDA:0,(anonymous_30)
DA:1,1
DA:2,1
DA:3,1
DA:4,1
DA:5,1
DA:7,1
DA:8,1
DA:10,1
DA:14,1
DA:15,1
DA:25,1
DA:70,1
DA:71,1
DA:72,4
DA:73,4
DA:74,3
DA:80,1
DA:84,1
DA:85,1
DA:86,0
DA:88,1
DA:93,1
DA:94,1
DA:95,1
DA:96,5
DA:97,1
DA:98,1
DA:99,1
DA:100,1
DA:109,1
DA:110,1
DA:113,1
DA:114,0
DA:117,1
DA:118,0
DA:121,5
DA:124,1
DA:125,1
DA:127,1
DA:128,0
DA:132,1
DA:147,1
DA:157,1
DA:159,0
DA:160,0
DA:164,1
DA:165,0
DA:166,0
DA:167,0
DA:169,0
DA:177,1
DA:178,1
DA:179,1
DA:181,0
DA:191,1
DA:192,0
DA:195,1
DA:198,1
DA:199,0
DA:200,0
DA:201,0
DA:206,1
DA:208,2
DA:209,2
DA:210,0
DA:212,2
DA:223,2
DA:224,2
DA:228,1
DA:230,1
DA:233,1
DA:234,1
DA:237,2
DA:239,1
DA:240,0
DA:243,1
DA:248,1
DA:252,1
DA:253,0
DA:254,0
DA:258,1
DA:259,0
DA:260,0
DA:262,0
DA:263,0
DA:266,0
DA:267,0
DA:272,1
DA:273,0
DA:274,0
DA:275,0
DA:283,1
DA:296,1
DA:298,5
DA:306,1
DA:307,1
DA:308,1
DA:309,1
DA:310,1
DA:311,1
DA:312,1
DA:313,1
DA:314,1
DA:317,1
DA:332,1
DA:337,1
DA:338,0
DA:341,0
DA:343,0
DA:344,0
DA:345,0
DA:346,0
DA:347,0
DA:348,0
DA:351,0
DA:353,0
DA:354,0
DA:359,0
DA:373,0
DA:377,1
DA:378,0
DA:379,0
DA:380,0
DA:382,0
DA:383,0
DA:386,0
DA:387,0
DA:390,0
DA:391,0
DA:394,1
DA:395,0
DA:396,0
DA:398,0
DA:407,1
LF:134
LH:81
BRDA:17,0,0,1
BRDA:17,0,1,1
BRDA:72,1,0,4
BRDA:72,1,1,0
BRDA:85,2,0,0
BRDA:85,2,1,1
BRDA:85,3,0,1
BRDA:85,3,1,1
BRDA:95,4,0,0
BRDA:95,5,0,1
BRDA:96,6,0,0
BRDA:96,6,1,1
BRDA:113,7,0,0
BRDA:113,7,1,1
BRDA:117,8,0,0
BRDA:117,8,1,1
BRDA:127,9,0,0
BRDA:127,9,1,1
BRDA:142,10,0,1
BRDA:142,10,1,1
BRDA:143,11,0,1
BRDA:143,11,1,1
BRDA:144,12,0,1
BRDA:144,12,1,1
BRDA:166,13,0,0
BRDA:166,13,1,0
BRDA:178,14,0,1
BRDA:178,14,1,0
BRDA:209,15,0,0
BRDA:209,15,1,2
BRDA:209,16,0,2
BRDA:209,16,1,2
BRDA:209,16,2,2
BRDA:209,16,3,2
BRDA:209,16,4,2
BRDA:209,16,5,2
BRDA:209,16,6,2
BRDA:239,17,0,0
BRDA:239,17,1,1
BRDA:262,18,0,0
BRDA:262,18,1,0
BRDA:274,19,0,0
BRDA:274,19,1,0
BRDA:306,20,0,1
BRDA:306,20,1,0
BRDA:307,21,0,1
BRDA:307,21,1,0
BRDA:308,22,0,0
BRDA:308,22,1,1
BRDA:308,23,0,1
BRDA:308,23,1,1
BRDA:309,24,0,1
BRDA:309,24,1,0
BRDA:309,25,0,0
BRDA:309,25,1,0
BRDA:310,26,0,1
BRDA:310,26,1,0
BRDA:310,27,0,0
BRDA:310,27,1,0
BRDA:311,28,0,1
BRDA:311,28,1,0
BRDA:311,29,0,0
BRDA:311,29,1,0
BRDA:312,30,0,1
BRDA:312,30,1,0
BRDA:312,31,0,0
BRDA:312,31,1,0
BRDA:313,32,0,0
BRDA:313,32,1,1
BRDA:313,33,0,1
BRDA:313,33,1,1
BRDA:314,34,0,0
BRDA:314,34,1,1
BRDA:314,35,0,1
BRDA:314,35,1,1
BRDA:327,36,0,1
BRDA:327,36,1,0
BRDA:328,37,0,1
BRDA:328,37,1,1
BRDA:329,38,0,1
BRDA:329,38,1,1
BRDA:343,39,0,0
BRDA:343,39,1,0
BRDA:344,40,0,0
BRDA:344,40,1,0
BRDA:345,41,0,0
BRDA:345,41,1,0
BRDA:346,42,0,0
BRDA:346,42,1,0
BRDA:347,43,0,0
BRDA:347,43,1,0
BRDA:348,44,0,0
BRDA:348,44,1,0
BRDA:353,45,0,0
BRDA:353,45,1,0
BRDA:382,46,0,0
BRDA:382,46,1,0
BRDA:386,47,0,0
BRDA:386,47,1,0
BRDA:386,48,0,0
BRDA:386,48,1,0
BRDA:386,48,2,0
BRDA:395,49,0,0
BRDA:395,49,1,0
BRF:104
BRH:47
end_of_record
